[07:57:16] -- rivershang JOIN #gzlug
[08:01:14] -- rivershang PART #gzlug
[11:19:35] -- LastAvengers JOIN #gzlug
[12:09:48] -- f00x JOIN #gzlug
[12:09:49] -- f00x_ JOIN #gzlug
[12:09:55] -- f00x QUIT
[12:10:38] -- f00x_ QUIT
[13:13:08] -- f00x JOIN #gzlug
[13:14:39] -- f00x QUIT
[13:17:17] -- LastAvengers QUIT
[14:17:40] teleboto: John Smith joined chat
[16:37:14] -- SteamedFish JOIN #gzlug
[17:03:53] teleboto: SoloCompany  joined chat
[18:31:11] -- LastAvengers JOIN #gzlug
[19:19:15] -- LastAvengers QUIT
[20:16:41] teleboto: [å†°é›ªèªæ˜ç³ä¹‹é£] æ­£åœ¨å®éªŒç”¨ RPI2 åš FM ç”µå°
[21:35:51] -- LastAvengers JOIN #gzlug
[22:44:35] -- SteamedFish QUIT
[23:25:27] -- jactry_ JOIN #gzlug
[23:28:18] -- jactry QUIT
[23:45:49] -- LastAvengers QUIT
