[00:23:42] -- citypw JOIN #gzlug
[02:11:24] -- citypw JOIN #gzlug
[03:25:04] -- citypw JOIN #gzlug
[03:42:11] -- citypw JOIN #gzlug
[03:59:48] -- citypw JOIN #gzlug
[09:15:20] -- huntxu JOIN #gzlug
[11:46:49] -- Shirasaka-Hazumi JOIN #gzlug
[11:49:40] -- SteamedFish JOIN #gzlug
[11:58:14] -- LastAvengers JOIN #gzlug
[12:00:12] -- huntxu JOIN #gzlug
[12:59:20] teleboto: [tg-207411881] è¿™ä¸ªå‘¨æœ«èšä¼šå¤§å®¶æœ‰ä»€ä¹ˆæ„è§å—ï¼Ÿ
[13:04:23] teleboto: [amankwah] å‘¨æ—¥å·®ä¸å¤š
[13:07:07] teleboto: [cicada] å‘¨æ—¥å¯ä»¥
[13:08:30] -- citypw JOIN #gzlug
[13:35:26] -- citypw JOIN #gzlug
[13:36:25] -- andyhuzhill JOIN #gzlug
[14:22:31] -- LastAvengers__ JOIN #gzlug
[15:03:21] -- LastAvengers JOIN #gzlug
[19:01:11] -- jac_pr JOIN #gzlug
[20:09:41] -- LastAvengers JOIN #gzlug
[21:21:47] -- LastAvengers JOIN #gzlug
[22:05:06] -- huntxu JOIN #gzlug
[22:57:03] -- huntxu JOIN #gzlug
[23:15:17] -- huntxu JOIN #gzlug
[23:24:17] -- jac_pr PART #gzlug
[23:44:09] -- huntxu JOIN #gzlug
