[00:18:35] -- LastAvengers QUIT
[00:19:12] -- LastAvengers JOIN #gzlug
[00:30:39] -- LastAvengers QUIT
[00:31:50] -- citypw QUIT
[08:49:42] -- rivershang JOIN #gzlug
[09:29:24] -- LastAvengers JOIN #gzlug
[09:41:12] -- huntxu JOIN #gzlug
[11:18:28] -- LastAvengers QUIT
[11:20:18] -- citypw JOIN #gzlug
[11:20:22] -- citypw QUIT
[11:20:56] -- citypw JOIN #gzlug
[11:22:26] -- LastAvengers JOIN #gzlug
[11:27:42] -- LastAvengers QUIT
[11:29:37] -- LastAvengers JOIN #gzlug
[13:53:55] -- citypw QUIT
[14:00:36] -- citypw JOIN #gzlug
[14:31:33] -- LastAvengers QUIT
[14:44:03] -- citypw QUIT
[14:59:09] -- citypw JOIN #gzlug
[15:17:54] -- LastAvengers JOIN #gzlug
[16:43:50] -- rivershang QUIT
[16:58:42] -- rivershang JOIN #gzlug
[17:29:07] -- rivershang QUIT
[18:15:25] -- citypw QUIT
[20:21:39] -- huntxu QUIT
[21:12:40] -- LastAvengers QUIT
[21:39:06] -- LastAvengers JOIN #gzlug
