[00:32:13] -- farseerfc JOIN #gzlug
[10:20:37] -- huntxu JOIN #gzlug
[10:37:48] -- SteamedFish JOIN #gzlug
[11:37:35] -- SteamedFish JOIN #gzlug
[12:34:27] -- jactry JOIN #gzlug
[12:39:29] -- Shirasaka-Hazumi JOIN #gzlug
[13:55:19] -- jactry JOIN #gzlug
[15:32:24] -- SilverRain JOIN #gzlug
[15:43:27] -- SteamedFish JOIN #gzlug
[16:34:07] -- SteamedFish JOIN #gzlug
[17:19:30] -- farseerfc JOIN #gzlug
[19:14:04] -- jactry JOIN #gzlug
[21:02:13] -- tpu01yzx JOIN #gzlug
[21:02:33] tpu01yzx: 呵呵，这个和微信群打通了吗？
[21:03:01] tpu01yzx: 有Q群吗？
[21:03:24] tpu01yzx: maillist互通了吗？
[21:20:27] tg2gzlug: [Bash Horatio] ……
[21:21:01] tg2gzlug: [Bash Horatio] 疼训怎么可能让你通
[21:22:13] tg2gzlug: [farseerfc] 隔壁史蒂夫做了個互通機器人，目前斷斷續續用自己的號在跑……
[21:22:39] tg2gzlug: [Bash Horatio] 一般情况下tg和irc通了就够。mail list以主题划分，没必要和im互通
[21:23:24] tg2gzlug: [Bash Horatio] farseerfc: 生命在于折腾啊，给勇敢的人以赞歌
[21:25:06] tg2gzlug: [还魂僵尸] Sticker: https://img.vim-cn.com/7f/fcdeef6331eb6f1944f6ae5c97240ded5c1ab0.webp
[21:25:11] tg2gzlug: [还魂僵尸] 生命在于折腾
