[01:01:19] -- huawei JOIN #gzlug
[07:41:33] tg2gzlug: [River Shang] 还以为logo改成了红底的GG🤔连上来才发现没变☺️
[08:20:57] tg2gzlug: [还魂僵尸] 哪里的logo改红底了？
[08:37:29] -- huntxu JOIN #gzlug
[08:57:07] tg2gzlug: [farseerfc] 是說 tg 的圖標沒有刷出來吧
[09:06:06] tg2gzlug: [Bash Horatio] Yom: 你也进来了😁
[10:22:40] tg2gzlug: [River Shang] 还魂僵尸: 以为我们所在的这个group😂
[10:27:12] tg2gzlug: [River Shang] farseerfc: 是的😂早上收到推送消息，点进来发现怎么logo变成红底的两个大GG了~科学上网之后就刷回来了。最近很奇怪，直连的话会收到推送的消息，图片呀、声音呀什么的都不会出来或显示在缓存中。但群的logo不会像今天看的这样“会变”😮
[10:31:02] tg2gzlug: [farseerfc] tg中心分佈式負責不均衡服務器是玄學
[10:45:09] -- jactry JOIN #gzlug
[10:47:46] tg2gzlug: [还魂僵尸] 😅
[10:51:58] tg2gzlug: [River Shang] 😆
[10:59:10] tg2gzlug: [知了2.0] 所以，还是翻墙上telegram吧！
[11:10:54] tg2gzlug: [everyx] 谷歌招聘软件工程师
[11:10:55] tg2gzlug: [everyx] http://chinagdg.org/2016/01/%E8%B0%B7%E6%AD%8C%E6%8B%9B%E8%81%98%E8%BD%AF%E4%BB%B6%E5%B7%A5%E7%A8%8B%E5%B8%88/
[11:11:12] tg2gzlug: [everyx] 大神们，上吧
[11:11:21] tg2gzlug: [everyx] 我就看看
[11:11:41] tg2gzlug: [知了2.0] 我就看看。。
[11:21:45] tg2gzlug: [Kien-hung Li] Beijing office的饭真好吃
[13:27:54] -- LastAvengers JOIN #gzlug
[13:29:27] -- bruceutut JOIN #gzlug
[13:29:49] -- bruceutut PART #gzlug :"OvO 我去外面转转 ~"
[13:57:56] -- LastAvengers JOIN #gzlug
[14:18:21] -- LastAvengers PART #gzlug
[14:20:10] -- gzluglog JOIN #gzlug
[14:20:15] -- LastAvengers JOIN #gzlug
