[00:03:08] -- teleboto QUIT
[00:03:28] -- teleboto JOIN #gzlug
[00:05:40] -- LastAvengers QUIT
[00:07:43] -- LastAvengers JOIN #gzlug
[00:33:00] -- LastAvengers QUIT
[00:33:20] -- LastAvengers JOIN #gzlug
[01:30:42] -- LastAvengers QUIT
[03:12:02] -- citypw QUIT
[03:13:57] -- citypw JOIN #gzlug
[07:01:15] -- gauge QUIT
[07:01:16] -- citypw QUIT
[07:01:17] -- varia QUIT
[07:01:22] -- teleboto QUIT
[07:01:22] -- farseerfc QUIT
[07:01:22] -- labots QUIT
[07:01:23] -- erhandsome QUIT
[07:01:23] -- eve_ouyang QUIT
[07:01:24] -- huawei QUIT
[07:01:24] -- felixonmars QUIT
[07:07:50] -- varia JOIN #gzlug
[07:07:50] -- labots JOIN #gzlug
[07:31:17] -- citypw QUIT
[07:43:18] -- citypw JOIN #gzlug
[09:49:24] -- LastAvengers JOIN #gzlug
[11:47:00] -- LastAvengers QUIT
[13:35:55] teleboto: 6[imlonghao] 优惠播报: https://www.resilio.com/buy/pro-individual/?x-discount=VqeEFfyQ
[16:54:08] -- LastAvengers JOIN #gzlug
[17:25:17] -- jactry JOIN #gzlug
[17:58:47] -- citypw QUIT
[18:14:26] -- citypw JOIN #gzlug
[23:52:23] -- citypw QUIT
[23:53:07] -- citypw JOIN #gzlug
