[00:24:55] -- kitech QUIT
[01:07:23] -- Lily-Ayta QUIT
[01:08:08] -- Lily-Ayta JOIN #gzlug
[01:10:18] -- Lily-Ayta PART #gzlug
[08:27:18] -- citypw JOIN #gzlug
[09:26:38] -- LastAvengers JOIN #gzlug
[09:33:54] -- SteamedFish JOIN #gzlug
[09:38:10] -- rivershang JOIN #gzlug
[09:55:45] -- kitech JOIN #gzlug
[10:14:17] -- huntxu JOIN #gzlug
[11:00:02] -- SteamedFish QUIT
[11:01:27] -- SteamedFish JOIN #gzlug
[11:22:07] -- SteamedFish QUIT
[11:23:05] -- SteamedFish JOIN #gzlug
[11:32:09] -- SteamedFish QUIT
[11:39:53] -- SteamedFish JOIN #gzlug
[12:26:45] -- LastAvengers QUIT
[15:31:43] -- SteamedFish QUIT
[15:32:35] -- SteamedFish JOIN #gzlug
[17:35:46] -- citypw QUIT
[17:40:33] -- rivershang PART #gzlug
[17:58:10] -- huntxu QUIT
[18:10:17] -- huntxu JOIN #gzlug
[18:21:18] -- LastAvengers JOIN #gzlug
[19:34:28] -- kitech QUIT
[19:38:38] -- kitech JOIN #gzlug
[19:39:53] -- kitech QUIT
[19:46:00] -- huntxu QUIT
[21:37:39] -- SteamedFish QUIT
[21:44:05] -- citypw JOIN #gzlug
[22:33:38] -- citypw QUIT
[23:07:35] -- citypw JOIN #gzlug
