[00:26:33] -- LastAvengers QUIT
[09:31:30] -- huntxu JOIN #gzlug
[09:34:46] -- LastAvengers JOIN #gzlug
[09:43:32] -- rivershang JOIN #gzlug
[10:37:35] -- citypw JOIN #gzlug
[10:58:13] -- LastAvengers QUIT
[11:12:42] -- rivershang QUIT
[11:24:21] -- rivershang JOIN #gzlug
[12:24:22] -- LastAvengers JOIN #gzlug
[12:37:10] -- LastAvengers QUIT
[12:37:33] -- LastAvengers JOIN #gzlug
[13:07:39] -- citypw QUIT
[13:08:03] -- citypw JOIN #gzlug
[13:10:49] -- citypw QUIT
[13:11:13] -- citypw JOIN #gzlug
[13:22:09] -- LastAvengers QUIT
[15:24:48] -- LastAvengers JOIN #gzlug
[15:48:57] -- LastAvengers QUIT
[16:09:58] -- LastAvengers JOIN #gzlug
[17:24:05] -- rivershang PART #gzlug
[18:07:49] -- LastAvengers QUIT
[18:22:44] -- citypw QUIT
[19:52:42] -- LastAvengers JOIN #gzlug
[20:15:22] -- huntxu QUIT
[22:26:50] -- huawei QUIT
[22:28:16] -- huawei JOIN #gzlug
