[00:49:29] -- citypw QUIT
[01:22:47] -- LastAvengers QUIT
[01:27:46] -- kitech JOIN #gzlug
[02:25:16] -- kitech QUIT
[09:37:34] -- LastAvengers JOIN #gzlug
[10:35:04] -- kitech JOIN #gzlug
[11:02:10] -- jactry QUIT
[12:20:38] -- citypw JOIN #gzlug
[13:50:23] -- jactry JOIN #gzlug
[14:23:13] -- SteamedFish JOIN #gzlug
[14:41:35] -- SteamedFish QUIT
[14:47:46] -- SteamedFish JOIN #gzlug
[15:27:22] -- kitech QUIT
[15:46:52] -- kitech JOIN #gzlug
[15:53:21] -- jenenliu113 JOIN #gzlug
[15:57:32] -- jenenliu113 QUIT
[15:58:36] -- jenenliu113 JOIN #gzlug
[16:31:47] -- kitech1 JOIN #gzlug
[16:32:49] -- kitech QUIT
[16:40:51] -- SteamedFish QUIT
[16:41:50] -- SteamedFish JOIN #gzlug
[16:57:59] -- kitech1 QUIT
[17:20:41] -- SteamedFish QUIT
[17:24:42] -- kitech JOIN #gzlug
[17:35:31] -- SteamedFish JOIN #gzlug
[18:40:05] -- \la QUIT
[18:48:31] -- SteamedFish QUIT
[19:39:02] -- jactry_ JOIN #gzlug
[19:41:57] -- jactry QUIT
[20:27:33] -- SteamedFish JOIN #gzlug
[20:56:55] -- \la JOIN #gzlug
[21:51:30] -- SteamedFish QUIT
[21:58:49] -- citypw QUIT
[22:01:19] -- citypw JOIN #gzlug
[22:05:08] -- srainbot JOIN #gzlug
[22:06:25] -- srainbot QUIT
[22:33:37] -- kitech QUIT
[22:46:49] -- kitech JOIN #gzlug
[23:04:58] -- kitech QUIT
[23:17:46] -- kitech JOIN #gzlug
[23:46:13] -- kitech QUIT
