[00:21:35] -- LastAvengers QUIT
[04:12:25] -- citypw QUIT
[04:24:59] -- citypw JOIN #gzlug
[09:58:24] -- eve_ouyang QUIT
[09:58:46] -- eve_ouyang JOIN #gzlug
[10:07:47] -- eve_ouyang QUIT
[10:08:05] -- eve_ouyang JOIN #gzlug
[10:14:36] -- eve_ouyang QUIT
[10:16:26] -- eve_ouyang JOIN #gzlug
[10:23:06] -- eve_ouyang_ JOIN #gzlug
[10:24:52] -- eve_ouyang QUIT
[12:30:32] -- jactry QUIT
[12:43:16] -- citypw QUIT
[12:44:28] -- LastAvengers JOIN #gzlug
[13:10:02] -- LastAvengers QUIT
[13:43:02] -- LastAvengers JOIN #gzlug
[13:57:52] -- LastAvengers QUIT
[14:06:55] -- LastAvengers JOIN #gzlug
[14:32:46] -- citypw JOIN #gzlug
[14:37:08] -- citypw QUIT
[14:37:27] -- citypw JOIN #gzlug
[15:06:06] -- citypw QUIT
[15:06:26] -- citypw JOIN #gzlug
[16:07:22] -- LastAvengers QUIT
[16:36:54] -- citypw QUIT
[16:37:12] -- citypw JOIN #gzlug
[16:56:19] -- citypw QUIT
[16:56:38] -- citypw JOIN #gzlug
[17:19:18] -- LastAvengers JOIN #gzlug
[17:19:18] -- LastAvengers QUIT
[17:20:43] -- LastAvengers JOIN #gzlug
[17:59:37] -- citypw QUIT
[17:59:56] -- citypw JOIN #gzlug
[18:05:53] -- citypw QUIT
[18:06:13] -- citypw JOIN #gzlug
[18:09:45] -- citypw QUIT
[18:10:03] -- citypw JOIN #gzlug
[18:21:28] -- LastAvengers QUIT
[18:42:42] -- citypw QUIT
[18:43:01] -- citypw JOIN #gzlug
[18:43:12] -- LastAvengers JOIN #gzlug
[18:44:02] -- citypw QUIT
[18:44:21] -- citypw JOIN #gzlug
[19:08:35] -- LastAvengers QUIT
[19:56:23] -- citypw QUIT
[19:56:42] -- citypw JOIN #gzlug
[20:29:09] -- citypw QUIT
[20:29:29] -- citypw JOIN #gzlug
[20:50:05] -- citypw QUIT
[20:50:24] -- citypw JOIN #gzlug
[20:56:25] -- citypw QUIT
[20:56:44] -- citypw JOIN #gzlug
[21:07:30] -- citypw QUIT
[21:07:49] -- citypw JOIN #gzlug
[21:39:34] -- citypw QUIT
[21:39:53] -- citypw JOIN #gzlug
[22:12:23] -- citypw QUIT
[22:12:43] -- citypw JOIN #gzlug
[22:51:32] -- citypw QUIT
[22:51:52] -- citypw JOIN #gzlug
[22:53:10] -- citypw QUIT
[22:53:29] -- citypw JOIN #gzlug
[23:03:17] -- citypw QUIT
[23:04:21] -- LastAvengers JOIN #gzlug
[23:04:35] -- citypw JOIN #gzlug
[23:52:34] -- LastAvengers QUIT
[23:52:57] -- citypw QUIT
