[00:42:49] -- LastAvengers_ QUIT
[00:54:09] -- LastAvengers QUIT
[03:34:40] -- kitech1 QUIT
[05:46:42] -- varia QUIT
[05:51:32] -- variation JOIN #gzlug
[09:51:03] -- kitech1 JOIN #gzlug
[11:20:29] -- SteamedFish JOIN #gzlug
[11:25:32] -- \la JOIN #gzlug
[15:29:51] -- LastAvengers QUIT
[16:20:42] -- theUser2 JOIN #gzlug
[16:21:13] -- theUser2 PART #gzlug
[17:57:44] -- SteamedFish QUIT
[18:17:26] -- \la JOIN #gzlug
[18:33:55] -- farseerfc QUIT
[18:34:10] -- farseerfc JOIN #gzlug
[19:56:09] -- Lily-Ayta JOIN #gzlug
[20:07:22] -- liuhuanjie_ JOIN #gzlug
[20:10:11] -- jenenliu QUIT
[20:24:03] -- Lily-Ayta QUIT
[20:51:05] -- teleboto QUIT
[20:51:43] -- teleboto JOIN #gzlug
[21:17:39] -- LastAvengers QUIT
[21:51:22] -- kaipeng JOIN #gzlug
[22:07:57] -- LastAvengers JOIN #gzlug
[23:49:06] -- kaipeng QUIT
[23:50:28] -- kaipeng JOIN #gzlug
[23:50:37] -- bins_ JOIN #gzlug
[23:50:38] -- bins_ QUIT
