[00:06:22] -- farseerfc JOIN #gzlug
[00:13:56] -- lastavenger JOIN #gzlug
[03:08:06] -- SteamedFish JOIN #gzlug
[05:00:58] -- jactry JOIN #gzlug
[08:16:49] -- felixonmars JOIN #gzlug
[09:37:11] -- SteamedFish JOIN #gzlug
[09:57:13] -- hportsnap_els9 JOIN #gzlug
[09:59:23] -- huntxu JOIN #gzlug
[11:28:20] -- lastavenger JOIN #gzlug
[12:01:22] -- Shirasaka-Hazumi JOIN #gzlug
[13:24:17] -- hportsnap_els9 JOIN #gzlug
[13:33:58] -- LastAvengers JOIN #gzlug
[14:52:22] -- teleboto JOIN #gzlug
[18:16:41] -- LastAvengers_ JOIN #gzlug
[18:52:24] -- huntxu JOIN #gzlug
[18:52:50] -- lastavengers JOIN #gzlug
[18:58:39] -- jac_pr1 JOIN #gzlug
[19:04:33] -- huntxu JOIN #gzlug
[21:31:28] -- LastAvengers JOIN #gzlug
[21:53:50] -- jactry JOIN #gzlug
[23:29:16] -- jac_pr1 PART #gzlug
