[00:07:31] -- LastAvengers QUIT
[00:57:06] -- pingbo_ JOIN #gzlug
[00:57:07] -- pingbo QUIT
[05:15:00] -- Shirasaka-Hazumi QUIT
[05:22:09] -- Shirasaka-Hazumi JOIN #gzlug
[08:46:11] -- huntxu JOIN #gzlug
[08:49:30] -- rivershang JOIN #gzlug
[10:10:14] -- f00x JOIN #gzlug
[12:57:34] -- pingbo JOIN #gzlug
[13:02:58] -- pingbo QUIT
[13:51:53] -- pingbo JOIN #gzlug
[13:56:19] -- pingbo QUIT
[14:23:05] -- jenenliu QUIT
[14:29:32] -- f00x QUIT
[14:46:01] -- pingbo JOIN #gzlug
[14:50:17] -- pingbo QUIT
[15:13:26] -- pingbo JOIN #gzlug
[15:17:40] -- pingbo QUIT
[15:47:05] -- SteamedFish JOIN #gzlug
[16:07:03] -- pingbo JOIN #gzlug
[16:11:33] -- pingbo QUIT
[16:14:15] -- SteamedFish QUIT
[16:34:35] -- pingbo JOIN #gzlug
[16:39:07] -- pingbo QUIT
[17:02:07] -- teleboto_ JOIN #gzlug
[17:08:17] -- teleboto QUIT
[17:28:44] -- pingbo JOIN #gzlug
[17:33:15] -- pingbo QUIT
[18:17:50] -- SteamedFish JOIN #gzlug
[18:29:36] -- rivershang QUIT
[18:49:41] -- pingbo JOIN #gzlug
[18:50:47] -- SteamedFish QUIT
[18:54:30] -- pingbo QUIT
[18:54:44] -- LastAvengers JOIN #gzlug
[19:02:14] -- teleboto_ QUIT
[19:02:23] -- teleboto JOIN #gzlug
[19:09:03] -- SteamedFish JOIN #gzlug
[19:19:39] -- huntxu QUIT
[19:44:21] -- pingbo JOIN #gzlug
[19:48:57] -- pingbo QUIT
[19:52:10] -- LastAvengers QUIT
[20:51:45] -- SteamedFish QUIT
[20:55:11] -- pingbo JOIN #gzlug
[20:57:09] -- SteamedFish JOIN #gzlug
[21:07:37] -- pingbo QUIT
[21:27:50] -- LastAvengers JOIN #gzlug
[21:49:44] -- pingbo JOIN #gzlug
[21:53:15] -- pingbo_ QUIT
[21:58:36] -- citypw JOIN #gzlug
[22:23:13] LastAvengers: rivershang: 抱歉最近被学校抓取实习累成狗了……
[22:23:54] LastAvengers: 如果你想要维护 gzlug.org 的话让 jactry 直接加你进 org 就好了吧。
[22:24:30] -- SteamedFish QUIT
[22:25:57] LastAvengers: 我们需要一个 tell bot （
[23:22:16] -- LastAvengers QUIT
[23:55:06] -- citypw QUIT
