[00:12:35] -- LastAvengers QUIT
[00:18:18] -- jactry QUIT
[00:52:28] -- jactry JOIN #gzlug
[01:16:15] -- Lily-Ayta JOIN #gzlug
[01:22:08] -- Lily-Ayta PART #gzlug
[04:46:38] -- Shirasaka-Hazumi QUIT
[04:50:53] -- Shirasaka-Hazumi JOIN #gzlug
[08:51:45] -- rivershang JOIN #gzlug
[09:36:48] -- SteamedFish JOIN #gzlug
[09:37:19] -- LastAvengers JOIN #gzlug
[09:59:03] -- LastAvengers QUIT
[10:14:48] -- huntxu JOIN #gzlug
[10:15:58] -- jactry QUIT
[11:12:47] -- jactry JOIN #gzlug
[12:49:47] -- jactry QUIT
[12:50:04] -- jactry JOIN #gzlug
[13:16:15] -- kitech JOIN #gzlug
[14:12:26] -- LastAvengers JOIN #gzlug
[15:03:45] -- jactry_ JOIN #gzlug
[15:03:45] -- jactry QUIT
[15:09:29] -- LastAvengers QUIT
[16:20:31] -- huntxu QUIT
[16:28:15] -- huntxu JOIN #gzlug
[16:42:34] -- teleboto QUIT
[16:42:42] -- teleboto JOIN #gzlug
[17:42:39] -- rivershang PART #gzlug
[18:25:50] -- jactry__ JOIN #gzlug
[18:25:51] -- jactry_ QUIT
[19:06:16] -- LastAvengers JOIN #gzlug
[19:25:53] -- kitech QUIT
[19:41:45] -- SteamedFish QUIT
[19:43:04] -- SteamedFish JOIN #gzlug
[19:54:38] -- Lily-Ayta JOIN #gzlug
[19:57:36] -- SteamedFish QUIT
[19:59:25] -- SteamedFish JOIN #gzlug
[20:07:46] -- huntxu QUIT
[20:20:37] -- jactry__ QUIT
[20:28:00] -- farseerfc QUIT
[20:28:30] -- farseerfc JOIN #gzlug
[20:41:19] -- kitech JOIN #gzlug
[20:49:15] -- kitech QUIT
[21:30:34] -- jactry JOIN #gzlug
[21:58:51] -- Shirasaka-Hazumi QUIT
[22:04:20] -- Shirasaka-Hazumi JOIN #gzlug
[22:23:06] -- f00x JOIN #gzlug
[23:02:33] -- Lily-Ayta QUIT
[23:14:43] -- SteamedFish QUIT
[23:44:09] -- f00x QUIT
