[00:10:01] -- kitech JOIN #gzlug
[00:10:13] -- kitech QUIT
[00:10:37] -- kitech JOIN #gzlug
[00:11:06] -- kitech QUIT
[00:47:31] -- SteamedFish QUIT
[08:36:35] -- rivershang JOIN #gzlug
[08:55:33] -- lastavengers JOIN #gzlug
[09:29:43] -- rivershang QUIT
[09:32:06] -- SteamedFish JOIN #gzlug
[09:45:07] -- jactry JOIN #gzlug
[09:45:50] -- rivershang JOIN #gzlug
[09:59:38] -- huntxu JOIN #gzlug
[11:06:05] -- citypw JOIN #gzlug
[11:17:35] citypw: http://www.solidot.org/story?sid=49607
[11:19:58] huntxu: äº‹å¼€æºå®‰å…¨å’¨è¯¢å·¥ä½œçš„citypw
[11:20:06] huntxu: ä»äº‹å¼€æºå®‰å…¨å’¨è¯¢å·¥ä½œçš„citypw
[11:20:10] huntxu: å°‘è¤‡è£½äº†ä¸€å€‹å­—lol
[11:22:06] teleboto: [BashHoratio] ä¼šç©
[11:22:08] citypw: huntxu: å“ˆå“ˆ thx for correction-_-
[11:25:57] teleboto: [BashHoratio] ã€ŒRe citypw: huntxu: ...ã€æ‚¨æ˜¯ç«™é•¿ï¼Ÿ
[11:26:42] huntxu: æˆ‘èªªæˆ‘è‡ªå·±å°‘è¤‡è£½äº†ä¸€å€‹å­—ï¼Œé€™é›£é“ä¹Ÿæœƒå¼•èµ·æ­§ç¾©ï¼Ÿ
[11:27:17] citypw: huntxu: æˆ‘ä»¥ä¸ºé‚£æŠ¥é“å°‘äº†ä¸€ä¸ªå­—
[11:27:43] huntxu: ...
[12:37:00] -- citypw QUIT
[12:52:07] -- citypw JOIN #gzlug
[13:00:44] teleboto: [BashHoratio] å’±ä¸‰çš„å¯¹è¯ï¼Œç¡®å®è®©äººå‡Œä¹±
[13:32:39] -- teleboto QUIT
[13:32:48] -- teleboto JOIN #gzlug
[14:57:07] -- citypw QUIT
[15:58:46] -- SteamedFish QUIT
[16:00:35] -- SteamedFish JOIN #gzlug
[17:32:25] -- rivershang PART #gzlug
[17:38:04] -- citypw JOIN #gzlug
[19:09:13] -- huntxu QUIT
[21:00:51] -- SteamedFish QUIT
[21:30:55] -- kitech JOIN #gzlug
[21:40:47] -- \la QUIT
[21:58:15] -- citypw QUIT
[22:24:01] -- kitech QUIT
[22:25:49] -- kitech JOIN #gzlug
[22:56:55] -- teleboto QUIT
[22:57:04] -- teleboto JOIN #gzlug
[23:56:44] -- SteamedFish JOIN #gzlug
