[01:20:04] -- kitech JOIN #gzlug
[01:20:28] -- kitech QUIT
[02:01:03] -- teleboto QUIT
[02:01:12] -- teleboto JOIN #gzlug
[02:11:07] -- teleboto QUIT
[02:11:17] -- teleboto JOIN #gzlug
[02:21:12] -- teleboto QUIT
[02:21:20] -- teleboto JOIN #gzlug
[02:26:15] -- teleboto QUIT
[02:26:32] -- teleboto JOIN #gzlug
[08:37:46] -- rivershang JOIN #gzlug
[08:46:48] -- LastAvengers JOIN #gzlug
[09:06:59] teleboto: [Robin Lee] å…¬å¸çš„ç”µè„‘ï¼Œä¸æ–¹ä¾¿æ’å¡
[09:21:41] -- LastAvengers QUIT
[09:21:56] -- LastAvengers JOIN #gzlug
[09:36:58] -- rivershang QUIT
[09:37:33] teleboto: [samuelhuang] é‚£æ²¡æ‹›äº†ï¼Œåªæœ‰ç©USBäº†ï¼Œä½†æ„¿ä½ çš„USBè¶³å¤Ÿå¿«ã€‚æˆ‘è¿™é‡Œçš„think stationä¸ŠUSB3å£è¿˜ä¸å¦‚USB2å¿«ï¼Œä¸çŸ¥é“æ˜¯ä»€ä¹ˆé¬¼ï¼Œæ²¡æ—¶é—´æŠ˜è…¾
[09:39:12] teleboto: [amankwah] å¯ä»¥ç”¨ä¸€ä¸ªå¯ä»¥æ¥å¤šä¸ªæ˜¾ç¤ºå™¨çš„æœºå™¨åœ¨å±€åŸŸç½‘ä¸Šxdmcpç™»å½•ï¼Ÿ
[09:44:02] -- huntxu JOIN #gzlug
[10:06:27] -- kitech JOIN #gzlug
[10:16:28] -- kitech QUIT
[10:17:40] -- kitech JOIN #gzlug
[10:20:03] -- huntxu QUIT
[10:30:17] -- kitech QUIT
[10:31:07] -- rivershang JOIN #gzlug
[10:31:46] -- kitech JOIN #gzlug
[10:43:19] -- kitech QUIT
[10:50:05] -- huntxu JOIN #gzlug
[11:10:45] -- kitech JOIN #gzlug
[11:31:43] -- LastAvengers JOIN #gzlug
[11:32:22] -- LastAvengers QUIT
[11:37:46] -- Lily-Ayta JOIN #gzlug
[11:47:03] -- \la QUIT
[12:05:50] -- \la JOIN #gzlug
[12:07:21] -- SteamedFish JOIN #gzlug
[13:18:07] -- kitech QUIT
[13:18:46] -- kitech JOIN #gzlug
[14:22:25] -- Lily-Ayta QUIT
[15:06:07] -- rivershang QUIT
[15:22:21] -- rivershang JOIN #gzlug
[16:20:36] -- jactry QUIT
[16:32:19] -- jactry JOIN #gzlug
[16:55:27] -- jactry QUIT
[17:20:34] -- \la QUIT
[17:35:50] -- rivershang PART #gzlug
[18:03:28] -- huntxu QUIT
[18:16:40] -- huntxu JOIN #gzlug
[18:57:13] -- kitech QUIT
[18:58:35] -- LastAvengers JOIN #gzlug
[19:20:49] -- jactry JOIN #gzlug
[19:23:04] -- kitech JOIN #gzlug
[19:44:48] -- huntxu QUIT
[19:52:52] -- jactry QUIT
[19:53:18] -- \la_ JOIN #gzlug
[20:01:38] -- \la_ QUIT
[20:01:51] -- \la_ JOIN #gzlug
[20:03:38] -- \la_ QUIT
[20:03:49] -- \la_ JOIN #gzlug
[20:47:27] -- \la QUIT
[20:47:29] -- jactry JOIN #gzlug
[20:59:52] -- kitech QUIT
[21:59:50] -- kitech JOIN #gzlug
[22:11:18] -- jactry QUIT
[22:21:24] -- jactry JOIN #gzlug
[23:01:13] -- SteamedFish QUIT
[23:29:56] LastAvengers: wow such swordfeng .
[23:44:31] -- LastAvengers QUIT
