[00:04:52] -- \la QUIT
[00:23:24] -- kitech QUIT
[00:24:14] -- kitech JOIN #gzlug
[00:38:01] -- kitech QUIT
[00:53:33] teleboto: [xiaoxing] 问一下我们这个群的邀请链接是什么呢？
[01:15:10] teleboto: [farseerfc] https://telegram.me/joinchat/BTUz3gT7ga9nVsm48o_mvQ
[01:37:36] teleboto: [xiaoxing] 谢啦( •̀∀•́ )
[01:37:39] teleboto: [xiaoxing] https://dn-fishroom.qbox.me/sticker/d1.png (sticker)
[06:31:36] -- citypw JOIN #gzlug
[08:28:17] -- citypw QUIT
[09:03:49] -- lastavengers JOIN #gzlug
[09:15:45] -- huntxu JOIN #gzlug
[09:25:52] -- SteamedFish JOIN #gzlug
[09:53:20] -- kitech JOIN #gzlug
[09:56:44] -- jactry JOIN #gzlug
[09:57:29] -- pingbo JOIN #gzlug
[09:57:49] -- jactry_ QUIT
[09:58:20] -- jactry_ JOIN #gzlug
[10:01:51] -- jactry QUIT
[10:05:45] -- jactry_ QUIT
[10:07:13] -- jactry JOIN #gzlug
[10:13:49] -- pingbo QUIT
[10:18:17] -- kitech QUIT
[10:18:48] -- kitech JOIN #gzlug
[10:34:51] -- pingbo JOIN #gzlug
[10:39:38] -- pingbo QUIT
[11:19:53] -- rivershang JOIN #gzlug
[11:28:40] -- pingbo JOIN #gzlug
[11:33:04] -- pingbo QUIT
[11:54:13] -- teleboto QUIT
[11:54:22] -- teleboto JOIN #gzlug
[11:56:03] -- pingbo JOIN #gzlug
[12:00:25] -- pingbo QUIT
[12:02:15] -- \la QUIT
[12:20:52] -- \la JOIN #gzlug
[12:50:05] -- pingbo JOIN #gzlug
[12:54:30] -- pingbo QUIT
[13:17:57] -- pingbo JOIN #gzlug
[13:22:24] -- pingbo QUIT
[14:30:27] -- jactry QUIT
[14:38:33] -- pingbo JOIN #gzlug
[14:42:39] -- pingbo QUIT
[15:22:13] -- teleboto QUIT
[15:22:14] -- farseerfc QUIT
[15:22:52] -- gauge QUIT
[15:23:18] -- teleboto JOIN #gzlug
[15:23:26] -- gauge JOIN #gzlug
[15:28:48] -- \la QUIT
[15:48:37] -- farseerfc JOIN #gzlug
[15:58:59] -- jactry JOIN #gzlug
[16:58:49] -- huawei QUIT
[16:58:50] -- varia QUIT
[16:59:17] -- variation JOIN #gzlug
[16:59:20] -- huawei JOIN #gzlug
[17:39:00] -- rivershang PART #gzlug
[18:50:29] -- lastavengers JOIN #gzlug
[19:15:08] -- huntxu QUIT
[19:22:27] -- \la QUIT
[19:25:11] -- kitech QUIT
[19:33:37] -- lastavengers JOIN #gzlug
[19:42:12] -- SteamedFish QUIT
[20:15:51] -- kitech JOIN #gzlug
[20:45:49] -- kitech QUIT
[20:59:39] -- kitech JOIN #gzlug
[21:43:01] -- kitech QUIT
[21:57:32] -- kitech JOIN #gzlug
