[00:07:50] -- LastAvengers QUIT
[00:17:27] teleboto: Kris Choi joined chat
[04:57:38] -- Shirasaka-Hazumi QUIT
[05:02:55] -- Shirasaka-Hazumi JOIN #gzlug
[08:36:33] -- rivershang JOIN #gzlug
[09:22:40] -- LastAvengers JOIN #gzlug
[09:29:58] -- jenenliu3 JOIN #gzlug
[09:30:30] -- huntxu JOIN #gzlug
[09:37:44] -- SteamedFish JOIN #gzlug
[09:50:30] -- jactry QUIT
[09:51:30] -- jactry JOIN #gzlug
[09:56:16] -- jactry QUIT
[10:35:08] -- LastAvengers QUIT
[10:35:32] -- LastAvengers JOIN #gzlug
[10:49:38] -- jactry JOIN #gzlug
[11:46:45] -- LastAvengers QUIT
[12:59:59] -- LastAvengers JOIN #gzlug
[13:28:37] -- citypw JOIN #gzlug
[13:53:21] -- citypw QUIT
[13:53:44] -- citypw JOIN #gzlug
[14:02:39] -- citypw QUIT
[14:34:22] -- citypw JOIN #gzlug
[16:09:48] -- citypw QUIT
[16:16:29] -- LastAvengers QUIT
[17:06:55] -- geno1024 JOIN #gzlug
[17:20:15] -- jactry QUIT
[17:42:39] -- LastAvengers JOIN #gzlug
[17:42:52] -- rivershang PART #gzlug
[19:35:08] -- huntxu QUIT
[20:12:42] -- teleboto QUIT
[20:12:51] -- teleboto JOIN #gzlug
[20:19:37] -- jactry JOIN #gzlug
[20:24:48] -- jactry QUIT
[20:28:51] -- SteamedFish QUIT
[20:30:05] -- jenenliu3 QUIT
[20:32:42] -- jenenliu3 JOIN #gzlug
[20:36:31] -- jactry JOIN #gzlug
[21:21:57] -- LastAvengers QUIT
[21:22:05] -- LastAvengers JOIN #gzlug
[22:22:52] -- kitech_ JOIN #gzlug
[22:39:14] -- citypw JOIN #gzlug
[22:51:03] -- kitech_ QUIT
[22:52:29] -- kitech_ JOIN #gzlug
[23:31:04] -- citypw QUIT
