[00:55:19] -- kitech QUIT
[09:19:39] -- lastavengers JOIN #gzlug
[09:27:34] -- rivershang JOIN #gzlug
[09:36:22] -- SteamedFish JOIN #gzlug
[09:54:28] -- huntxu JOIN #gzlug
[10:04:54] -- kitech JOIN #gzlug
[11:06:02] -- teleboto QUIT
[11:06:11] -- teleboto JOIN #gzlug
[11:08:50] -- huntxu QUIT
[11:09:07] -- huntxu JOIN #gzlug
[11:11:26] -- teleboto QUIT
[11:11:34] -- teleboto JOIN #gzlug
[11:31:33] -- pingbo JOIN #gzlug
[11:36:20] -- pingbo QUIT
[11:44:32] -- rivershang QUIT
[12:08:39] -- lastavengers QUIT
[12:10:16] -- lastavengers JOIN #gzlug
[12:48:57] -- \la JOIN #gzlug
[12:57:23] -- lastavengers QUIT
[13:07:58] -- \la QUIT
[13:36:29] -- \la JOIN #gzlug
[13:46:57] -- pingbo JOIN #gzlug
[13:51:30] -- pingbo QUIT
[14:10:03] -- rivershang JOIN #gzlug
[15:02:46] -- pingbo JOIN #gzlug
[15:29:12] -- pingbo QUIT
[15:44:30] -- pingbo JOIN #gzlug
[15:48:45] -- pingbo QUIT
[16:11:53] -- pingbo JOIN #gzlug
[16:55:50] -- \la QUIT
[17:12:49] -- pingbo QUIT
[17:35:08] -- rivershang PART #gzlug
[18:19:03] -- pingbo JOIN #gzlug
[18:25:43] -- pingbo QUIT
[18:30:52] -- lastavengers JOIN #gzlug
[18:39:47] -- pingbo JOIN #gzlug
[19:02:07] -- huntxu QUIT
[19:16:25] -- kitech QUIT
[19:41:36] -- pingbo QUIT
[19:53:17] -- pingbo JOIN #gzlug
[19:57:49] -- pingbo QUIT
[20:13:54] -- pingbo JOIN #gzlug
[20:33:28] -- pingbo QUIT
[20:47:50] -- kitech JOIN #gzlug
[20:52:40] -- kitech QUIT
[21:15:38] -- kitech JOIN #gzlug
[21:49:43] -- \la_ JOIN #gzlug
[21:49:51] -- \la QUIT
[21:58:18] -- SteamedFish QUIT
[22:47:11] -- kitech QUIT
[22:48:32] -- kitech JOIN #gzlug
[23:05:13] -- \la QUIT
[23:05:25] -- \la JOIN #gzlug
