[00:29:45] -- SteamedFish JOIN #gzlug
[01:07:43] -- jactry JOIN #gzlug
[01:08:28] -- citypw JOIN #gzlug
[01:10:08] -- SteamedFish JOIN #gzlug
[01:18:32] -- citypw JOIN #gzlug
[03:44:33] -- jactry JOIN #gzlug
[04:12:30] -- jactry JOIN #gzlug
[05:31:28] -- jactry_ JOIN #gzlug
[05:38:19] -- Shirasaka-Hazumi JOIN #gzlug
[08:25:02] -- huntxu JOIN #gzlug
[08:29:13] -- LastAvengers JOIN #gzlug
[09:23:50] -- jactry JOIN #gzlug
[09:33:19] -- SteamedFish JOIN #gzlug
[14:47:43] -- LastAvengers JOIN #gzlug
[17:00:13] -- felixonmars JOIN #gzlug
[17:30:52] -- jactry JOIN #gzlug
[18:22:02] -- LastAvengers JOIN #gzlug
[19:55:41] -- jactry JOIN #gzlug
[20:13:13] -- jactry JOIN #gzlug
[22:05:39] -- teleboto JOIN #gzlug
