[11:50:32] -- LastAvengers JOIN #gzlug
[13:48:00] -- tpu01yzx JOIN #gzlug
[14:05:28] tpu01yzx: 来自广州的朋友，大家好。
[14:30:59] tg2gzlug: [知了2.1 kolibri] 你好～
[18:05:42] -- LastAvengers JOIN #gzlug
[22:57:02] Jujoji-Orihime: nibody?
[22:57:05] Jujoji-Orihime: nobody?
[22:57:41] tg2gzlug: [LastAvengers] =_*
[22:58:10] -- LastAvengers JOIN #gzlug
[22:58:33] tg2gzlug: [还魂僵尸] tg user may be
[22:58:34] tg2gzlug: [还魂僵尸] always online on mobile devs
[22:59:08] Jujoji-Orihime: comsume battery
[23:00:04] LastAvengers: 我的 WP 没有良好的翻墙方案于是没法上。
[23:01:01] tg2gzlug: [还魂僵尸] 为啥我完全没翻墙从来没问题？
[23:01:21] tg2gzlug: [Icenowy] 还魂僵尸: 看脸
[23:01:26] LastAvengers: 要看你的帐号……
[23:01:30] tg2gzlug: [Icenowy] 像我这种脸黑的
[23:01:33] tg2gzlug: [Icenowy] 就得翻墙上
[23:01:55] LastAvengers: 像我这种更黑一点的……连上 VPN 都上不了。
[23:02:08] tg2gzlug: [还魂僵尸] 好吧，我一向是资深脸黑代表啊，转运了？
[23:02:58] Jujoji-Orihime: 我也脸黑得可以
[23:05:00] LastAvengers: ACTION 大家都是非洲人
