[00:31:04] -- samson JOIN #gzlug
[09:12:45] tg2gzlug: [Robin Lee] 原来现在在日食，难怪天这么暗
[09:21:40] tg2gzlug: [Ammonite] 过了吧
[09:30:32] tg2gzlug: [还魂僵尸] 日食？？
[09:33:31] -- samson JOIN #gzlug
[10:01:13] tg2gzlug: [知了2.2 nopea] 难道不是因为阴雨天？
[10:06:58] tg2gzlug: [Robin Lee] 日食过了天就亮一点了
[10:07:29] tg2gzlug: [还魂僵尸] 貌似刚才有下确实很暗，这会儿应该过去了
[10:14:18] -- SteamedFish JOIN #gzlug
[10:19:56] -- huntxu JOIN #gzlug
[10:21:19] tg2gzlug: [Jactry Zeng] 涨姿势了
[10:21:43] tg2gzlug: [Jactry Zeng] 早上起床我还以为我是下午刚睡醒到了傍晚...
[10:28:22] tg2gzlug: [还魂僵尸] 刚专门查了下  😝
[10:28:25] tg2gzlug: [还魂僵尸] 本段时间均以协调世界时（UTC）为准。
[10:28:26] tg2gzlug: [还魂僵尸] 类型：日全食
[10:28:27] tg2gzlug: [还魂僵尸] 食甚中心处（位于纳莫努伊托环礁西北约190公里的西太平洋）资料：
[10:28:28] tg2gzlug: [还魂僵尸] 时间：2016年3月9日1:57:11.5
[10:28:29] tg2gzlug: [还魂僵尸] 地点：10°7.3′N 148°47.6′E
[10:28:30] tg2gzlug: [还魂僵尸] 食分：1.0450（全食带内最大）
[10:28:31] tg2gzlug: [还魂僵尸] 本影宽度：155.1公里
[10:28:32] tg2gzlug: [还魂僵尸] 日全食持续时间：4分9.5秒
[10:28:33] tg2gzlug: [还魂僵尸] 全食最长处资料：
[10:28:34] tg2gzlug: [还魂僵尸] 时间：2016年3月9日1:56:52
[10:28:35] tg2gzlug: [还魂僵尸] 地点：10°4′N 148°42′E
[10:28:36] tg2gzlug: [还魂僵尸] 本影宽度：155.1公里
[10:28:37] tg2gzlug: [还魂僵尸] 日全食持续时间：4分9.5秒（全食带内最长
[10:28:56] tg2gzlug: [Jactry Zeng] 我就是那个时候起床的 太巧了
[10:30:40] tg2gzlug: [还魂僵尸] 时间把握的好……
[11:06:51] -- samson JOIN #gzlug
[12:59:26] -- Shirasaka-Hazumi JOIN #gzlug
[15:09:18] -- jactry JOIN #gzlug
[16:03:50] -- samson JOIN #gzlug
[17:05:13] -- lastavengers_ JOIN #gzlug
[17:26:22] -- FisherDuan JOIN #gzlug
[17:32:54] -- jactry PART #gzlug
[17:33:08] -- jactry JOIN #gzlug
[21:28:12] -- lastavengers_ JOIN #gzlug
[23:44:25] -- SteamedFish JOIN #gzlug
