[00:08:18] -- LastAvengers QUIT
[00:13:47] -- LastAvengers JOIN #gzlug
[01:27:21] -- kitech1 QUIT
[01:28:36] -- kitech1 JOIN #gzlug
[01:28:36] -- kitech1 QUIT
[01:36:04] -- LastAvengers QUIT
[01:39:51] -- LastAvengers JOIN #gzlug
[01:45:46] -- LastAvengers QUIT
[08:58:27] -- rivershang JOIN #gzlug
[09:03:03] -- huntxu JOIN #gzlug
[09:42:31] -- kaipeng JOIN #gzlug
[09:58:40] -- liuhuanjie_ JOIN #gzlug
[10:00:00] -- kaipeng QUIT
[10:00:23] -- kaipeng JOIN #gzlug
[10:01:18] -- jenenliu QUIT
[10:30:00] -- kaipeng QUIT
[10:30:34] -- kaipeng JOIN #gzlug
[10:31:21] -- kitech1 JOIN #gzlug
[10:47:32] -- kaipeng QUIT
[10:47:57] -- kaipeng JOIN #gzlug
[10:52:24] -- LastAvengers JOIN #gzlug
[10:54:50] -- rivershang QUIT
[11:00:00] -- kaipeng QUIT
[11:00:38] -- kaipeng JOIN #gzlug
[11:20:11] -- kaipeng QUIT
[11:34:39] -- jactry QUIT
[13:02:27] -- rivershang JOIN #gzlug
[13:03:02] -- jactry JOIN #gzlug
[14:32:39] -- kaipeng JOIN #gzlug
[14:46:28] -- jactry QUIT
[15:00:00] -- kaipeng QUIT
[15:00:19] -- kaipeng JOIN #gzlug
[15:30:00] -- kaipeng QUIT
[15:30:18] -- kaipeng JOIN #gzlug
[15:35:24] -- liuhuanjie_ QUIT
[15:35:44] -- liuhuanjie_ JOIN #gzlug
[16:00:00] -- kaipeng QUIT
[16:00:18] -- kaipeng JOIN #gzlug
[16:30:00] -- kaipeng QUIT
[16:30:19] -- kaipeng JOIN #gzlug
[17:00:00] -- kaipeng QUIT
[17:00:38] -- kaipeng JOIN #gzlug
[17:11:47] -- kaipeng QUIT
[17:36:40] -- rivershang QUIT
[19:24:07] -- huntxu QUIT
[19:31:07] -- kitech1 QUIT
[19:32:21] -- LastAvengers QUIT
[19:48:53] -- jactry JOIN #gzlug
[19:58:30] -- LastAvengers JOIN #gzlug
[20:34:25] -- kitech1 JOIN #gzlug
[21:58:01] -- SteamedFish JOIN #gzlug
[23:10:21] -- SteamedFish QUIT
[23:26:29] -- SteamedFish JOIN #gzlug
