[00:09:37] -- kitech1 JOIN #gzlug
[00:25:10] -- kitech1 QUIT
[00:25:13] -- kitech2 JOIN #gzlug
[01:16:43] -- kitech2 QUIT
[01:36:50] -- \la QUIT
[04:06:48] -- citypw QUIT
[04:18:44] -- citypw JOIN #gzlug
[04:29:13] -- citypw QUIT
[04:31:52] -- citypw JOIN #gzlug
[10:48:37] -- test_ JOIN #gzlug
[10:51:20] -- test_ QUIT
[11:50:10] -- SteamedFish JOIN #gzlug
[12:01:58] -- \la JOIN #gzlug
[12:09:17] -- SteamedFish QUIT
[13:07:33] -- \la QUIT
[13:36:11] -- \la JOIN #gzlug
[13:42:19] -- kitech1 JOIN #gzlug
[13:44:59] -- SteamedFish JOIN #gzlug
[14:37:02] -- jactry QUIT
[15:25:55] -- \la QUIT
[15:27:28] -- \la JOIN #gzlug
[15:30:16] -- kitech2 JOIN #gzlug
[15:31:25] -- kitech1 QUIT
[16:11:14] -- \la QUIT
[17:34:43] -- \la JOIN #gzlug
[18:09:27] -- kitech1 JOIN #gzlug
[18:09:34] -- kitech2 QUIT
[19:31:55] -- SteamedFish QUIT
[19:38:34] -- citypw QUIT
[19:41:12] -- citypw JOIN #gzlug
[20:14:43] -- citypw QUIT
[20:15:29] -- citypw JOIN #gzlug
