[00:05:46] -- kitech QUIT
[00:22:05] -- kitech JOIN #gzlug
[00:46:10] -- kitech QUIT
[00:47:15] -- citypw JOIN #gzlug
[06:39:04] -- citypw QUIT
[06:43:22] -- citypw JOIN #gzlug
[08:48:32] -- rivershang JOIN #gzlug
[09:07:08] -- SteamedFish JOIN #gzlug
[09:35:36] -- lastavengers JOIN #gzlug
[09:51:00] -- SteamedFish QUIT
[10:10:15] -- kitech JOIN #gzlug
[10:11:00] -- jenenliu1116 JOIN #gzlug
[10:15:20] -- huntxu JOIN #gzlug
[11:58:55] -- rivershang QUIT
[12:03:24] -- citypw QUIT
[12:06:02] -- citypw JOIN #gzlug
[12:28:24] -- citypw QUIT
[12:31:04] -- citypw JOIN #gzlug
[14:17:59] -- citypw QUIT
[18:39:25] -- Guest12166 JOIN #gzlug
[18:40:34] Guest12166: 路过，难得有一个中文的IRC频道啊
[18:41:25] Guest12166: 不过，貌似人不怎么多
[19:09:34] -- huntxu QUIT
[19:14:25] -- kitech QUIT
[20:10:39] -- Guest12166 QUIT
[20:13:14] -- kitech JOIN #gzlug
[20:17:38] -- \la QUIT
[20:55:10] -- lastavengers JOIN #gzlug
[20:55:16] -- Guest12166 JOIN #gzlug
[21:01:18] -- jenenliu1116 QUIT
[21:12:00] -- Guest12166 QUIT
[21:26:10] -- kitech QUIT
[21:41:54] -- kitech JOIN #gzlug
[21:53:06] -- kitech QUIT
[21:58:46] -- kitech JOIN #gzlug
[22:08:15] -- \la QUIT
[22:26:12] -- lastavengers JOIN #gzlug
[22:26:13] -- lastavengers QUIT
[22:35:03] -- lastavengers JOIN #gzlug
[22:36:28] -- lastavengers QUIT
