[00:48:30] -- kitech QUIT
[00:56:11] -- citypw QUIT
[09:01:16] -- kitech JOIN #gzlug
[09:29:55] -- kitech QUIT
[09:34:01] -- kitech JOIN #gzlug
[09:43:54] -- LastAvengers JOIN #gzlug
[12:04:42] -- labots QUIT
[12:26:49] -- jactry QUIT
[13:05:16] -- labots JOIN #gzlug
[16:49:51] -- LastAvengers QUIT
[16:56:51] -- LastAvengers JOIN #gzlug
[17:07:21] -- LastAvengers QUIT
[17:11:40] -- LastAvengers JOIN #gzlug
[19:07:28] -- jactry JOIN #gzlug
[19:53:08] -- citypw JOIN #gzlug
[21:59:23] -- jactry QUIT
[22:02:23] -- jactry JOIN #gzlug
[22:45:41] -- jactry QUIT
[22:46:39] -- jactry JOIN #gzlug
[23:02:26] -- jactry QUIT
[23:04:05] -- jactry JOIN #gzlug
