[00:54:18] -- citypw QUIT
[01:12:05] -- LastAvengers QUIT
[09:40:31] -- SteamedFish JOIN #gzlug
[09:57:45] teleboto: Ktx KOREAL joined chat
[10:34:20] -- SteamedFish QUIT
[10:38:25] -- jactry_ QUIT
[11:50:54] -- LastAvengers JOIN #gzlug
[13:17:45] -- kitech1 JOIN #gzlug
[16:00:54] -- jenenliu JOIN #gzlug
[16:37:07] -- labots PART #gzlug
[16:38:07] -- labots JOIN #gzlug
[16:46:15] -- LastAvengers__ QUIT
[16:46:33] -- LastAvengers_ JOIN #gzlug
[16:52:02] -- LastAvengers QUIT
[16:52:12] -- LastAvengers JOIN #gzlug
[17:48:55] -- kitech1 QUIT
[17:55:50] -- kitech1 JOIN #gzlug
[18:39:04] -- labots PART #gzlug
[18:40:20] -- labots JOIN #gzlug
[18:41:09] -- labots PART #gzlug
[18:41:52] -- labots JOIN #gzlug
[18:51:00] -- LastAvengers QUIT
[18:55:37] -- LastAvengers JOIN #gzlug
[19:11:09] -- LastAvengers QUIT
[21:12:07] -- LastAvengers JOIN #gzlug
[21:55:05] -- kitech1 QUIT
[23:45:52] -- kitech1 JOIN #gzlug
[23:50:59] -- kitech1 QUIT
[23:51:13] -- kitech1 JOIN #gzlug
[23:55:50] -- kitech1 QUIT
[23:55:57] -- kitech1 JOIN #gzlug
