[08:08:00] teleboto: 4[hail2jt] (unsupported message type)
[09:33:30] -- rivershang JOIN #gzlug
[09:42:07] -- huntxu JOIN #gzlug
[09:53:23] -- huntxu QUIT
[09:53:31] -- hunt_O JOIN #gzlug
[09:55:52] -- hunt_O QUIT
[09:56:11] -- huntxu JOIN #gzlug
[10:07:56] -- huntxu QUIT
[10:08:53] -- huntxu JOIN #gzlug
[10:10:46] -- huntxu QUIT
[10:11:03] -- huntxu JOIN #gzlug
[10:31:34] -- huntxu QUIT
[10:37:35] -- huntxu JOIN #gzlug
[11:35:42] -- citypw JOIN #gzlug
[11:37:40] -- citypw QUIT
[11:48:10] -- LastAvengers JOIN #gzlug
[11:49:04] -- citypw JOIN #gzlug
[12:02:00] -- LastAvengers QUIT
[12:30:06] -- LastAvengers JOIN #gzlug
[12:56:53] -- LastAvengers QUIT
[13:07:08] -- citypw QUIT
[13:09:38] -- citypw JOIN #gzlug
[13:21:03] -- LastAvengers JOIN #gzlug
[15:00:43] -- citypw QUIT
[16:11:50] -- LastAvengers QUIT
[16:12:11] -- LastAvengers JOIN #gzlug
[16:12:59] -- LastAvengers QUIT
[16:13:10] -- citypw JOIN #gzlug
[16:13:19] -- LastAvengers JOIN #gzlug
[16:16:06] -- huntxu QUIT
[16:20:07] -- huntxu JOIN #gzlug
[16:51:18] -- rivershang QUIT
[17:07:53] -- rivershang JOIN #gzlug
[17:31:03] -- rivershang PART #gzlug
[17:40:09] -- citypw QUIT
[17:40:28] -- citypw JOIN #gzlug
[18:06:29] -- citypw QUIT
[19:24:23] -- LastAvengers QUIT
[19:48:36] -- huntxu QUIT
[21:08:54] -- LastAvengers JOIN #gzlug
[22:53:19] -- jactry JOIN #gzlug
