[08:44:51] -- lastavengers_ JOIN #gzlug
[09:29:22] -- samson JOIN #gzlug
[09:41:36] -- SteamedFish JOIN #gzlug
[09:52:23] -- jactry JOIN #gzlug
[09:54:31] -- huntxu JOIN #gzlug
[10:22:49] -- jactry JOIN #gzlug
[10:34:13] -- samson JOIN #gzlug
[11:10:40] -- samson JOIN #gzlug
[12:33:47] -- jactry JOIN #gzlug
[12:38:35] -- citypw JOIN #gzlug
[13:52:22] -- citypw JOIN #gzlug
[14:01:33] citypw: http://hardenedlinux.org/system-security/2016/03/09/pax.html
[14:10:20] -- LastAvengers JOIN #gzlug
[15:41:00] -- SilverRain JOIN #gzlug
[15:52:12] -- SilverRain JOIN #gzlug
[16:52:40] -- citypw JOIN #gzlug
[17:47:55] -- jenenliu JOIN #gzlug
[18:13:03] -- samson JOIN #gzlug
[18:53:32] -- samson JOIN #gzlug
[20:22:34] -- SilverRain JOIN #gzlug
[20:52:54] -- jackdump JOIN #gzlug
[22:53:50] -- jactry JOIN #gzlug
