[00:19:15] -- LastAvengers JOIN #gzlug
[00:46:46] -- kitech QUIT
[01:08:27] -- lastavenger QUIT
[02:32:59] -- gauge QUIT
[02:33:14] -- gauge JOIN #gzlug
[04:26:33] -- citypw QUIT
[05:35:15] -- citypw JOIN #gzlug
[09:08:26] -- lastavengers JOIN #gzlug
[09:47:29] -- kitech JOIN #gzlug
[09:52:45] -- \la QUIT
[10:03:09] -- lastavenger JOIN #gzlug
[12:55:25] -- \la QUIT
[12:55:41] -- \la JOIN #gzlug
[13:10:22] -- \la QUIT
[13:10:34] -- \la JOIN #gzlug
[13:12:33] -- \la QUIT
[13:12:47] -- \la JOIN #gzlug
[13:14:10] -- \la QUIT
[13:14:23] -- \la JOIN #gzlug
[13:47:03] -- \la QUIT
[13:47:14] -- \la JOIN #gzlug
[14:10:25] -- \la QUIT
[15:16:54] -- eve_ouyang_ QUIT
[15:20:45] -- eve_ouyang_ JOIN #gzlug
[15:55:26] -- \la JOIN #gzlug
[16:41:49] -- gauge PART #gzlug
[16:41:53] -- gauge JOIN #gzlug
[18:01:45] -- \la QUIT
[18:38:12] -- citypw QUIT
[19:42:14] -- citypw JOIN #gzlug
[20:09:01] -- kitech QUIT
[20:11:04] -- kitech JOIN #gzlug
[20:22:51] -- \la JOIN #gzlug
[20:36:19] -- kitech QUIT
[20:36:46] -- kitech JOIN #gzlug
[20:50:18] -- citypw QUIT
[21:28:04] -- \la QUIT
