[00:26:02] -- teleboto JOIN #gzlug
[08:49:49] -- huntxu JOIN #gzlug
[08:59:26] -- rivershang JOIN #gzlug
[09:38:14] -- SteamedFish JOIN #gzlug
[09:38:44] -- teleboto JOIN #gzlug
[09:40:47] -- teleboto JOIN #gzlug
[10:27:25] -- LastAvengers JOIN #gzlug
[11:14:39] -- jactry JOIN #gzlug
[11:55:43] -- jactry JOIN #gzlug
[13:12:48] -- citypw JOIN #gzlug
[14:00:51] -- citypw JOIN #gzlug
[15:41:09] -- SteamedFish JOIN #gzlug
[16:12:27] -- SteamedFish JOIN #gzlug
[17:32:08] -- rivershang PART #gzlug
[17:34:25] -- SteamedFish JOIN #gzlug
[19:08:16] -- LastAvengers JOIN #gzlug
[20:10:24] -- Shirasaka-Hazumi JOIN #gzlug
[20:17:18] -- LastAvengers JOIN #gzlug
[21:21:38] -- pingbo JOIN #gzlug
[22:10:48] -- LastAvengers JOIN #gzlug
[22:18:13] -- teleboto JOIN #gzlug
[22:28:56] -- teleboto JOIN #gzlug
