[00:05:11] -- LastAvengers_ JOIN #gzlug
[00:08:26] -- LastAvengers QUIT
[00:08:55] -- labots PART #gzlug
[00:09:06] -- labots JOIN #gzlug
[00:27:35] -- kitech1 QUIT
[00:30:17] -- kitech1 JOIN #gzlug
[00:30:23] -- kitech1 QUIT
[00:30:52] -- kitech1 JOIN #gzlug
[00:30:53] -- kitech1 QUIT
[00:32:11] -- LastAvengers_ QUIT
[01:59:04] -- SteamedFish QUIT
[05:37:01] -- farseerfc QUIT
[05:37:04] -- jactry QUIT
[05:37:05] -- erhandsome QUIT
[05:37:06] -- labots QUIT
[05:37:06] -- teleboto QUIT
[05:37:07] -- felixonmars QUIT
[05:37:09] -- liuhuanjie_ QUIT
[05:37:10] -- eve_ouyang QUIT
[05:37:14] -- huawei QUIT
[05:37:15] -- gauge QUIT
[05:41:23] -- farseerfc JOIN #gzlug
[05:41:23] -- labots JOIN #gzlug
[09:21:19] -- rivershang JOIN #gzlug
[09:35:38] -- huntxu JOIN #gzlug
[09:59:41] -- kitech1 JOIN #gzlug
[10:05:26] -- jactry QUIT
[11:12:02] -- citypw JOIN #gzlug
[11:29:16] -- citypw QUIT
[11:29:44] -- citypw JOIN #gzlug
[12:05:18] -- liuhuanjie_ QUIT
[12:05:44] -- liuhuanjie_ JOIN #gzlug
[13:08:43] -- rivershang QUIT
[13:24:13] -- liuhuanjie_ QUIT
[13:26:40] -- rivershang JOIN #gzlug
[14:29:29] -- eve_ouyang QUIT
[14:35:51] -- eve_ouyang JOIN #gzlug
[15:19:30] -- jactry JOIN #gzlug
[15:49:39] -- jactry QUIT
[16:04:16] -- LastAvengers JOIN #gzlug
[18:03:48] -- rivershang PART #gzlug
[18:34:28] -- citypw QUIT
[19:23:26] -- citypw JOIN #gzlug
[19:31:13] -- jactry JOIN #gzlug
[19:47:05] -- kitech1 QUIT
[20:46:36] -- huntxu QUIT
[21:02:21] -- kitech1 JOIN #gzlug
[21:42:57] -- citypw QUIT
[21:46:17] -- citypw JOIN #gzlug
[22:47:50] teleboto: 3[yijiasu] https://dn-fishroom.qbox.me/sticker/27b6.png (sticker)
