[00:06:26] -- LastAvengers QUIT
[03:51:43] -- citypw QUIT
[04:05:06] -- citypw JOIN #gzlug
[09:02:11] -- rivershang JOIN #gzlug
[09:16:02] -- huntxu JOIN #gzlug
[09:47:20] -- citypw QUIT
[10:37:33] -- LastAvengers JOIN #gzlug
[11:00:24] -- citypw JOIN #gzlug
[14:03:10] -- kaipeng JOIN #gzlug
[14:06:29] -- jactry QUIT
[14:23:02] -- kaipeng QUIT
[14:23:20] -- kaipeng JOIN #gzlug
[14:23:20] -- kaipeng QUIT
[16:05:45] -- citypw QUIT
[16:06:12] -- citypw JOIN #gzlug
[17:07:08] -- rivershang QUIT
[17:21:45] -- rivershang JOIN #gzlug
[17:30:30] -- rivershang PART #gzlug
[17:41:24] -- citypw QUIT
[17:49:02] -- citypw JOIN #gzlug
[18:40:25] -- citypw QUIT
[19:47:22] -- huntxu QUIT
[20:09:02] -- teleboto QUIT
[20:09:11] -- teleboto JOIN #gzlug
[20:10:05] -- teleboto QUIT
[20:10:15] -- teleboto JOIN #gzlug
[20:11:09] -- teleboto QUIT
[20:11:18] -- teleboto JOIN #gzlug
[20:12:13] -- teleboto QUIT
[20:12:23] -- teleboto JOIN #gzlug
[20:13:17] -- teleboto QUIT
[20:13:27] -- teleboto JOIN #gzlug
[20:19:21] -- teleboto QUIT
[20:19:40] -- teleboto JOIN #gzlug
[20:21:40] -- citypw JOIN #gzlug
[20:30:25] -- teleboto QUIT
[20:30:43] -- teleboto JOIN #gzlug
[20:31:29] -- teleboto QUIT
[20:31:39] -- teleboto JOIN #gzlug
[20:32:33] -- teleboto QUIT
[20:32:43] -- teleboto JOIN #gzlug
[20:33:37] -- teleboto QUIT
[20:33:47] -- teleboto JOIN #gzlug
[20:34:41] -- teleboto QUIT
[20:34:51] -- teleboto JOIN #gzlug
[20:35:45] -- teleboto QUIT
[20:35:55] -- teleboto JOIN #gzlug
[20:36:49] -- teleboto QUIT
[20:36:59] -- teleboto JOIN #gzlug
[20:37:53] -- teleboto QUIT
[20:38:03] -- teleboto JOIN #gzlug
[20:38:57] -- teleboto QUIT
[20:39:07] -- teleboto JOIN #gzlug
[20:40:01] -- teleboto QUIT
[20:40:11] -- teleboto JOIN #gzlug
[20:41:05] -- teleboto QUIT
[20:41:15] -- teleboto JOIN #gzlug
[20:42:09] -- teleboto QUIT
[20:42:18] -- teleboto JOIN #gzlug
[20:43:12] -- teleboto QUIT
[20:43:22] -- teleboto JOIN #gzlug
[20:44:16] -- teleboto QUIT
[20:44:25] -- teleboto JOIN #gzlug
[20:45:20] -- teleboto QUIT
[20:45:30] -- teleboto JOIN #gzlug
[20:46:24] -- teleboto QUIT
[20:46:34] -- teleboto JOIN #gzlug
[20:47:28] -- teleboto QUIT
[20:47:38] -- teleboto JOIN #gzlug
[20:48:32] -- teleboto QUIT
[20:48:42] -- teleboto JOIN #gzlug
[20:49:36] -- teleboto QUIT
[20:49:46] -- teleboto JOIN #gzlug
[20:50:40] -- teleboto QUIT
[20:50:49] -- teleboto JOIN #gzlug
[20:51:44] -- teleboto QUIT
[20:51:54] -- teleboto JOIN #gzlug
[20:52:48] -- teleboto QUIT
[20:52:58] -- teleboto JOIN #gzlug
[20:53:52] -- teleboto QUIT
[20:54:02] -- teleboto JOIN #gzlug
[20:54:57] -- teleboto QUIT
[20:55:06] -- teleboto JOIN #gzlug
[20:56:01] -- teleboto QUIT
[20:56:13] -- teleboto JOIN #gzlug
[20:57:07] -- teleboto QUIT
[20:57:17] -- teleboto JOIN #gzlug
[20:58:11] -- teleboto QUIT
[20:58:20] -- teleboto JOIN #gzlug
[20:59:15] -- teleboto QUIT
[20:59:24] -- teleboto JOIN #gzlug
[21:00:18] -- teleboto QUIT
[21:00:28] -- teleboto JOIN #gzlug
[21:01:23] -- teleboto QUIT
[21:01:33] -- teleboto JOIN #gzlug
[21:02:27] -- teleboto QUIT
[21:02:37] -- teleboto JOIN #gzlug
[21:03:31] -- teleboto QUIT
[21:03:41] -- teleboto JOIN #gzlug
[21:04:35] -- teleboto QUIT
[21:04:45] -- teleboto JOIN #gzlug
[21:05:39] -- teleboto QUIT
[21:05:49] -- teleboto JOIN #gzlug
[21:06:43] -- teleboto QUIT
[21:06:52] -- teleboto JOIN #gzlug
[21:07:47] -- teleboto QUIT
[21:07:56] -- teleboto JOIN #gzlug
[21:08:51] -- teleboto QUIT
[21:09:00] -- teleboto JOIN #gzlug
[21:09:54] -- teleboto QUIT
[21:10:04] -- teleboto JOIN #gzlug
[21:11:18] -- teleboto QUIT
[21:11:32] -- teleboto JOIN #gzlug
[21:12:08] -- teleboto QUIT
[21:12:16] -- teleboto JOIN #gzlug
[21:12:24] -- teleboto QUIT
[21:12:34] -- teleboto JOIN #gzlug
[21:13:28] -- teleboto QUIT
[21:13:38] -- teleboto JOIN #gzlug
[21:14:32] -- teleboto QUIT
[21:14:41] -- teleboto JOIN #gzlug
[21:15:36] -- teleboto QUIT
[21:15:46] -- teleboto JOIN #gzlug
[21:16:40] -- teleboto QUIT
[21:16:50] -- teleboto JOIN #gzlug
[21:17:44] -- teleboto QUIT
[21:17:54] -- teleboto JOIN #gzlug
[21:18:48] -- teleboto QUIT
[21:18:58] -- teleboto JOIN #gzlug
[21:19:52] -- teleboto QUIT
[21:20:01] -- teleboto JOIN #gzlug
[21:20:56] -- teleboto QUIT
[21:21:06] -- teleboto JOIN #gzlug
[21:22:00] -- teleboto QUIT
[21:22:09] -- teleboto JOIN #gzlug
[21:23:03] -- teleboto QUIT
[21:23:26] -- teleboto JOIN #gzlug
[21:24:08] -- teleboto QUIT
[21:24:17] -- teleboto JOIN #gzlug
[21:25:12] -- teleboto QUIT
[21:25:22] -- teleboto JOIN #gzlug
[21:26:16] -- teleboto QUIT
[21:26:26] -- teleboto JOIN #gzlug
[21:27:20] -- teleboto QUIT
[21:27:30] -- teleboto JOIN #gzlug
[21:28:24] -- teleboto QUIT
[21:28:34] -- teleboto JOIN #gzlug
[21:29:28] -- teleboto QUIT
[21:29:38] -- teleboto JOIN #gzlug
[21:30:25] -- teleboto QUIT
[21:35:24] -- teleboto JOIN #gzlug
[21:39:21] -- teleboto QUIT
[21:39:31] -- teleboto JOIN #gzlug
[22:56:49] -- teleboto QUIT
[22:56:58] -- teleboto JOIN #gzlug
