[00:50:43] -- LastAvengers QUIT
[05:48:36] -- teleboto QUIT
[05:48:45] -- teleboto JOIN #gzlug
[09:19:51] -- rivershang JOIN #gzlug
[09:38:35] -- rivershang QUIT
[09:59:43] -- huntxu JOIN #gzlug
[10:03:28] -- LastAvengers JOIN #gzlug
[10:11:59] -- rivershang JOIN #gzlug
[12:15:20] -- LastAvengers QUIT
[12:16:37] -- rivershang QUIT
[12:30:46] -- LastAvengers JOIN #gzlug
[12:32:59] -- rivershang JOIN #gzlug
[13:33:30] -- LastAvengers QUIT
[13:36:57] -- rivershang QUIT
[13:40:24] -- LastAvengers JOIN #gzlug
[14:09:26] -- rivershang JOIN #gzlug
[14:10:37] -- andyhuzhill JOIN #gzlug
[15:02:52] -- jenenliu JOIN #gzlug
[15:04:31] -- citypw JOIN #gzlug
[15:49:04] -- liuhuanjie_ JOIN #gzlug
[15:51:34] -- jenenliu QUIT
[15:57:08] -- rivershang QUIT
[16:17:43] -- rivershang JOIN #gzlug
[16:24:52] -- liuhuanjie_ QUIT
[16:43:27] -- andyhuzhill1 JOIN #gzlug
[16:44:58] -- andyhuzhill QUIT
[16:53:53] -- andyhuzhill QUIT
[17:00:44] -- andyhuzhill JOIN #gzlug
[17:18:50] -- citypw QUIT
[17:21:20] -- citypw JOIN #gzlug
[17:30:43] -- rivershang PART #gzlug
[17:37:45] -- andyhuzhill QUIT
[17:47:42] -- citypw QUIT
[19:39:57] -- LastAvengers QUIT
[20:54:48] -- huntxu QUIT
[20:58:57] teleboto: Eric Zhang joined chat
[21:03:54] -- LastAvengers JOIN #gzlug
[21:19:44] -- teleboto QUIT
[21:19:53] -- teleboto JOIN #gzlug
[21:20:48] -- teleboto QUIT
[21:20:57] -- teleboto JOIN #gzlug
[21:21:52] -- teleboto QUIT
[21:22:02] -- teleboto JOIN #gzlug
[21:45:56] -- LastAvengers QUIT
[21:47:57] -- teleboto QUIT
[21:48:13] -- teleboto JOIN #gzlug
[21:49:01] -- teleboto QUIT
[21:49:11] -- teleboto JOIN #gzlug
[21:50:05] -- teleboto QUIT
[21:50:14] -- teleboto JOIN #gzlug
[21:51:09] -- teleboto QUIT
[21:51:20] -- teleboto JOIN #gzlug
[22:12:15] -- LastAvengers JOIN #gzlug
[22:28:55] -- labots QUIT
[22:30:00] -- labots JOIN #gzlug
[23:07:14] -- teleboto QUIT
[23:07:24] -- teleboto JOIN #gzlug
[23:08:18] -- teleboto QUIT
[23:08:27] -- teleboto JOIN #gzlug
