[00:29:22] -- kitech QUIT
[01:08:16] -- LastAvengers QUIT
[08:59:10] -- huntxu JOIN #gzlug
[09:13:44] -- rivershang JOIN #gzlug
[09:51:05] -- kitech JOIN #gzlug
[10:33:55] -- LastAvengers JOIN #gzlug
[11:16:48] -- citypw JOIN #gzlug
[14:25:24] -- LastAvengers QUIT
[14:55:16] -- LastAvengers JOIN #gzlug
[15:12:58] -- rivershang QUIT
[16:13:48] -- kaipeng JOIN #gzlug
[16:27:36] -- kaipeng QUIT
[16:50:53] -- kaipeng JOIN #gzlug
[17:00:00] -- kaipeng QUIT
[17:00:18] -- kaipeng JOIN #gzlug
[17:24:57] -- kaipeng QUIT
[18:55:56] -- huntxu QUIT
[19:04:10] -- labots QUIT
[19:04:16] -- labots JOIN #gzlug
[19:06:19] -- citypw QUIT
[19:18:20] -- kitech QUIT
[20:17:12] -- citypw JOIN #gzlug
[20:18:56] -- kitech1 JOIN #gzlug
[22:35:56] -- citypw QUIT
