[08:53:46] -- rivershang JOIN #gzlug
[09:30:37] -- felixonmars QUIT
[09:31:13] -- huawei QUIT
[09:32:27] -- erhandsome QUIT
[09:32:28] -- eve_ouyang QUIT
[09:37:52] -- huawei JOIN #gzlug
[09:38:05] -- erhandsome JOIN #gzlug
[09:38:24] -- felixonmars JOIN #gzlug
[09:38:30] -- citypw QUIT
[09:46:21] -- eve_ouyang JOIN #gzlug
[10:00:25] -- huntxu JOIN #gzlug
[10:42:53] -- citypw JOIN #gzlug
[11:30:08] -- LastAvengers JOIN #gzlug
[11:34:33] -- labots QUIT
[11:34:39] -- labots JOIN #gzlug
[11:48:36] -- LastAvengers QUIT
[14:34:03] -- citypw QUIT
[16:40:46] -- citypw JOIN #gzlug
[17:30:16] -- rivershang PART #gzlug
[18:25:36] -- citypw QUIT
[20:43:15] -- citypw JOIN #gzlug
[20:45:20] -- farseerfc QUIT
[20:52:20] -- farseerfc JOIN #gzlug
[21:44:17] -- LastAvengers JOIN #gzlug
[22:45:30] -- huntxu QUIT
[22:56:53] -- LastAvengers QUIT
[23:02:28] -- LastAvengers JOIN #gzlug
[23:12:07] -- LastAvengers QUIT
