[00:04:32] -- LastAvengers QUIT
[02:37:18] -- SteamedFish JOIN #gzlug
[03:34:58] -- SteamedFish QUIT
[09:00:21] -- rivershang JOIN #gzlug
[09:16:09] -- huntxu JOIN #gzlug
[09:32:52] -- jactry QUIT
[09:40:29] -- kaipeng JOIN #gzlug
[09:48:07] -- LastAvengers JOIN #gzlug
[10:00:00] -- kaipeng QUIT
[10:00:23] -- kaipeng JOIN #gzlug
[10:30:02] -- kaipeng QUIT
[10:30:29] -- kaipeng JOIN #gzlug
[11:00:00] -- kaipeng QUIT
[11:00:23] -- kaipeng JOIN #gzlug
[11:00:23] -- kaipeng QUIT
[11:02:32] -- citypw JOIN #gzlug
[11:26:36] -- geno1024 JOIN #gzlug
[11:26:39] -- geno1024_ JOIN #gzlug
[11:32:50] -- jactry JOIN #gzlug
[13:18:12] -- citypw QUIT
[13:18:35] -- citypw JOIN #gzlug
[13:25:20] -- geno1024 QUIT
[13:25:20] -- geno1024_ QUIT
[15:13:30] -- LastAvengers QUIT
[15:31:37] -- LastAvengers JOIN #gzlug
[16:21:09] -- kitech1 JOIN #gzlug
[17:33:44] -- LastAvengers QUIT
[17:44:15] -- rivershang PART #gzlug
[17:57:04] -- kaipeng JOIN #gzlug
[17:59:52] -- varia QUIT
[18:00:47] -- variation JOIN #gzlug
[18:31:08] -- citypw QUIT
[18:48:36] -- kitech1 QUIT
[18:54:54] -- kitech JOIN #gzlug
[19:14:26] -- huntxu QUIT
[19:51:06] -- LastAvengers JOIN #gzlug
[21:09:26] -- kitech QUIT
[21:31:54] -- kitech JOIN #gzlug
[21:50:35] -- kitech QUIT
[21:51:29] -- kitech JOIN #gzlug
[22:08:40] -- kitech QUIT
[22:32:54] -- kaipeng QUIT
[23:24:42] -- kitech JOIN #gzlug
[23:43:10] -- kitech QUIT
