[09:13:38] -- rivershang JOIN #gzlug
[09:21:51] -- LastAvengers JOIN #gzlug
[10:08:47] -- huntxu JOIN #gzlug
[10:17:10] -- jactry QUIT
[11:39:18] -- rivershang QUIT
[12:02:46] -- rivershang JOIN #gzlug
[13:00:59] -- LastAvengers_ JOIN #gzlug
[13:04:37] -- LastAvengers QUIT
[13:17:11] -- rivershang1 JOIN #gzlug
[13:17:39] -- rivershang QUIT
[13:30:02] -- LastAvengers_ JOIN #gzlug
[13:41:57] -- rivershang1 QUIT
[13:45:20] -- rivershang JOIN #gzlug
[14:01:03] -- rivershang QUIT
[14:06:16] -- rivershang JOIN #gzlug
[14:14:38] -- rivershang QUIT
[14:29:06] -- rivershang JOIN #gzlug
[14:40:28] -- rivershang QUIT
[14:46:19] -- rivershang JOIN #gzlug
[14:51:29] -- rivershang QUIT
[14:53:17] -- rivershang JOIN #gzlug
[14:57:21] -- rivershang1 JOIN #gzlug
[14:58:57] -- rivershang QUIT
[15:27:26] -- LastAvengers_ QUIT
[15:28:10] -- LastAvengers_ JOIN #gzlug
[15:42:48] -- LastAvengers QUIT
[15:44:24] -- rivershang1 QUIT
[15:44:57] -- LastAvengers_ QUIT
[15:45:21] -- LastAvengers JOIN #gzlug
[15:46:51] -- rivershang JOIN #gzlug
[16:06:27] -- labots QUIT
[16:06:33] -- labots JOIN #gzlug
[16:51:00] -- rivershang QUIT
[16:56:47] -- rivershang JOIN #gzlug
[17:07:29] -- rivershang QUIT
[17:11:53] -- rivershang JOIN #gzlug
[17:27:44] -- jenenliu JOIN #gzlug
[17:29:33] -- rivershang1 JOIN #gzlug
[17:31:13] -- rivershang QUIT
[17:32:11] -- rivershang1 PART #gzlug
[18:00:28] -- jenenliu QUIT
[18:01:36] -- jenenliu JOIN #gzlug
[18:39:06] -- jenenliu QUIT
[18:56:09] -- LastAvengers QUIT
[19:18:59] -- LastAvengers JOIN #gzlug
[20:03:17] -- LastAvengers QUIT
[20:04:10] -- LastAvengers JOIN #gzlug
[20:11:08] -- huntxu QUIT
[20:11:14] -- LastAvengers QUIT
[22:09:06] -- LastAvengers JOIN #gzlug
[22:50:29] -- LastAvengers QUIT
[23:56:36] -- LastAvengers JOIN #gzlug
