[00:55:42] -- citypw JOIN #gzlug
[09:35:10] -- samson JOIN #gzlug
[10:17:37] -- huntxu JOIN #gzlug
[10:22:26] -- lastavengers_ JOIN #gzlug
[10:31:43] -- pingbo JOIN #gzlug
[10:50:32] -- pingbo_ JOIN #gzlug
[11:48:00] -- jenenliu JOIN #gzlug
[11:53:50] -- jactry JOIN #gzlug
[13:06:33] -- jactry JOIN #gzlug
[15:28:06] -- jactry JOIN #gzlug
[16:55:02] -- lastavengers_ JOIN #gzlug
[17:39:57] -- jactry JOIN #gzlug
[17:52:03] -- jactry_ JOIN #gzlug
[20:20:30] -- jactry JOIN #gzlug
[21:17:53] -- lastavengers_ JOIN #gzlug
[21:59:11] tg2gzlug: [Joey UbuntuTouch] 问一下这里有熟悉mtk相关的么？朋友公司急招人，有认识的也麻烦介绍一下多谢咯
[21:59:20] tg2gzlug: [Joey UbuntuTouch] Sticker: https://img.vim-cn.com/da/460114e6bb2707c7de55ea9ebdcd724da80aae.webp
[22:00:39] lastavengers_: ACTION 不熟
[22:01:20] tg2gzlug: [还魂僵尸] 最好还是有点具体的要求吧，就这一条，太宽泛了吧……
[22:17:30] -- huanjie JOIN #gzlug
[22:26:18] -- jactry JOIN #gzlug
