[00:07:13] -- teleboto JOIN #gzlug
[00:17:03] -- Shirasaka-Hazumi JOIN #gzlug
[08:15:51] teleboto: 臭臭 (Fuck the  mutual restrict on +86) joined chat
[08:48:23] -- rivershang JOIN #gzlug
[09:18:19] -- rivershang PART #gzlug
[09:31:20] -- SteamedFish JOIN #gzlug
[09:37:21] -- rivershang JOIN #gzlug
[09:46:08] -- huntxu JOIN #gzlug
[10:28:53] -- citypw JOIN #gzlug
[10:29:35] -- rivershang JOIN #gzlug
[11:30:58] -- rivershang JOIN #gzlug
[11:49:37] -- rivershang JOIN #gzlug
[12:55:42] -- jactry JOIN #gzlug
[13:17:41] -- felixonmars PART #gzlug
[13:34:19] -- jactry JOIN #gzlug
[13:55:15] -- rivershang JOIN #gzlug
[14:07:45] -- LastAvengers JOIN #gzlug
[14:07:56] -- LastAvengers JOIN #gzlug
[14:32:08] -- rivershang JOIN #gzlug
[15:47:01] -- jactry_ JOIN #gzlug
[17:27:58] -- rivershang PART #gzlug
[17:33:31] -- teleboto JOIN #gzlug
[17:33:55] -- teleboto JOIN #gzlug
[17:55:34] -- teleboto JOIN #gzlug
[18:49:27] -- citypw JOIN #gzlug
[18:58:32] -- SteamedFish JOIN #gzlug
[19:12:28] -- SteamedFish JOIN #gzlug
[21:09:36] -- SteamedFish JOIN #gzlug
[21:21:59] -- jactry JOIN #gzlug
[21:58:54] -- SteamedFish JOIN #gzlug
[23:10:44] -- felixonmars JOIN #gzlug
[23:43:13] -- jason___ JOIN #gzlug
[23:43:27] jason___: 你们好
[23:44:01] teleboto: [Chouch0u] 「Re jason___: 你们好」今日第一條消息
[23:49:22] teleboto: [f] hi
[23:49:33] teleboto: [f] hello
[23:50:08] jason___: hi
[23:50:29] -- jason___ PART #gzlug
[23:59:16] -- chouchou JOIN #gzlug
