[00:30:30] -- citypw JOIN #gzlug
[01:07:12] -- LastAvengers QUIT
[01:21:36] -- citypw QUIT
[01:59:18] -- labots QUIT
[04:03:40] -- kitech1 QUIT
[10:04:22] -- kitech JOIN #gzlug
[11:06:37] -- citypw JOIN #gzlug
[13:52:26] -- LastAvengers JOIN #gzlug
[14:25:00] -- SteamedFish JOIN #gzlug
[14:25:42] -- labots JOIN #gzlug
[14:48:40] -- teleboto QUIT
[14:48:49] -- teleboto JOIN #gzlug
[14:53:05] -- SteamedFish QUIT
[14:53:27] -- SteamedFish JOIN #gzlug
[14:56:58] -- SteamedFish QUIT
[14:57:18] -- SteamedFish JOIN #gzlug
[15:04:55] -- teleboto QUIT
[15:05:04] -- teleboto JOIN #gzlug
[15:18:33] -- teleboto QUIT
[15:18:42] -- teleboto JOIN #gzlug
[15:30:29] -- SteamedFish QUIT
[17:14:34] -- teleboto QUIT
[17:14:44] -- teleboto JOIN #gzlug
[19:56:56] -- LastAvengers QUIT
[20:04:56] -- LastAvengers JOIN #gzlug
[20:23:18] -- labots PART #gzlug
[20:23:36] -- labots JOIN #gzlug
[21:21:20] -- felixonmars QUIT
[21:25:39] -- felixonmars JOIN #gzlug
[22:03:21] -- felixonmars QUIT
[22:06:11] -- felixonmars JOIN #gzlug
[23:15:07] -- LastAvengers QUIT
