[00:19:20] -- LastAvengers QUIT
[01:42:54] -- citypw QUIT
[04:18:10] -- kitech QUIT
[05:58:45] -- jactry_ JOIN #gzlug
[05:59:51] -- jactry QUIT
[06:19:11] -- jactry_ QUIT
[06:44:27] -- jactry JOIN #gzlug
[09:42:48] -- LastAvengers JOIN #gzlug
[09:49:06] -- LastAvengers QUIT
[09:57:17] -- LastAvengers JOIN #gzlug
[10:46:02] -- kitech JOIN #gzlug
[10:48:24] -- LastAvengers QUIT
[11:01:29] -- LastAvengers JOIN #gzlug
[13:03:42] -- LastAvengers QUIT
[14:43:06] -- citypw JOIN #gzlug
[16:56:20] -- kitech2 JOIN #gzlug
[16:57:05] -- kitech QUIT
[18:13:31] -- kitech2 QUIT
[18:15:07] -- kitech JOIN #gzlug
[18:21:05] -- kitech QUIT
[18:41:14] -- kitech1 JOIN #gzlug
[19:11:02] -- LastAvengers JOIN #gzlug
[22:29:10] -- labots QUIT
[22:29:17] -- labots JOIN #gzlug
