[00:12:37] -- pingbo JOIN #gzlug
[02:26:02] -- erhandsome JOIN #gzlug
[09:37:38] tg2gzlug: [Bash Horatio] 只看少聊，多年习惯，没人点名，绝不出声，在鹅厂的软件里打字都嫌烦
[09:38:27] tg2gzlug: [Bash Horatio] yun bai: 只看少聊，多年习惯，没人点名，绝不出声，在鹅厂的软件里打字都嫌烦
[10:10:27] -- pingbo JOIN #gzlug
[10:29:42] -- haozi JOIN #gzlug
[10:41:14] -- haozi PART #gzlug
[11:04:41] -- pingbo JOIN #gzlug
[11:44:48] -- LastAvengers JOIN #gzlug
[11:44:56] LastAvengers: > http://music.163.com/#/song?id=31311205
[12:12:23] -- pingbo JOIN #gzlug
[12:15:52] tg2gzlug: [知了2.1 kolibri] 好听~
[12:16:44] tg2gzlug: [知了2.1 kolibri] The Rolling Girls 所有歌曲都好听~
[12:39:13] tg2gzlug: [知了2.1 kolibri] http://music.163.com/#/song?id=28738354
[12:59:54] tg2gzlug: [LastAvengers] wow 点兔。
[13:15:01] -- pingbo JOIN #gzlug
[16:29:29] -- jactry JOIN #gzlug
[16:52:20] tg2gzlug: [知了2.1 kolibri] 分享ZAQ的单曲《漆黒に躍る弧濁覇王節》: http://163.fm/RobRf78
[16:52:21] tg2gzlug: [知了2.1 kolibri] (来自@网易云音乐)
[19:05:36] -- LastAvengers JOIN #gzlug
[19:53:06] -- jactry JOIN #gzlug
[21:23:33] -- citypw JOIN #gzlug
