[00:14:01] -- kitech QUIT
[00:15:24] -- kitech JOIN #gzlug
[00:45:55] -- kitech QUIT
[02:14:16] -- SteamedFish JOIN #gzlug
[02:14:18] -- SteamedFish QUIT
[09:16:40] -- LastAvengers JOIN #gzlug
[09:29:45] -- rivershang JOIN #gzlug
[09:34:01] -- SteamedFish JOIN #gzlug
[09:57:41] -- kitech JOIN #gzlug
[10:26:55] -- huntxu JOIN #gzlug
[10:27:18] -- LastAvengers QUIT
[10:36:20] -- citypw JOIN #gzlug
[10:46:41] -- LastAvengers JOIN #gzlug
[11:52:09] -- LastAvengers QUIT
[12:22:48] -- LastAvengers JOIN #gzlug
[13:33:36] -- SteamedFish QUIT
[13:36:24] -- SteamedFish JOIN #gzlug
[16:37:46] -- rivershang QUIT
[16:42:44] -- rivershang JOIN #gzlug
[17:20:31] -- LastAvengers QUIT
[17:36:27] -- rivershang PART #gzlug
[18:23:09] -- citypw QUIT
[18:27:32] -- jactry QUIT
[18:28:49] -- jactry JOIN #gzlug
[18:29:37] -- kitech QUIT
[18:42:52] -- LastAvengers JOIN #gzlug
[18:54:29] -- huntxu QUIT
[18:56:21] -- huntxu JOIN #gzlug
[19:04:50] -- huntxu QUIT
[19:06:21] -- jactry_ JOIN #gzlug
[19:08:59] -- jactry QUIT
[19:32:37] -- kitech JOIN #gzlug
[19:38:33] -- jactry_ QUIT
[19:43:03] -- jactry JOIN #gzlug
[20:30:59] -- citypw JOIN #gzlug
[21:09:27] -- SteamedFish QUIT
[21:24:31] -- kitech QUIT
[21:46:35] -- kitech JOIN #gzlug
[22:09:24] -- LastAvengers QUIT
[22:24:33] -- Lily-Ayta JOIN #gzlug
[22:59:07] -- kitech QUIT
[23:15:50] -- kitech JOIN #gzlug
[23:30:40] -- citypw QUIT
