[00:01:51] -- LastAvengers PART #gzlug
[02:27:27] -- citypw QUIT
[08:57:03] -- LastAvengers JOIN #gzlug
[09:31:49] -- SteamedFish JOIN #gzlug
[09:33:29] -- rivershang JOIN #gzlug
[10:55:17] -- citypw JOIN #gzlug
[10:57:22] -- jactry JOIN #gzlug
[11:03:02] -- citypw QUIT
[11:08:08] -- jenenliu JOIN #gzlug
[11:08:19] -- jenenliu QUIT
[11:17:57] -- citypw JOIN #gzlug
[11:41:14] -- jactry QUIT
[11:44:35] -- jactry JOIN #gzlug
[11:56:37] -- felixonmars QUIT
[12:05:54] -- felixonmars JOIN #gzlug
[12:11:46] -- felixonmars QUIT
[12:36:59] -- felixonmars JOIN #gzlug
[13:41:36] -- jactry_ JOIN #gzlug
[13:41:49] -- jactry QUIT
[13:47:48] -- LastAvengers QUIT
[14:14:00] -- jactry_ QUIT
[14:30:15] -- citypw QUIT
[14:44:21] -- citypw JOIN #gzlug
[15:17:27] -- LastAvengers JOIN #gzlug
[16:10:03] -- jenenliu JOIN #gzlug
[17:43:42] -- rivershang QUIT
[18:59:09] -- citypw QUIT
[19:31:36] -- jac_pr1 JOIN #gzlug
[20:24:50] -- jac_pr1 PART #gzlug
[21:48:27] -- LastAvengers__ QUIT
[21:50:22] -- LastAvengers JOIN #gzlug
[21:51:06] -- LastAvengers QUIT
[21:51:29] -- LastAvengers JOIN #gzlug
[22:30:03] -- jenenliu QUIT
[22:36:25] -- LastAvengers PART #gzlug
[22:55:31] teleboto: 山屶  joined chat
[22:56:34] teleboto: [山屶] (unsupported message type)
