[00:25:52] -- LastAvengers QUIT
[08:42:55] -- huntxu JOIN #gzlug
[08:53:19] -- rivershang JOIN #gzlug
[09:06:26] -- LastAvengers JOIN #gzlug
[09:08:38] -- LastAvengers QUIT
[09:10:07] -- LastAvengers JOIN #gzlug
[09:14:52] -- LastAvengers QUIT
[09:19:01] -- LastAvengers JOIN #gzlug
[10:40:46] -- jactry QUIT
[11:01:10] -- citypw JOIN #gzlug
[12:26:25] -- farseerfc QUIT
[12:26:52] -- farseerfc JOIN #gzlug
[15:32:03] -- LastAvengers QUIT
[15:32:20] -- LastAvengers JOIN #gzlug
[17:30:11] -- rivershang PART #gzlug
[18:37:04] -- citypw QUIT
[18:43:34] -- gauge QUIT
[18:49:12] -- huntxu QUIT
[18:50:02] -- gauge JOIN #gzlug
[19:55:35] -- LastAvengers QUIT
[21:08:10] -- LastAvengers JOIN #gzlug
[23:12:26] teleboto: Jiabin Peng joined chat
[23:51:32] -- jactry JOIN #gzlug
