[17:49:10] -- gzluglog JOIN #gzlug
[17:49:28] LastAvengers: 最近 logbot 老是掉好奇怪……
[17:55:02] jactry: change log 放出来 +1 233
[17:55:18] LastAvengers: 可能最近 net split 比较多……
[17:55:58] jactry: 放在哪里跑的？
[17:56:18] LastAvengers: 我的 vps 上。
[17:57:55] tg2gzlug: [LastAvengers] Fwd archcnbot: [biergaizi] Freenode 滚系统……
[17:58:03] tg2gzlug: [LastAvengers] Fwd archcnbot: [LastAvengers] freenode 在更新 glibc（
[17:58:04] tg2gzlug: [LastAvengers] hhhh
[18:00:01] jactry: 有道理
[18:00:11] jactry: 帮 bot 加个自动重连吧？
[18:00:41] LastAvengers: 我有时间看看，问题在于 bot 好像不知道自己断了（
[18:00:56] jactry: 233
[18:02:18] tg2gzlug: [知了2.1 kolibri] few bugs fixed, no new feature added.
[18:03:06] tg2gzlug: [知了2.1 kolibri] 少量bug修复，未加入新特性。
[18:08:22] -- tg2gzlug JOIN #gzlug
[18:25:53] LastAvengers: > tg2gzlug has left freenode (*.net *.split)
[18:31:13] -- tg2gzlug PART #gzlug
[18:31:14] -- tg2gzlug JOIN #gzlug
[18:31:38] tg2gzlug: [farseerfc] 好了吧
[18:33:52] -- huntxu JOIN #gzlug
[18:40:31] -- pingbo JOIN #gzlug
[18:46:21] LastAvengers: 嗯，（其实没坏过
[19:51:14] -- Shirasaka-Hazumi JOIN #gzlug
[20:00:13] -- LastAvengers JOIN #gzlug
[21:23:30] -- LastAvengers PART #gzlug
[21:48:54] -- LastAvengers JOIN #gzlug
[22:55:07] Shirasaka-Hazumi: freenode在线滚系统也是可以
[23:43:27] -- Shirasaka-Hazumi JOIN #gzlug
[23:51:11] -- LastAvengers JOIN #gzlug
