[00:09:49] -- LastAvengers QUIT
[09:14:09] -- huntxu JOIN #gzlug
[09:18:58] -- rivershang JOIN #gzlug
[09:28:55] -- LastAvengers JOIN #gzlug
[10:06:35] -- rivershang QUIT
[10:08:44] -- rivershang JOIN #gzlug
[10:56:20] -- LastAvengers QUIT
[11:22:00] -- LastAvengers JOIN #gzlug
[13:17:57] -- LastAvengers QUIT
[13:27:33] -- LastAvengers JOIN #gzlug
[13:42:56] -- rivershang QUIT
[13:43:46] -- rivershang JOIN #gzlug
[17:32:15] -- rivershang PART #gzlug
[20:08:39] -- huntxu QUIT
[20:24:40] -- LastAvengers QUIT
[21:52:35] -- LastAvengers JOIN #gzlug
[21:55:19] -- LastAvengers QUIT
[21:55:38] -- LastAvengers JOIN #gzlug
[21:56:09] -- LastAvengers QUIT
[21:56:23] -- LastAvengers JOIN #gzlug
