[00:05:13] -- citypw QUIT
[00:05:37] -- citypw JOIN #gzlug
[00:26:37] -- kitech QUIT
[00:39:22] -- kitech JOIN #gzlug
[01:23:44] -- citypw QUIT
[01:25:13] -- citypw JOIN #gzlug
[01:40:45] -- citypw QUIT
[02:45:13] -- kitech QUIT
[09:19:00] -- \la JOIN #gzlug
[10:18:17] -- \la QUIT
[10:48:37] -- \la JOIN #gzlug
[11:00:07] -- kitech JOIN #gzlug
[11:04:32] -- kitech QUIT
[11:05:29] -- kitech JOIN #gzlug
[11:38:19] -- kitech QUIT
[11:39:13] -- kitech JOIN #gzlug
[14:46:45] -- jactry QUIT
[15:31:38] -- jactry JOIN #gzlug
[16:17:20] -- jenenliu1115 JOIN #gzlug
[16:57:15] -- \la_ JOIN #gzlug
[16:57:25] -- \la QUIT
[18:19:52] -- citypw JOIN #gzlug
[18:30:50] -- \la_ JOIN #gzlug
[18:31:23] -- \la_ QUIT
[18:31:42] -- \la_ JOIN #gzlug
[19:07:56] -- kitech QUIT
[19:36:09] -- \la QUIT
[19:43:31] -- kitech JOIN #gzlug
[22:10:48] -- kitech PART #gzlug
[22:12:01] -- kitech JOIN #gzlug
[22:15:01] -- kitech QUIT
[23:17:12] -- \la QUIT
[23:25:59] -- \la JOIN #gzlug
