[00:05:51] -- LastAvengers QUIT
[00:20:24] -- LastAvengers JOIN #gzlug
[00:53:52] -- LastAvengers QUIT
[09:11:33] -- rivershang JOIN #gzlug
[09:46:21] -- huntxu JOIN #gzlug
[10:05:17] -- citypw JOIN #gzlug
[10:17:06] -- jenenliu JOIN #gzlug
[10:24:12] -- LastAvengers JOIN #gzlug
[10:35:54] -- liuhuanjie_ JOIN #gzlug
[10:37:28] -- jenenliu QUIT
[11:13:09] -- rivershang QUIT
[11:13:57] -- rivershang JOIN #gzlug
[12:07:23] -- rivershang QUIT
[12:12:50] -- rivershang JOIN #gzlug
[14:24:14] -- rivershang QUIT
[15:01:47] -- rivershang JOIN #gzlug
[17:26:14] -- rivershang PART #gzlug
[17:55:09] -- citypw QUIT
[18:07:39] -- citypw JOIN #gzlug
[18:20:27] -- citypw QUIT
[21:57:17] -- huntxu QUIT
[23:13:19] -- LQYMGT QUIT
[23:14:03] -- LastAvengers JOIN #gzlug
