[09:29:58] -- gzluglog JOIN #gzlug
[09:44:43] -- labots QUIT
[09:44:50] -- labots JOIN #gzlug
[09:54:39] -- huntxu JOIN #gzlug
[09:55:53] -- kitech1 JOIN #gzlug
[10:03:44] -- LastAvengers QUIT
[10:51:50] -- citypw JOIN #gzlug
[11:47:25] -- LastAvengers JOIN #gzlug
[12:17:48] -- kitech1 QUIT
[12:17:59] -- kitech1 JOIN #gzlug
[12:34:37] -- labots PART #gzlug
[12:34:46] -- labots_ JOIN #gzlug
[17:17:00] -- varia QUIT
[17:17:01] -- LastAvengers QUIT
[17:17:01] -- huntxu QUIT
[17:17:11] -- farseerfc QUIT
[17:17:11] -- teleboto QUIT
[17:17:15] -- gauge QUIT
[17:34:35] -- rivershang PART #gzlug
[17:57:18] -- huntxu JOIN #gzlug
[18:06:59] -- LastAvengers JOIN #gzlug
[18:07:57] -- gauge JOIN #gzlug
[18:09:42] -- farseerfc JOIN #gzlug
[18:09:42] -- teleboto JOIN #gzlug
[18:10:07] -- varia JOIN #gzlug
[18:10:21] -- varia QUIT
[18:10:23] -- farseerfc QUIT
[18:10:24] -- teleboto QUIT
[18:10:27] -- gauge QUIT
[18:10:28] -- LastAvengers QUIT
[18:27:04] -- gauge JOIN #gzlug
[18:27:12] -- varia JOIN #gzlug
[18:27:18] -- LastAvengers JOIN #gzlug
[18:28:12] -- farseerfc JOIN #gzlug
[18:28:12] -- teleboto JOIN #gzlug
[18:48:27] -- LastAvengers QUIT
[18:56:06] -- citypw QUIT
[18:59:17] -- huntxu QUIT
[19:21:07] -- LastAvengers JOIN #gzlug
[19:22:44] -- kitech1 QUIT
[19:27:12] -- LastAvengers QUIT
[20:17:30] -- kitech1 JOIN #gzlug
[20:37:00] -- jactry JOIN #gzlug
[20:47:00] -- LastAvengers JOIN #gzlug
[20:57:07] -- LastAvengers QUIT
[20:57:30] -- LastAvengers JOIN #gzlug
[21:17:00] -- LastAvengers QUIT
[21:30:59] -- LastAvengers JOIN #gzlug
