[00:22:46] -- LastAvengers QUIT
[09:13:32] -- rivershang JOIN #gzlug
[09:24:46] -- LastAvengers JOIN #gzlug
[09:38:16] -- rivershang QUIT
[10:06:33] -- huntxu JOIN #gzlug
[10:10:23] -- rivershang JOIN #gzlug
[10:31:26] -- labots QUIT
[10:31:33] -- labots JOIN #gzlug
[11:23:50] -- citypw JOIN #gzlug
[13:17:11] -- LastAvengers QUIT
[13:20:02] -- LastAvengers JOIN #gzlug
[13:20:09] -- LastAvengers QUIT
[14:00:57] -- LastAvengers JOIN #gzlug
[17:24:46] -- rivershang QUIT
[18:07:16] -- LastAvengers QUIT
[18:21:58] -- citypw QUIT
[18:34:16] -- LastAvengers JOIN #gzlug
[19:01:56] -- huntxu QUIT
[19:18:08] -- jactry JOIN #gzlug
[20:54:44] -- LastAvengers QUIT
[21:58:12] -- LastAvengers JOIN #gzlug
[22:03:06] -- jactry QUIT
