[00:17:24] -- citypw QUIT
[00:54:52] -- LastAvengers QUIT
[00:55:31] -- kitech JOIN #gzlug
[01:13:42] -- \la JOIN #gzlug
[01:26:41] -- \la QUIT
[01:32:43] -- kitech QUIT
[02:59:05] -- kitech JOIN #gzlug
[04:20:08] -- jactry_ JOIN #gzlug
[04:23:52] -- jactry QUIT
[04:56:01] -- kitech QUIT
[04:56:09] -- kitech JOIN #gzlug
[04:56:25] -- kitech QUIT
[04:56:34] -- kitech JOIN #gzlug
[04:57:03] -- kitech QUIT
[04:57:14] -- kitech JOIN #gzlug
[04:57:18] -- kitech QUIT
[08:39:27] -- jactry_ QUIT
[08:44:07] -- rivershang JOIN #gzlug
[08:45:58] -- jactry JOIN #gzlug
[09:17:30] -- jenenliu116 QUIT
[09:18:10] -- jenenliu116 JOIN #gzlug
[09:43:19] -- jactry QUIT
[09:57:22] -- citypw JOIN #gzlug
[10:06:03] -- huntxu JOIN #gzlug
[10:08:57] -- kitech JOIN #gzlug
[10:26:59] -- \la JOIN #gzlug
[10:47:16] -- \la QUIT
[10:55:35] -- LastAvengers_ JOIN #gzlug
[13:14:04] -- horisun JOIN #gzlug
[14:35:21] -- horisun QUIT
[14:52:23] -- jactry JOIN #gzlug
[16:06:33] -- rivershang QUIT
[17:02:17] -- jenenliu117 JOIN #gzlug
[17:02:33] -- jenenliu116 QUIT
[17:26:26] -- citypw QUIT
[19:09:16] -- kitech QUIT
[19:14:14] -- huntxu QUIT
[19:16:28] -- jenenliu118 JOIN #gzlug
[19:17:46] -- jenenliu117 QUIT
[20:45:21] teleboto: [jactry] http://meetu.ps/e/BSvvp/vL3p9/a
[22:51:51] -- kitech JOIN #gzlug
[23:04:38] -- LastAvenger QUIT
