[00:54:35] -- LastAvengers QUIT
[00:54:43] -- kitech QUIT
[00:54:58] -- kitech JOIN #gzlug
[00:59:34] -- kitech QUIT
[02:54:26] -- farseerfc QUIT
[03:13:43] -- farseerfc JOIN #gzlug
[04:28:01] -- citypw QUIT
[09:02:06] -- \la JOIN #gzlug
[09:20:43] -- rivershang JOIN #gzlug
[09:30:11] -- rivershang QUIT
[09:36:48] -- SteamedFish JOIN #gzlug
[09:45:59] -- rivershang JOIN #gzlug
[09:49:40] -- teleboto QUIT
[09:49:48] -- teleboto JOIN #gzlug
[09:57:04] -- FisherDuan JOIN #gzlug
[09:58:01] -- SteamedFish QUIT
[10:00:20] -- kitech JOIN #gzlug
[10:14:11] -- huntxu JOIN #gzlug
[10:47:25] -- geno1024 QUIT
[11:38:56] -- \la QUIT
[12:04:17] -- geno1024 JOIN #gzlug
[13:23:56] -- rivershang QUIT
[13:26:32] -- rivershang JOIN #gzlug
[13:34:08] -- LastAvengers JOIN #gzlug
[14:27:23] -- FisherDuan QUIT
[15:01:26] -- geno1024 QUIT
[15:49:57] -- \la QUIT
[15:53:39] -- LastAvengers JOIN #gzlug
[16:52:24] -- LastAvengers QUIT
[17:16:06] -- LastAvengers JOIN #gzlug
[17:18:10] -- LastAvengers QUIT
[17:33:00] -- teleboto QUIT
[17:33:07] -- teleboto JOIN #gzlug
[17:33:28] -- teleboto QUIT
[17:33:54] -- teleboto JOIN #gzlug
[17:34:14] -- rivershang PART #gzlug
[17:36:22] -- teleboto QUIT
[17:36:29] -- teleboto JOIN #gzlug
[18:21:14] -- jactry JOIN #gzlug
[18:22:26] -- jactry QUIT
[19:22:04] -- huntxu QUIT
[19:26:40] -- LastAvengers JOIN #gzlug
[19:47:04] -- kitech QUIT
[19:50:06] -- teleboto QUIT
[19:50:14] -- teleboto JOIN #gzlug
[20:42:09] -- kitech JOIN #gzlug
[23:12:13] -- kitech QUIT
[23:30:20] -- kitech JOIN #gzlug
