[00:49:31] -- LastAvenger JOIN #gzlug
[01:05:07] -- kitech QUIT
[01:10:25] -- LastAvenger QUIT
[07:42:15] -- jenenliu118 QUIT
[08:57:58] -- rivershang JOIN #gzlug
[09:16:11] -- huntxu JOIN #gzlug
[09:44:55] -- SteamedFish JOIN #gzlug
[10:01:39] -- LastAvenger JOIN #gzlug
[10:26:17] -- kitech JOIN #gzlug
[10:28:00] -- LastAvenger QUIT
[10:47:59] -- citypw JOIN #gzlug
[11:03:24] -- LastAvenger JOIN #gzlug
[11:22:12] -- kitech QUIT
[11:23:52] -- kitech JOIN #gzlug
[11:23:52] -- kitech QUIT
[11:25:22] -- kitech JOIN #gzlug
[11:25:22] -- kitech QUIT
[11:27:16] -- kitech JOIN #gzlug
[11:27:16] -- kitech QUIT
[11:30:13] -- kitech JOIN #gzlug
[11:30:13] -- kitech QUIT
[11:31:40] -- kitech JOIN #gzlug
[11:31:40] -- kitech QUIT
[11:32:59] -- kitech JOIN #gzlug
[11:32:59] -- kitech QUIT
[11:35:09] -- kitech JOIN #gzlug
[11:35:09] -- kitech QUIT
[11:36:54] -- kitech JOIN #gzlug
[11:36:54] -- kitech QUIT
[11:37:53] -- kitech JOIN #gzlug
[11:37:53] -- kitech QUIT
[11:39:13] -- kitech JOIN #gzlug
[11:39:13] -- kitech QUIT
[11:45:37] -- kitech JOIN #gzlug
[11:45:37] -- kitech QUIT
[11:46:54] -- kitech JOIN #gzlug
[11:46:54] -- kitech QUIT
[11:47:50] -- kitech JOIN #gzlug
[11:47:50] -- kitech QUIT
[11:49:24] -- kitech JOIN #gzlug
[11:49:24] -- kitech QUIT
[11:50:54] -- kitech JOIN #gzlug
[11:50:54] -- kitech QUIT
[11:57:21] -- kitech JOIN #gzlug
[11:57:21] -- kitech QUIT
[11:58:31] -- kitech JOIN #gzlug
[11:58:31] -- kitech QUIT
[11:59:41] -- kitech JOIN #gzlug
[11:59:41] -- kitech QUIT
[12:01:46] -- kitech JOIN #gzlug
[12:01:46] -- kitech QUIT
[13:26:08] -- \la JOIN #gzlug
[13:32:25] -- kitech JOIN #gzlug
[13:35:30] -- kitech QUIT
[13:37:43] -- kitech JOIN #gzlug
[13:37:43] -- kitech QUIT
[13:38:38] -- kitech JOIN #gzlug
[13:38:38] -- kitech QUIT
[13:40:14] -- kitech JOIN #gzlug
[13:40:14] -- kitech QUIT
[14:12:15] -- jactry QUIT
[14:40:46] -- \la QUIT
[14:41:05] -- \la JOIN #gzlug
[15:11:35] -- \la QUIT
[16:27:34] -- citypw QUIT
[16:28:34] -- citypw JOIN #gzlug
[16:46:34] -- \la JOIN #gzlug
[17:10:08] -- kitech JOIN #gzlug
[17:10:08] -- kitech QUIT
[17:12:09] -- kitech JOIN #gzlug
[17:12:09] -- kitech QUIT
[17:20:55] -- \la QUIT
[17:21:22] -- LastAvengers QUIT
[17:34:26] -- rivershang PART #gzlug
[17:53:56] -- citypw QUIT
[18:52:30] teleboto: [冰雪聪明琳之风] 话说上个月说带 Colorfly E708 Q1 那个会不会带过来呢
[19:22:39] -- \la JOIN #gzlug
[19:34:19] -- jactry JOIN #gzlug
[20:09:54] -- jactry_ JOIN #gzlug
[20:12:46] -- jactry QUIT
[21:01:26] -- huntxu QUIT
[21:41:20] -- SteamedFish QUIT
[23:32:22] -- jenenliu118 JOIN #gzlug
