[00:09:24] -- LastAvengers QUIT
[08:37:32] -- rivershang JOIN #gzlug
[08:53:20] -- huntxu JOIN #gzlug
[09:38:32] -- jactry QUIT
[11:00:21] -- Zrobot JOIN #gzlug
[11:00:46] -- Zrobot PART #gzlug
[11:07:23] -- LastAvengers JOIN #gzlug
[11:19:00] -- jactry JOIN #gzlug
[11:23:51] -- LastAvengers QUIT
[12:09:01] -- citypw JOIN #gzlug
[13:08:24] -- SteamedFish JOIN #gzlug
[16:07:34] -- citypw QUIT
[16:08:15] -- jactry QUIT
[16:16:28] -- justin_snake JOIN #gzlug
[16:33:36] -- citypw JOIN #gzlug
[17:32:56] -- rivershang PART #gzlug
[18:04:01] -- citypw QUIT
[18:37:27] -- LastAvengers JOIN #gzlug
[19:14:20] -- huntxu QUIT
[20:30:21] -- jactry JOIN #gzlug
[22:13:05] -- SteamedFish QUIT
[23:11:24] -- justin_snake QUIT
[23:35:56] -- LastAvengers QUIT
