[09:11:11] -- gzluglog JOIN #gzlug
[09:13:38] -- LastAvengers JOIN #gzlug
[09:28:44] -- SteamedFish JOIN #gzlug
[10:03:12] -- kitech JOIN #gzlug
[10:22:39] -- huntxu JOIN #gzlug
[10:42:11] -- jenenliu112 JOIN #gzlug
[10:42:30] -- jenenliu112 QUIT
[10:52:12] -- LastAvengers QUIT
[10:59:10] -- FisherDuan JOIN #gzlug
[10:59:31] -- SteamedFish QUIT
[11:45:12] -- citypw QUIT
[12:00:13] -- jactry_ JOIN #gzlug
[12:02:51] -- jactry QUIT
[12:04:57] -- huntxu QUIT
[12:06:22] -- huntxu JOIN #gzlug
[12:08:51] -- LastAvengers JOIN #gzlug
[12:15:28] -- jenenliu112 JOIN #gzlug
[12:15:44] -- jenenliu112 QUIT
[13:05:37] -- huntxu QUIT
[14:18:32] -- LastAvengers QUIT
[14:19:04] -- LastAvengers JOIN #gzlug
[14:50:06] -- jenenliu112 JOIN #gzlug
[15:56:20] -- FisherDuan QUIT
[15:57:33] -- SteamedFish JOIN #gzlug
[16:14:26] -- jenenliu112 QUIT
[16:15:11] -- jenenliu112 JOIN #gzlug
[16:33:29] -- huntxu JOIN #gzlug
[16:43:47] -- erhandsome JOIN #gzlug
[16:51:17] -- LastAvengers QUIT
[16:53:55] -- LastAvengers JOIN #gzlug
[17:18:58] -- erhandsome QUIT
[17:19:33] -- erhandsome JOIN #gzlug
[17:19:58] -- erhandsome QUIT
[17:25:11] -- erhandsome JOIN #gzlug
[17:29:24] -- erhandsome QUIT
[17:31:47] -- LastAvengers QUIT
[17:33:04] -- rivershang PART #gzlug
[17:39:25] -- erhandsome JOIN #gzlug
[18:01:39] -- erhandsome QUIT
[18:04:19] -- huntxu QUIT
[18:14:53] -- huntxu JOIN #gzlug
[18:36:08] -- erhandsome JOIN #gzlug
[18:38:59] -- LastAvengers JOIN #gzlug
[18:39:31] -- erhandsome QUIT
[18:40:13] -- erhandsome JOIN #gzlug
[18:41:07] -- erhandsome QUIT
[18:44:49] -- erhandsome JOIN #gzlug
[18:53:23] -- SteamedFish QUIT
[18:56:07] -- erhandsome QUIT
[18:56:35] -- SteamedFish JOIN #gzlug
[18:56:37] -- erhandsome JOIN #gzlug
[19:01:35] -- huntxu QUIT
[19:03:57] -- huntxu JOIN #gzlug
[19:08:52] -- erhandsome QUIT
[19:12:33] -- erhandsome JOIN #gzlug
[19:17:47] -- erhandsome QUIT
[19:19:20] -- erhandsome JOIN #gzlug
[19:20:27] -- huntxu QUIT
[19:21:57] -- SteamedFish QUIT
[19:23:00] -- SteamedFish JOIN #gzlug
[19:36:02] -- jenenliu112 QUIT
[19:36:36] -- jenenliu112 JOIN #gzlug
[19:46:38] -- SteamedFish QUIT
[19:48:26] -- SteamedFish JOIN #gzlug
[19:49:07] -- kitech QUIT
[20:10:49] -- SteamedFish QUIT
[20:16:32] -- SteamedFish JOIN #gzlug
[20:42:32] -- kitech JOIN #gzlug
[20:43:08] -- citypw JOIN #gzlug
[20:44:40] -- SteamedFish QUIT
[21:14:37] -- jenenliu113 JOIN #gzlug
[21:15:48] -- jenenliu112 QUIT
[21:31:58] -- kitech QUIT
[21:54:58] -- kitech JOIN #gzlug
[22:06:04] -- kitech QUIT
[22:14:35] -- jactry QUIT
[22:14:47] -- jactry JOIN #gzlug
[22:40:35] -- kitech JOIN #gzlug
[23:01:25] -- jenenliu113 QUIT
[23:02:09] -- jenenliu113 JOIN #gzlug
[23:46:56] -- citypw QUIT
