[00:20:00] -- LastAvengers_ JOIN #gzlug
[00:41:12] tg2gzlug: [知了2.2 nopea] 回到windows了。
[00:41:20] tg2gzlug: [知了2.2 nopea] 还是windows用得爽现在
[00:41:44] tg2gzlug: [知了2.2 nopea] 以后专门买台电脑来折腾linux吧
[00:45:43] tg2gzlug: [Jactry Zeng] 烧死楼上 xD
[00:46:28] tg2gzlug: [Jactry Zeng] 为了和 gzlug 的小伙伴玩，Mac 我都不敢用了，你居然说 Windows 好用 xD
[00:47:04] tg2gzlug: [知了2.2 nopea] 好吧，主要是deepin确实不好用。
[00:47:35] tg2gzlug: [知了2.2 nopea] 我可能会买台二手本本来玩linux吧。
[00:47:51] tg2gzlug: [知了2.2 nopea] 发行版的话，肯定是arch了。
[00:48:50] tg2gzlug: [Jactry Zeng] arch 用户艺高人胆大 xD
[00:49:06] tg2gzlug: [知了2.2 nopea] 可折腾的空间大很多很多。。
[00:50:06] tg2gzlug: [知了2.2 nopea] 桌面的话，肯定是KDE5了。
[01:09:04] -- jactry JOIN #gzlug
[01:30:40] tg2gzlug: [farseerfc] arch也可以用deepin de（
[01:31:04] tg2gzlug: [知了2.2 nopea] 不喜欢deepin DE
[01:31:15] tg2gzlug: [知了2.2 nopea] 还是KDE适合我
[01:35:35] tg2gzlug: [farseerfc] 233 我也是kde
[08:31:38] tg2gzlug: [还魂僵尸] 有没有用轻量级de的？
[08:37:29] tg2gzlug: [知了2.2 nopea] lxde?
[08:37:34] tg2gzlug: [知了2.2 nopea] xfce?
[08:38:01] tg2gzlug: [farseerfc] lxqt?
[08:38:52] tg2gzlug: [还魂僵尸] enlightenment
[08:39:40] tg2gzlug: [还魂僵尸] 😝
[08:43:50] tg2gzlug: [farseerfc] e19 輕麼？
[08:44:04] tg2gzlug: [Mingcong Bai] 依赖重
[08:44:38] tg2gzlug: [还魂僵尸] 好吧，还有什么 ？lxxx感觉不好看啊
[08:45:55] tg2gzlug: [farseerfc] 要更輕不如自己用wm搭
[08:46:30] tg2gzlug: [farseerfc] 其實我覺得i3wm最近有發展成de的趨勢，配套組件一堆了
[08:52:38] tg2gzlug: [还魂僵尸] Sticker: https://img.vim-cn.com/b6/eb53b559cf50038fb87dd7b3b916c78c33ba73.webp
[09:18:43] tg2gzlug: [知了2.2 nopea] i3wm不错。好使。
[09:19:53] tg2gzlug: [farseerfc] awesome不折騰（
[09:21:58] tg2gzlug: [还魂僵尸] 已经分裂了……
[09:24:20] tg2gzlug: [知了2.2 nopea] awesome配置比较麻烦。i3wm配置简单。。
[09:28:46] tg2gzlug: [farseerfc] awesome默認配置用了3年，看到的i3wm用戶都在折騰配置（
[09:32:02] tg2gzlug: [知了2.2 nopea] 我的i3wm配置文件还保存在Dropbox上
[09:36:11] -- SteamedFish JOIN #gzlug
[09:42:45] tg2gzlug: [知了2.2 nopea] 其实也没什么可折腾的。无非是一些快捷键，启动项，和状态栏的设置。
[09:43:39] tg2gzlug: [farseerfc] 對呀，這些awesome默認就挺好用
[10:18:42] -- samson JOIN #gzlug
[11:36:16] -- SteamedFish JOIN #gzlug
[12:14:32] tg2gzlug: [Bash Horatio] 知了2.2 nopea: 这个已经足够折腾了，不习惯鼠标，快捷键很重要
[12:24:43] tg2gzlug: [erhandsome] i3也没多少能折腾的…
[14:23:13] -- huntxu JOIN #gzlug
[14:44:09] tg2gzlug: [Liang Zunway] lxqt现在还挺好看的
[15:36:09] -- jactry JOIN #gzlug
[15:40:37] tg2gzlug: [Bash Horatio] 不是说新版跟win10一个挫样？
[16:07:59] -- huntxu JOIN #gzlug
[16:40:41] -- huntxu JOIN #gzlug
[17:48:17] -- huntxu JOIN #gzlug
[18:40:23] tg2gzlug: [Liang Zunway] Bash Horatio: 看还是可以的，没有垃圾特效，就是下面的面板一条黑条看起来像win10
[18:41:34] tg2gzlug: [知了2.2 nopea] win 10的面板颜色是可改的。
[18:43:35] tg2gzlug: [Liang Zunway] 知了2.2 nopea: lxqt的面板=win10的任务栏
[18:43:53] tg2gzlug: [知了2.2 nopea] 对。任务栏。。
[18:44:22] tg2gzlug: [知了2.2 nopea] Img: https://img.vim-cn.com/76/05fcff39b083bcfe12a9182d076418ad2d882d.jpg
[18:44:49] tg2gzlug: [Liang Zunway] 反正我用gnome
[18:45:04] tg2gzlug: [Liang Zunway] Sticker: https://img.vim-cn.com/b3/d2b06350ee580370cd82d0f70a76c0cdf7d4c5.webp
[18:59:46] tg2gzlug: [Bash Horatio] Liang Zunway: gnome工具全，除了批量修改文件名，支持也好，但是比较笨重
[19:00:17] tg2gzlug: [Bash Horatio] 在好用和轻量之间，总是很难平衡
[19:00:25] tg2gzlug: [知了2.2 nopea] 还是KDE好我觉得
[19:00:57] tg2gzlug: [知了2.2 nopea] dolphin和kate真的很好用。
[19:01:30] tg2gzlug: [知了2.2 nopea] 在折腾linux的时候，KDE是我首选DE
[19:01:49] tg2gzlug: [Bash Horatio] 虽然亲qt，从来没用过kde
[19:03:00] tg2gzlug: [知了2.2 nopea] 可以尝试下嘛
[19:12:47] tg2gzlug: [Joey UbuntuTouch] kde老用户飘过🐒
[19:20:29] tg2gzlug: [Bash Horatio] 感觉太重……目前就用xfce，在debian stable的里旧版长得太丑……
[19:21:02] tg2gzlug: [Bash Horatio] 玩起大数据的各种组件，16G内存都嫌少
[19:23:18] tg2gzlug: [知了2.2 nopea] 工作站走起
[19:23:48] tg2gzlug: [Bash Horatio] 学生党穷……
[19:24:10] tg2gzlug: [Bash Horatio] 目前四处飘泊，还是喜欢轻点的笔记本
[19:26:21] tg2gzlug: [还魂僵尸] 台式机上电自启+智能开关插座，轻薄笔记本或平板远程操作，兼顾便携和性能
[19:30:15] tg2gzlug: [Bash Horatio] 理想的就是这样，然而找到这么个能放台式机的地方不容易。远程又产生第二个问题，网络，没人能忍受低速网络
[19:30:46] tg2gzlug: [Bash Horatio] 过多几年再考虑这种有“”私有机房“的事情比较好
[19:31:46] -- hahaschool JOIN #gzlug
[19:32:02] tg2gzlug: [知了2.2 nopea] 主要是上行网速达不到。
[19:37:56] tg2gzlug: [Bash Horatio] 所以嘛，多恶心的问题。
[19:38:18] tg2gzlug: [Bash Horatio] 倘若大天朝的网速能快些，一切都好说
[19:55:14] tg2gzlug: [还魂僵尸] 这才是钱能解决的问题，所以……
[19:58:52] -- LastAvengers_ JOIN #gzlug
[20:11:06] tg2gzlug: [Bash Horatio] 穷的露宿街头
[21:11:24] -- jactry JOIN #gzlug
[21:11:28] -- samson JOIN #gzlug
[22:37:03] -- jactry JOIN #gzlug
[23:01:47] -- LastAvengers JOIN #gzlug
[23:20:31] -- LastAvengers JOIN #gzlug
