[00:12:11] -- LastAvengers QUIT
[05:03:05] -- citypw QUIT
[05:15:41] -- citypw JOIN #gzlug
[05:35:57] -- citypw QUIT
[05:38:41] -- citypw JOIN #gzlug
[09:38:42] -- rivershang JOIN #gzlug
[10:10:03] -- LastAvengers JOIN #gzlug
[10:14:55] -- citypw QUIT
[10:17:04] -- rivershang1 JOIN #gzlug
[10:17:04] -- rivershang QUIT
[10:44:52] -- huntxu JOIN #gzlug
[11:15:04] -- citypw JOIN #gzlug
[11:28:21] -- kaipeng JOIN #gzlug
[11:58:21] -- jenenliu JOIN #gzlug
[12:14:52] -- jenenliu QUIT
[12:15:20] -- jenenliu JOIN #gzlug
[12:31:36] -- jenenliu QUIT
[12:48:03] -- citypw QUIT
[12:51:03] -- citypw JOIN #gzlug
[13:29:56] -- LastAvengers QUIT
[13:45:50] -- LastAvengers JOIN #gzlug
[13:52:37] -- huntxu QUIT
[13:52:37] -- hunt_O JOIN #gzlug
[14:00:51] -- huntxu QUIT
[14:04:01] -- huntxu JOIN #gzlug
[14:08:32] -- kaipeng QUIT
[14:25:44] -- liuhuanjie_ JOIN #gzlug
[14:30:01] -- hunt_O JOIN #gzlug
[14:30:32] -- huntxu QUIT
[14:34:45] -- liuhuanjie_ QUIT
[14:37:03] -- liuhuanjie_ JOIN #gzlug
[15:03:24] -- liuhuanjie_ QUIT
[16:20:24] -- jactry QUIT
[17:32:53] -- kaipeng JOIN #gzlug
[17:33:40] -- rivershang1 QUIT
[17:44:17] -- citypw QUIT
[17:45:41] -- citypw JOIN #gzlug
[18:34:00] -- kaipeng QUIT
[18:58:28] -- citypw QUIT
[19:51:04] teleboto: 2[12] 不错
[20:04:00] -- LastAvengers QUIT
[20:09:36] -- hunt_O QUIT
[20:57:51] -- citypw JOIN #gzlug
