[00:26:23] -- jactry_ JOIN #gzlug
[00:28:08] -- jactry_ QUIT
[00:28:25] -- jactry_ JOIN #gzlug
[00:29:15] -- jactry QUIT
[00:36:51] -- farseerfc QUIT
[00:37:06] -- farseerfc JOIN #gzlug
[00:48:11] -- LastAvengers QUIT
[02:13:00] -- geno1024 QUIT
[02:14:13] -- geno1024 JOIN #gzlug
[08:33:36] -- LastAvengers JOIN #gzlug
[09:21:55] -- rivershang JOIN #gzlug
[09:51:10] -- SteamedFish JOIN #gzlug
[10:06:07] -- SteamedFish QUIT
[10:16:15] -- SteamedFish JOIN #gzlug
[10:19:01] -- huntxu JOIN #gzlug
[11:43:39] -- geno1024_ JOIN #gzlug
[11:45:37] -- geno1024_ QUIT
[13:27:50] -- SteamedFish QUIT
[13:30:16] -- \la QUIT
[13:32:32] -- SteamedFish JOIN #gzlug
[14:03:18] -- SteamedFish QUIT
[14:12:37] -- SteamedFish JOIN #gzlug
[14:45:17] teleboto: [ChenZiping] https://dn-fishroom.qbox.me/img/4576.jpeg (photo)
[14:45:23] teleboto: [ChenZiping] @Icenowy 千辛万苦
[15:02:09] -- jactry_ QUIT
[15:03:55] geno1024: 😐Topic 可以改了？“七月小聚已结束”
[15:05:51] huntxu: lol
[15:06:00] huntxu: 现在小聚好多哦
[15:29:15] -- geno1024 QUIT
[15:37:30] -- geno1024 JOIN #gzlug
[15:45:54] -- geno1024 QUIT
[15:46:29] -- geno1024 JOIN #gzlug
[15:51:36] -- geno1024 QUIT
[15:53:05] -- geno1024 JOIN #gzlug
[16:04:09] -- geno1024 QUIT
[16:04:25] -- geno1024 JOIN #gzlug
[16:09:25] -- LastAvengers JOIN #gzlug
[16:27:27] -- geno1024 QUIT
[16:29:57] -- Lily-Ayta JOIN #gzlug
[16:33:59] -- FisherDuan JOIN #gzlug
[16:34:02] -- SteamedFish QUIT
[16:45:07] -- FisherDuan QUIT
[16:51:09] -- SteamedFish JOIN #gzlug
[16:56:01] -- geno1024 JOIN #gzlug
[17:01:03] -- geno1024 QUIT
[17:02:29] -- kitech JOIN #gzlug
[17:02:33] -- geno1024 JOIN #gzlug
[17:03:45] -- kitech QUIT
[17:03:46] -- kitech1 JOIN #gzlug
[17:19:21] -- SteamedFish QUIT
[17:19:25] -- geno1024 QUIT
[17:21:01] -- geno1024 JOIN #gzlug
[17:21:29] -- SteamedFish JOIN #gzlug
[17:37:06] -- huntxu QUIT
[17:38:31] -- rivershang PART #gzlug
[18:29:22] -- huntxu JOIN #gzlug
[18:35:12] -- Lily-Ayta QUIT
[19:13:20] -- huntxu QUIT
[19:24:09] -- SteamedFish QUIT
[19:27:43] -- SteamedFish JOIN #gzlug
[20:58:30] -- farseerfc QUIT
[20:58:45] -- farseerfc JOIN #gzlug
[21:16:01] -- teleboto QUIT
[21:16:10] -- teleboto JOIN #gzlug
[21:17:41] -- teleboto QUIT
[21:17:48] -- teleboto JOIN #gzlug
[21:19:49] -- teleboto QUIT
[21:19:57] -- teleboto JOIN #gzlug
[21:20:26] -- teleboto QUIT
[21:20:35] -- teleboto JOIN #gzlug
[21:22:44] -- teleboto QUIT
[21:22:52] -- teleboto JOIN #gzlug
[21:38:28] -- kitech1 QUIT
[21:39:31] -- LastAvengers QUIT
[21:40:42] -- teleboto QUIT
[21:40:50] -- teleboto JOIN #gzlug
[21:44:37] -- SteamedFish QUIT
[22:13:04] -- kitech JOIN #gzlug
[22:38:15] -- Shirasaka-Hazumi QUIT
[22:39:06] teleboto: [cicada] Want to Install Windows Software on a Chromebook? You Soon Can - OMG! Chrome!
[22:39:07] teleboto: [cicada] http://www.omgchrome.com/run-windows-software-chromebook-crossover-android/
[22:58:52] -- teleboto QUIT
[22:59:00] -- teleboto JOIN #gzlug
[23:26:51] -- kitech QUIT
[23:38:07] -- LastAvengers JOIN #gzlug
