[05:20:37] -- Shirasaka-Hazumi QUIT
[05:26:05] -- Shirasaka-Hazumi JOIN #gzlug
[05:54:44] -- felixonmars QUIT
[05:58:19] -- felixonmars JOIN #gzlug
[08:51:43] -- rivershang JOIN #gzlug
[08:54:08] -- rivershang PART #gzlug
[08:54:22] -- rivershang JOIN #gzlug
[08:54:31] -- rivershang QUIT
[08:55:44] -- rivershang JOIN #gzlug
[09:04:53] -- jenenliu JOIN #gzlug
[09:30:57] -- SteamedFish JOIN #gzlug
[09:42:09] -- FisherDuan JOIN #gzlug
[09:42:54] -- SteamedFish QUIT
[09:52:35] -- huntxu JOIN #gzlug
[11:07:24] -- FisherDuan QUIT
[11:07:55] -- SteamedFish JOIN #gzlug
[15:36:13] -- pingbo JOIN #gzlug
[16:23:01] -- pingbo QUIT
[16:29:56] -- pingbo JOIN #gzlug
[17:34:13] -- rivershang PART #gzlug
[18:57:11] -- LastAvengers JOIN #gzlug
[19:12:08] -- jactry_ JOIN #gzlug
[19:14:54] -- jactry QUIT
[19:23:46] -- jactry_ QUIT
[19:33:43] -- jactry JOIN #gzlug
[19:48:53] -- citypw JOIN #gzlug
[20:12:57] -- huntxu QUIT
[20:53:46] -- pingbo_ JOIN #gzlug
[20:54:00] -- pingbo_ QUIT
[20:54:08] -- jenenliu QUIT
[20:54:11] -- pingbo QUIT
[20:54:33] -- pingbo JOIN #gzlug
[20:56:57] -- jenenliu JOIN #gzlug
[21:17:00] -- SteamedFish QUIT
[22:42:19] -- pingbo QUIT
[22:45:44] -- pingbo JOIN #gzlug
[23:35:14] -- LastAvengers QUIT
[23:38:58] -- LastAvengers JOIN #gzlug
[23:50:39] -- LastAvengers QUIT
[23:50:49] -- LastAvengers JOIN #gzlug
