[00:08:19] -- \la QUIT
[00:32:52] -- kitech1 QUIT
[08:45:26] -- rivershang JOIN #gzlug
[09:20:39] -- rivershang QUIT
[09:34:19] -- rivershang JOIN #gzlug
[09:49:49] -- kitech JOIN #gzlug
[10:49:26] -- citypw QUIT
[11:20:37] -- citypw JOIN #gzlug
[11:35:21] -- jactry JOIN #gzlug
[11:54:42] -- jactry QUIT
[11:55:05] -- jactry JOIN #gzlug
[12:30:12] -- \la JOIN #gzlug
[13:25:12] -- \la QUIT
[13:34:24] -- citypw QUIT
[13:37:33] -- \la JOIN #gzlug
[13:40:05] -- citypw JOIN #gzlug
[14:07:52] -- jactry QUIT
[14:42:44] teleboto: [zcchen] curl https://bandwagonhost.com
[14:42:53] teleboto: [zcchen] 暂时还正常，广东电信～
[14:46:04] teleboto: [joey_ubuntu] https://dn-fishroom.qbox.me/sticker/657f.png (sticker)
[14:46:41] -- citypw QUIT
[15:22:17] -- citypw JOIN #gzlug
[17:05:12] -- kitech QUIT
[17:24:53] -- kitech JOIN #gzlug
[17:42:46] -- rivershang PART #gzlug
[18:11:04] -- citypw QUIT
[19:13:46] -- \la QUIT
[19:29:26] teleboto: huang peisong joined chat
[19:37:06] -- kitech QUIT
[19:38:31] -- kitech JOIN #gzlug
[19:38:52] -- kitech QUIT
[21:02:24] -- kitech JOIN #gzlug
[21:03:45] -- jactry JOIN #gzlug
[21:04:13] -- kitech QUIT
[21:07:20] -- kitech JOIN #gzlug
[21:19:28] -- kitech QUIT
[21:28:58] -- \la JOIN #gzlug
[21:34:12] -- SteamedFish JOIN #gzlug
[21:57:31] -- kitech JOIN #gzlug
[23:21:12] -- SteamedFish QUIT
