[08:34:01] -- huntxu JOIN #gzlug
[09:18:02] -- hportsnap_els9 JOIN #gzlug
[09:35:55] -- SteamedFish JOIN #gzlug
[09:48:47] -- jactry JOIN #gzlug
[11:06:53] -- rivershang JOIN #gzlug
[12:09:45] -- LastAvengers JOIN #gzlug
[12:45:06] -- jactry JOIN #gzlug
[13:09:30] -- rivershang JOIN #gzlug
[13:39:00] -- jactry JOIN #gzlug
[14:07:34] -- LastAvengers JOIN #gzlug
[15:02:19] -- teleboto JOIN #gzlug
[15:21:33] -- FisherDuan JOIN #gzlug
[15:23:33] -- teleboto JOIN #gzlug
[16:14:33] -- citypw JOIN #gzlug
[16:30:31] -- LastAvengers JOIN #gzlug
[16:48:23] -- teleboto JOIN #gzlug
[16:57:18] teleboto: [tg-207411881] å¤§å®¶æœ‰æ²¡æœ‰ç”¨è¿‡ flashcacheï¼Ÿæ˜¯ä¸æ˜¯å¯ä»¥å¯¹ç°æœ‰çš„ç£ç›˜è¿›è¡Œ cache ä¸ç”¨ä¿®æ”¹ç°æœ‰ç£ç›˜çš„å†…éƒ¨ç»“æ„ï¼Ÿ
[17:04:38] huntxu: cacheæœ‰éœ€è¦æ”¹åŸå§‹æ•¸æ“šçš„éº¼
[17:10:44] -- jactry JOIN #gzlug
[17:14:11] teleboto: [tg-207411881] åƒ bcache çš„æ–¹æ¡ˆå°±è¦æ”¹å˜ç°æœ‰ç£ç›˜
[17:25:13] -- LastAvengers JOIN #gzlug
[17:32:54] -- rivershang PART #gzlug
[20:06:45] -- citypw JOIN #gzlug
[20:25:24] -- citypw JOIN #gzlug
[20:29:04] -- jactry JOIN #gzlug
[23:02:51] teleboto: [aldzunway] https://dn-fishroom.qbox.me/img/179b.jpeg (photo)
[23:03:44] teleboto: [aldzunway] æˆ‘æƒ³é—®å—ç«™æ¥çš„åœŸè±ªæ˜¯ä»€ä¹ˆé¬¼
