[00:02:53] -- LastAvengers JOIN #gzlug
[08:51:54] -- LastAvengers JOIN #gzlug
[09:26:02] -- huntxu JOIN #gzlug
[09:54:29] -- jactry JOIN #gzlug
[10:19:44] -- pingbo JOIN #gzlug
[11:27:29] -- pingbo JOIN #gzlug
[11:45:15] -- pingbo JOIN #gzlug
[11:55:20] -- pingbo JOIN #gzlug
[12:13:14] -- pingbo JOIN #gzlug
[12:28:11] -- pingbo JOIN #gzlug
[12:52:18] -- pingbo JOIN #gzlug
[12:56:18] -- citypw JOIN #gzlug
[13:00:03] -- rivershang JOIN #gzlug
[13:04:28] -- pingbo JOIN #gzlug
[13:09:22] -- citypw JOIN #gzlug
[13:12:44] -- pingbo JOIN #gzlug
[13:17:33] -- pingbo JOIN #gzlug
[13:17:38] -- jactry JOIN #gzlug
[13:23:22] -- jactry JOIN #gzlug
[13:31:01] -- pingbo JOIN #gzlug
[14:39:42] -- samson JOIN #gzlug
[17:57:33] -- LastAvengers JOIN #gzlug
[23:07:45] -- tg2gzlug JOIN #gzlug
[23:53:31] -- Shirasaka-Hazumi JOIN #gzlug
