[00:04:18] -- LastAvengers QUIT
[00:04:47] -- LastAvengers JOIN #gzlug
[00:09:21] -- eve_ouyang QUIT
[00:38:07] -- LastAvengers QUIT
[00:40:28] -- eve_ouyang JOIN #gzlug
[00:40:58] -- eve_ouyang QUIT
[01:38:15] -- citypw QUIT
[02:52:05] -- kitech1 QUIT
[11:14:02] -- kitech1 JOIN #gzlug
[11:28:20] -- teleboto QUIT
[11:28:30] -- teleboto JOIN #gzlug
[12:01:06] -- labots QUIT
[12:01:56] -- teleboto QUIT
[12:02:06] -- teleboto JOIN #gzlug
[12:04:29] -- labots JOIN #gzlug
[12:14:29] -- teleboto QUIT
[12:14:39] -- teleboto JOIN #gzlug
[13:13:44] -- teleboto QUIT
[13:13:54] -- teleboto JOIN #gzlug
[13:23:50] -- eve_ouyang JOIN #gzlug
[13:25:07] -- LastAvengers JOIN #gzlug
[13:36:17] -- teleboto QUIT
[13:36:26] -- teleboto JOIN #gzlug
[13:42:33] -- teleboto QUIT
[13:42:43] -- teleboto JOIN #gzlug
[13:50:10] -- labots QUIT
[13:50:17] -- labots JOIN #gzlug
[14:04:05] -- kitech1 QUIT
[14:20:40] -- kitech1 JOIN #gzlug
[14:45:34] -- teleboto QUIT
[14:45:44] -- teleboto JOIN #gzlug
[15:03:13] -- LastAvengers QUIT
[15:45:01] -- citypw JOIN #gzlug
[16:26:41] -- teleboto QUIT
[16:26:50] -- teleboto JOIN #gzlug
[16:49:11] -- teleboto QUIT
[16:49:21] -- teleboto JOIN #gzlug
[16:50:00] -- teleboto QUIT
[16:50:10] -- teleboto JOIN #gzlug
[17:11:36] -- LastAvengers JOIN #gzlug
[17:57:37] -- LastAvengers QUIT
[18:00:36] -- LastAvengers JOIN #gzlug
[19:33:00] -- LastAvengers QUIT
[19:33:41] -- LastAvengers JOIN #gzlug
[20:53:25] -- teleboto QUIT
[20:53:35] -- teleboto JOIN #gzlug
[21:10:48] -- kitech1 QUIT
[21:14:32] -- kitech JOIN #gzlug
[22:22:22] -- erhandsome QUIT
[22:22:27] -- varia QUIT
[22:22:27] -- gauge QUIT
[22:22:48] -- erhandsome JOIN #gzlug
[22:22:54] -- variation JOIN #gzlug
[22:22:58] -- gauge JOIN #gzlug
[22:58:05] -- LastAvengers QUIT
