[00:07:56] -- LastAvengers QUIT
[09:35:01] -- rivershang JOIN #gzlug
[10:08:43] -- huntxu JOIN #gzlug
[10:36:12] -- citypw JOIN #gzlug
[10:53:14] -- citypw QUIT
[10:53:33] -- citypw JOIN #gzlug
[11:26:13] -- jactry QUIT
[12:33:06] -- LastAvengers JOIN #gzlug
[12:58:06] -- LastAvengers QUIT
[12:58:23] -- LastAvengers JOIN #gzlug
[13:12:49] -- teleboto QUIT
[13:12:58] -- teleboto JOIN #gzlug
[15:52:41] -- LastAvengers QUIT
[15:53:08] -- LastAvengers JOIN #gzlug
[17:30:53] -- rivershang PART #gzlug
[18:38:02] -- citypw QUIT
[22:30:35] -- citypw JOIN #gzlug
[22:49:52] -- jactry JOIN #gzlug
[23:29:14] -- huntxu QUIT
[23:46:58] -- farseerfc QUIT
[23:57:14] -- farseerfc JOIN #gzlug
