[00:01:40] -- lastavengers QUIT
[00:03:48] -- \la__ JOIN #gzlug
[00:17:39] -- LastAvengers JOIN #gzlug
[00:20:08] -- LastAvengers QUIT
[00:20:31] -- \la JOIN #gzlug
[00:22:15] -- LastAvengers PART #gzlug
[00:22:25] -- LastAvengers JOIN #gzlug
[00:22:38] -- \la QUIT
[01:08:39] -- LastAvengers QUIT
[01:33:20] -- kitech QUIT
[02:16:56] -- teleboto QUIT
[02:17:04] -- teleboto JOIN #gzlug
[08:45:05] -- rivershang JOIN #gzlug
[08:56:57] -- lastavengers_ JOIN #gzlug
[09:13:03] -- lastavengers_ QUIT
[09:24:59] -- LastAvengers JOIN #gzlug
[09:40:30] -- huntxu JOIN #gzlug
[09:44:38] -- kitech JOIN #gzlug
[10:15:47] -- teleboto QUIT
[10:15:55] -- teleboto JOIN #gzlug
[11:11:43] -- citypw JOIN #gzlug
[11:56:25] -- LastAvengers QUIT
[12:21:39] -- LastAvengers JOIN #gzlug
[13:46:40] -- rivershang QUIT
[14:02:20] -- rivershang JOIN #gzlug
[14:35:23] -- lastavengers_ JOIN #gzlug
[15:55:49] -- \la QUIT
[15:56:04] -- LastAvengers QUIT
[17:34:23] -- rivershang PART #gzlug
[18:12:04] -- lastavengers JOIN #gzlug
[18:36:37] -- kitech QUIT
[19:05:53] -- huntxu QUIT
[19:15:49] -- citypw QUIT
[19:19:14] -- citypw JOIN #gzlug
[20:29:22] -- kitech JOIN #gzlug
[20:43:15] -- \la QUIT
[22:54:18] -- lastavengers JOIN #gzlug
[23:19:17] -- \la QUIT
[23:22:09] -- lastavengers JOIN #gzlug
[23:28:57] -- \la QUIT
