[00:03:28] -- LastAvengers PART #gzlug
[00:54:28] -- i2p2gzlug JOIN #gzlug
[03:00:37] i2p2gzlug: [i2p] *** Relay joined to #gzlug
[07:06:25] tg2gzlug: [Bash Horatio] huawei: nå¡ç”µè„‘è¦ç”¨linuxï¼Œæƒ³æ­»çš„å¿ƒéƒ½æœ‰
[07:06:49] i2p2gzlug: [i2p] *** Relay joined to #gzlug
[08:11:03] i2p2gzlug: [i2p] *** Relay joined to #gzlug
[09:59:26] -- jactry JOIN #gzlug
[11:06:19] huawei: !stats
[11:06:19] i2p2gzlug: Total users across 2 channels: 9. Unique nicknames: 8.
[11:11:09] -- LastAvengers JOIN #gzlug
[11:21:08] -- i2p2gzlug JOIN #gzlug
[13:14:18] huawei: !nicks
[13:15:24] huawei: !uptime
[13:15:25] i2p2gzlug: I have been running for 1 hour and 54 minutes.
[13:16:59] huawei: !rehash
[13:17:00] i2p2gzlug: done!
[18:02:05] tg2gzlug: [XIan RT] å“ˆï¼
[18:35:36] tg2gzlug: [LastAvengers] huawei: ç°åœ¨ i2pbot ç¨³å®šè¿è¡Œäº†ä¹ˆï¼Ÿ
[19:05:23] huawei: i2p is boom
[19:05:57] tg2gzlug: [LastAvengers] 2333
[19:06:18] huawei: it disconnect serveral times and then, boom
[19:07:21] -- LastAvengers JOIN #gzlug
[21:12:29] -- LastAvengers JOIN #gzlug
[21:36:35] tg2gzlug: [Bash Horatio] é¦™æ¸¯çš„ç½‘é€Ÿå°±æ˜¯å¿«ï¼Œå¹¸å¥½èƒ½çœ‹å›½å†…çš„ç”µè§†å‰§
[21:46:25] -- huawei JOIN #gzlug
[22:09:44] tg2gzlug: [yun bai] Bash Horatio: åœ¨é¦™æ¸¯è¿‡å¹´ä¹ˆï¼Ÿ
[22:11:22] tg2gzlug: [Bash Horatio] åº”è¯¥å§ï¼Œå…¶å®éƒ½å·®ä¸å¤š
[22:11:52] tg2gzlug: [yun bai] Sticker: https://img.vim-cn.com/13/19f018c2dd9d8d0a62520f48866b2c4206094c.webp
[22:12:20] tg2gzlug: [yun bai] ä½ å…¬å¸æ”¾å‡äº†ï¼Ÿ
[23:05:20] -- coldcicada JOIN #gzlug
[23:17:05] -- jactry JOIN #gzlug
[23:24:24] -- LastAvengers JOIN #gzlug
