[00:04:21] -- LastAvengers QUIT
[00:27:50] -- jactry_ QUIT
[04:03:15] -- farseerfc QUIT
[04:43:29] -- farseerfc JOIN #gzlug
[08:55:59] -- rivershang JOIN #gzlug
[09:15:45] -- huntxu JOIN #gzlug
[09:21:14] -- LastAvengers JOIN #gzlug
[09:38:02] -- jactry JOIN #gzlug
[11:27:22] -- LastAvengers QUIT
[12:25:27] -- liuhuanjie_ JOIN #gzlug
[12:29:03] -- jenenliu QUIT
[12:47:26] -- LastAvengers JOIN #gzlug
[13:09:21] -- LastAvengers QUIT
[13:18:41] -- LastAvengers JOIN #gzlug
[14:56:28] -- liuhuanjie_ PART #gzlug
[17:23:33] -- rivershang QUIT
[18:51:41] -- huntxu QUIT
[19:27:48] -- LastAvengers QUIT
[20:05:09] -- LastAvengers JOIN #gzlug
[21:06:54] -- SteamedFish JOIN #gzlug
