[00:07:22] -- LastAvengers QUIT
[00:12:31] -- LastAvengers JOIN #gzlug
[01:05:26] -- LastAvengers QUIT
[01:33:22] -- farseerfc QUIT
[01:33:23] -- gauge QUIT
[01:33:59] -- farseerfc JOIN #gzlug
[01:34:12] -- farseerfc QUIT
[01:34:12] -- farseerfc JOIN #gzlug
[01:34:13] -- gauge JOIN #gzlug
[05:16:17] -- varia QUIT
[05:19:53] -- variation JOIN #gzlug
[09:01:32] -- huntxu JOIN #gzlug
[09:36:11] -- rivershang JOIN #gzlug
[10:50:57] -- LastAvengers JOIN #gzlug
[11:14:08] -- citypw JOIN #gzlug
[11:55:30] -- liuhuanjie_ QUIT
[11:56:00] -- liuhuanjie_ JOIN #gzlug
[12:13:57] -- liuhuanjie_ QUIT
[12:34:38] -- citypw QUIT
[13:46:46] -- citypw JOIN #gzlug
[16:35:02] -- citypw QUIT
[16:36:48] -- citypw JOIN #gzlug
[17:09:36] -- rivershang QUIT
[17:23:25] -- rivershang JOIN #gzlug
[17:31:09] -- rivershang PART #gzlug
[18:32:21] -- jactry_ JOIN #gzlug
[18:35:03] -- jactry QUIT
[18:40:46] -- citypw QUIT
[20:10:57] -- huntxu QUIT
[20:51:52] -- jactry_ QUIT
[23:48:36] -- jactry JOIN #gzlug
