[07:15:25] -- jactry JOIN #gzlug
[09:33:23] -- LastAvengers JOIN #gzlug
[10:02:14] -- pingbo JOIN #gzlug
[10:05:33] -- huntxu JOIN #gzlug
[11:08:36] LastAvengers: www Robin 说本月 28 号小聚啊各位相互知照一下。
[11:22:46] -- rivershang1 JOIN #gzlug
[11:34:21] tg2gzlug: [还魂僵尸] 现在微信群讨论中，要是能把这和微信也打通就好了😁
[11:35:05] LastAvengers: 现在还没有稳定的方案吧。
[11:43:00] tg2gzlug: [Jactry Zeng] 订阅邮件列表或者 meetup 也行
[11:43:12] tg2gzlug: [Jactry Zeng] 都会发公告的
[11:47:00] -- rivershang3 JOIN #gzlug
[11:48:34] tg2gzlug: [farseerfc] 微信這麼封閉的平台沒有接口不好做
[11:49:35] tg2gzlug: [Yom] 听说开发Api了
[11:49:48] LastAvengers: fc: 不知道史蒂夫搞得怎么样了。
[11:49:49] -- rivershang3 JOIN #gzlug
[11:50:02] tg2gzlug: [farseerfc] 嗯不知道（
[11:51:50] tg2gzlug: [Yom] 开放
[11:51:55] huntxu: bot和公众号差不多的吧
[11:52:51] huntxu: 然而不知道流量太高会不会容易被微信盯上然后不给你用了 lol
[11:53:48] tg2gzlug: [Yom] 我不用威信呀
[12:00:41] -- rivershang1 JOIN #gzlug
[12:03:05] -- rivershang1 JOIN #gzlug
[12:07:57] jactry: http://www.meetup.com/__ms198989699/GuangzhouLUG/events/228965888/?rv=ea1&_xtd=gatlbWFpbF9jbGlja9oAJDU3ZDI0MTMzLWVhOTktNGRjNC05YjQ4LTdmOGQ0ZWYwZDg1OQ&_af=event&_af_eid=228965888&expires=1456027187305&sig=913dedaae7468da85dc0988aab660a954d753ab5
[12:45:56] LastAvengers: jactry: 好棒。
[15:18:56] tg2gzlug: [十条地 织姬] 有微信群吗
[15:25:47] tg2gzlug: [Xiaoxing Ye] 有的
[16:31:48] -- jactry JOIN #gzlug
[16:56:21] tg2gzlug: [Bash Horatio] 已经报名meetup
[16:58:35] tg2gzlug: [Bash Horatio] 越用国外的社交软件，越觉得设计理念太不一样了。国外app能多简洁多简洁，简单好用。国内的，能多冗杂多冗杂，还要做推送，简直就是反人类
[17:00:13] tg2gzlug: [Bash Horatio] 绑架用户的软件，真该上天😡
[17:01:21] tg2gzlug: [Bash Horatio] 微信只有一个功能，带有创新性，并且使得现在我还在用它--公众号
[17:04:58] tg2gzlug: [知了2.1 kolibri] 公众号，我不大喜欢。订阅了不少公众号，只有很少的文章有兴趣会点开看。
[17:07:22] tg2gzlug: [知了2.1 kolibri] 并且那些不错的公众号文章，想分享出来，还很蛋疼。。
[17:07:24] tg2gzlug: [十条地 织姬] 朋友圈好多鸡汤
[17:08:24] tg2gzlug: [十条地 织姬] 所以有些老是发鸡汤我blocked之
[17:08:30] tg2gzlug: [Yom] 微信现在怎么样了？我听说开放api和公众号之类的了，我在用塞班的时候经常用微信的，现在都好几年没有用了
[17:08:33] tg2gzlug: [Bash Horatio] 这跟个人选择有关咯，我订阅的都是很官方的那种，很少会推送，一推就是重要的，如广州公安，天河客运站等等。技术类的，只有公司的和infoq。一天一般两条
[17:09:38] tg2gzlug: [Yom] 微信开放的api跟电报的一样吗？
[17:09:42] tg2gzlug: [十条地 织姬] Yom: 圈子很封闭
[17:09:59] tg2gzlug: [Bash Horatio] 朋友圈从一开始就没用过……曾经体验一星期，只能说，有助于"注意力分散综合征"的养成
[17:10:02] tg2gzlug: [知了2.1 kolibri] Fwd 知了2.1 kolibri: 分享amazarashi的单曲《多数決》: http://163.fm/aWZgBOo
[17:10:03] tg2gzlug: [知了2.1 kolibri] [知了2.1 kolibri] Fwd 知了2.1 kolibri: (来自@网易云音乐)
[17:10:07] tg2gzlug: [Yom] 当时我用塞班版本的时候还挺开心的
[17:10:11] tg2gzlug: [十条地 织姬] Yom: 不，很多是web版扒下来的
[17:14:23] tg2gzlug: [十条地 织姬] 官方给出的基本是分享、授权之类的api
[17:35:46] tg2gzlug: [Bash Horatio] 既然微信不考虑用户的感受，凭什么让用户妥协，反过来希望它更好。
[17:36:30] tg2gzlug: [Bash Horatio] 人在做天在看，随它自生自灭
[17:43:28] tg2gzlug: [LastAvengers] 祭出隔壁 David Huang 的文章： http://hjc.im/why-i-dont-recommend-telegram/
[17:45:45] tg2gzlug: [farseerfc] 然而好用的替代不多……
[17:46:05] tg2gzlug: [farseerfc] 自己用 weechat+閃熊 還成，不能給老婆推薦用
[18:42:15] tg2gzlug: [LastAvengers] farseerfc: 确实。
[18:42:54] tg2gzlug: [十条地 织姬] LastAvengers: 隔壁团购u盘的讨论了好久还是用tg联系
[19:23:09] tg2gzlug: [Bash Horatio] 我觉得tg就好，功能上强qq太多了，只是绝大多数国人用qq，这对我影响不大
[19:49:47] -- jactry JOIN #gzlug
[22:27:39] tg2gzlug: [yun bai] 在QQ上聊天和在网络上裸奔有什么区别
[22:28:35] tg2gzlug: [yun bai] 除了工作，不用qq，wp短信系统内嵌skype
[22:28:38] tg2gzlug: [farseerfc] 用 tg 聊天也差不多呀 😂
[22:29:02] tg2gzlug: [yun bai] farseerfc: 怎么会？
[22:32:16] tg2gzlug: [farseerfc] 群裏都是明文的， 加密聊天 tdesktop 又不支持，而且加密聊天的算法一塌糊塗
[22:32:50] tg2gzlug: [yun bai] farseerfc: 从哪里看的?
[22:35:32] tg2gzlug: [farseerfc] reddit 上曾經有人問他們加密算法這麼多明顯的「不現代」的設計是爲什麼，他們說，相信我們，我們有數學博士閉門設計了3年
[22:36:08] tg2gzlug: [yun bai] farseerfc: 这话有啥问题么？看不懂啊
[22:36:11] tg2gzlug: [farseerfc] tg 的加密算法可以用來防防偷看聊天記錄的老婆，防國家還是算了……
[22:36:20] tg2gzlug: [yun bai] 不是正好说明牛逼么？
[22:36:25] tg2gzlug: [farseerfc] 我還是 CS 博士呢……
[22:36:45] tg2gzlug: [farseerfc] 我自己想個加密算法你敢用麼
[22:36:50] tg2gzlug: [yun bai] 你可能有点对我们国家过度自信了
[22:37:00] tg2gzlug: [Yom] 不过e2ee是很安全的
[22:37:34] tg2gzlug: [Yom] 就是tg的secret chat用的协议
[22:37:41] tg2gzlug: [yun bai] 那是小时候老师为了增加你民族自豪感随便说的
[22:38:00] jactry: 加密防老婆…感觉不敢结婚了
[22:38:32] tg2gzlug: [farseerfc] 我對國家沒有什麼自豪感……
[22:39:21] tg2gzlug: [yun bai] 话说最近不是有个关于解密的话题很热么？
[22:39:29] tg2gzlug: [farseerfc] http://cs.au.dk/~jakjak/master-thesis.pdf
[22:39:35] tg2gzlug: [yun bai] 苹果公司不和FBI合作
[22:39:51] tg2gzlug: [yun bai] 整个硅谷声援
[22:40:10] tg2gzlug: [farseerfc] https://www.reddit.com/r/Telegram/comments/3wd2b4/analysis_of_telegram_cryptography/
[22:40:46] tg2gzlug: [LastAvengers] fc 的意思是说数学博士和安全性没有关联吧？
[22:41:24] tg2gzlug: [farseerfc] https://www.reddit.com/r/Telegram/comments/3xk1ca/im_torn_between_signal_and_telegram_telegram_has/
[22:41:50] tg2gzlug: [yun bai] 太长不看
[22:42:46] tg2gzlug: [farseerfc] LastAvengers: 對啊，證明一個東西安全不能靠它是誰做的證明……
[22:44:41] tg2gzlug: [farseerfc] 他們團隊對分佈式和安全這些術語的理解和別人很不一樣……
[22:44:51] tg2gzlug: [farseerfc] （當然 tox 也好不到哪兒去……
[22:45:43] tg2gzlug: [yun bai] farseerfc: 不知道为什么突然想起了linus，他曾多次公开说Java和c++是垃圾
[22:45:56] tg2gzlug: [LastAvengers] 不懂安全……不过 tox 的安全也没什么人吐槽，只是稳定性都堪忧。
[22:46:16] tg2gzlug: [farseerfc] tox 的安全也沒人審計過……
[22:46:25] tg2gzlug: [十条地 织姬] LastAvengers: bug一堆这才是最大的问题
[22:46:31] tg2gzlug: ACTION [LastAvengers]  被奎宁洗脑
[22:47:02] tg2gzlug: [十条地 织姬] 难免会爆一个漏洞
[22:47:26] tg2gzlug: [yun bai] 活着的传奇
[22:47:37] tg2gzlug: [十条地 织姬] farseerfc: 他们的分布式服务器不知道是分布到哪里的
[22:48:09] tg2gzlug: [LastAvengers] 十条地 织姬: hhhh 一个用户固定到一个服务器就是分布式了。
[22:48:13] tg2gzlug: [farseerfc] 十条地 织姬: 然後每個人綁死一個服務器，永遠不能負載均衡 😂
[22:51:32] tg2gzlug: [LastAvengers] 其实我更关心毛子富豪的钱什么时候烧完（
[22:52:27] tg2gzlug: [yun bai] 总之QQ我是不太信任，中国13亿人，95%都在用qq，明显盗取qq的利益更大，如果真有人非要盯着我这个九牛没一毛的tg用户，随他去好了
[22:52:55] tg2gzlug: [farseerfc] 放棄QQ一年多了
[22:53:19] tg2gzlug: [十条地 织姬] farseerfc: 你都在国外
[22:53:47] tg2gzlug: [farseerfc] 是啊我媽都得跟我發郵件聯繫 😂😂
[22:54:06] tg2gzlug: [十条地 织姬] farseerfc: 你都结婚了🌝
[22:54:41] tg2gzlug: [LastAvengers] ^ 人生赢家 fc
[22:54:59] tg2gzlug: [farseerfc] 說真的如果有人想接手阿卡林我就可以放棄tg了
[22:55:23] tg2gzlug: [yun bai] farseerfc: 啥是阿卡林？
[22:55:31] tg2gzlug: [十条地 织姬] yun bai: irc机器人
[22:55:53] tg2gzlug: [farseerfc] @gzlugbot 是這個東西
[22:56:35] tg2gzlug: [LastAvengers] 如果稳定的话其实可以跑着不管……不过……
[22:56:49] tg2gzlug: [yun bai] 十条地 织姬: 原来如此
[22:58:28] tg2gzlug: [farseerfc] Img: https://img.vim-cn.com/5a/bd997f0f7bebaf553f857ae6e721353ead601e.jpg
[22:58:33] tg2gzlug: [farseerfc] 時不時抽個風（
[22:58:55] tg2gzlug: [yun bai] 话说，企鹅的服务器有没有遭到过ddos攻击？还是防护做得好？
[22:59:31] tg2gzlug: [LastAvengers] restart 是重启次数？
[22:59:36] tg2gzlug: [farseerfc] 嗯
[22:59:44] tg2gzlug: [LastAvengers] Linuxba 这么可怕。
[23:00:52] tg2gzlug: [farseerfc] 具體什麼情況我也不知道，大概是有人私聊bot搞死循環了……後面我過濾了私聊
[23:03:37] tg2gzlug: [erhandsome] 233
[23:04:18] tg2gzlug: [erhandsome] linuxba可是玩bot的频道
[23:47:19] -- Shirasaka-Hazumi JOIN #gzlug
