[00:19:21] -- citypw QUIT
[00:31:40] -- citypw JOIN #gzlug
[00:58:13] -- kitech1 QUIT
[02:07:26] -- citypw QUIT
[02:10:27] -- citypw JOIN #gzlug
[03:27:11] -- citypw QUIT
[03:40:13] -- citypw JOIN #gzlug
[04:06:33] -- citypw QUIT
[04:18:44] -- citypw JOIN #gzlug
[08:18:42] -- huntxu JOIN #gzlug
[08:31:27] -- citypw QUIT
[09:50:44] -- kitech1 JOIN #gzlug
[11:02:46] -- kaipeng JOIN #gzlug
[11:30:00] -- kaipeng QUIT
[11:30:18] -- kaipeng JOIN #gzlug
[12:00:00] -- kaipeng QUIT
[12:00:29] -- kaipeng JOIN #gzlug
[12:30:00] -- kaipeng QUIT
[12:30:38] -- kaipeng JOIN #gzlug
[13:00:00] -- kaipeng QUIT
[13:00:19] -- kaipeng JOIN #gzlug
[13:10:27] -- rivershang JOIN #gzlug
[13:26:18] -- kaipeng QUIT
[13:30:48] -- kaipeng JOIN #gzlug
[14:00:00] -- kaipeng QUIT
[14:00:24] -- kaipeng JOIN #gzlug
[14:00:39] -- LastAvengers JOIN #gzlug
[14:03:59] -- hunt_O JOIN #gzlug
[14:04:15] -- huntxu QUIT
[14:08:59] -- kaipeng QUIT
[14:19:37] -- kaipeng JOIN #gzlug
[14:30:00] -- kaipeng QUIT
[14:30:33] -- kaipeng JOIN #gzlug
[14:39:02] -- kaipeng QUIT
[14:39:41] -- kaipeng JOIN #gzlug
[15:00:00] -- kaipeng QUIT
[15:00:35] -- kaipeng JOIN #gzlug
[15:16:47] -- huntxu QUIT
[15:17:44] -- huntxu JOIN #gzlug
[15:30:00] -- kaipeng QUIT
[15:31:24] -- kaipeng JOIN #gzlug
[15:33:25] -- kaipeng QUIT
[15:33:48] -- kaipeng JOIN #gzlug
[16:00:00] -- kaipeng QUIT
[16:00:21] -- kaipeng JOIN #gzlug
[16:30:00] -- kaipeng QUIT
[16:30:34] -- kaipeng JOIN #gzlug
[16:59:28] -- kaipeng QUIT
[16:59:47] -- kaipeng JOIN #gzlug
[17:00:00] -- kaipeng QUIT
[17:00:26] -- kaipeng JOIN #gzlug
[17:13:25] -- kaipeng QUIT
[17:32:51] -- rivershang PART #gzlug
[17:58:09] -- LastAvengers QUIT
[18:28:09] -- LastAvengers JOIN #gzlug
[18:59:11] -- huntxu QUIT
[19:39:43] -- kitech1 QUIT
[19:44:20] -- LastAvengers QUIT
[19:44:34] -- LastAvengers JOIN #gzlug
[20:02:55] -- kaipeng JOIN #gzlug
[20:45:50] -- LastAvengers QUIT
[20:46:20] -- LastAvengers JOIN #gzlug
[21:18:08] -- kitech1 JOIN #gzlug
[21:19:39] -- LastAvengers QUIT
[21:53:50] -- kitech1 QUIT
[22:07:41] -- kitech1 JOIN #gzlug
[22:25:32] -- LastAvengers JOIN #gzlug
[22:29:51] -- kaipeng QUIT
[22:54:41] -- LastAvengers QUIT
[22:55:30] -- LastAvengers JOIN #gzlug
