[03:52:03] -- jactry JOIN #gzlug
[07:55:22] -- jactry_ JOIN #gzlug
[08:45:29] -- jactry JOIN #gzlug
[09:08:33] -- teleboto JOIN #gzlug
[09:09:21] -- teleboto JOIN #gzlug
[09:15:54] -- teleboto JOIN #gzlug
[09:35:21] -- SteamedFish JOIN #gzlug
[09:44:33] -- SteamedFish JOIN #gzlug
[09:48:48] -- huntxu JOIN #gzlug
[12:40:10] -- LastAvengers JOIN #gzlug
[12:49:48] -- teleboto JOIN #gzlug
[13:10:35] -- jactry JOIN #gzlug
[13:22:47] -- teleboto JOIN #gzlug
[15:49:43] -- SteamedFish JOIN #gzlug
[16:47:25] -- jactry JOIN #gzlug
[18:46:28] -- jactry JOIN #gzlug
[19:52:50] -- LastAvengers JOIN #gzlug
[20:31:47] -- LastAvengers JOIN #gzlug
[20:53:05] -- teleboto JOIN #gzlug
[21:01:44] -- Shirasaka-Hazumi JOIN #gzlug
[21:29:29] -- LastAvengers JOIN #gzlug
[21:39:42] -- Shirasaka-Hazumi JOIN #gzlug
