[00:47:29] -- teleboto JOIN #gzlug
[01:29:38] -- teleboto JOIN #gzlug
[01:40:08] -- teleboto JOIN #gzlug
[08:58:29] -- jactry JOIN #gzlug
[10:56:48] -- teleboto JOIN #gzlug
[12:06:42] -- teleboto JOIN #gzlug
[12:11:24] -- teleboto JOIN #gzlug
[12:17:32] -- teleboto JOIN #gzlug
[12:17:55] -- teleboto JOIN #gzlug
[12:24:58] -- teleboto JOIN #gzlug
[12:32:34] teleboto: [farseerfc] 可憐的teleboto
[14:21:11] -- LastAvengers JOIN #gzlug
[14:53:37] -- jactry JOIN #gzlug
[15:35:19] teleboto: Tong Hui joined chat
[15:51:25] -- jactry_ JOIN #gzlug
[16:07:43] -- teleboto JOIN #gzlug
[16:11:56] -- felixonmars_ JOIN #gzlug
[16:27:53] -- jactry_ JOIN #gzlug
[18:15:08] -- citypw JOIN #gzlug
[18:24:26] -- LastAvengers JOIN #gzlug
[18:41:39] -- citypw JOIN #gzlug
[18:47:43] -- citypw JOIN #gzlug
[18:54:50] -- citypw JOIN #gzlug
[19:14:35] -- citypw JOIN #gzlug
[19:32:53] -- citypw JOIN #gzlug
[20:07:49] -- LastAvengers JOIN #gzlug
[20:09:11] -- LastAvengers JOIN #gzlug
[20:13:16] -- citypw JOIN #gzlug
[20:30:23] -- jactry JOIN #gzlug
[21:05:10] -- Shirasaka-Hazumi JOIN #gzlug
[21:48:47] -- citypw JOIN #gzlug
