[01:15:02] -- Shirasaka-Hazumi JOIN #gzlug
[08:51:29] -- lastavengers_ JOIN #gzlug
[09:30:20] -- pingbo JOIN #gzlug
[09:40:10] -- samson JOIN #gzlug
[09:43:11] -- SteamedFish JOIN #gzlug
[10:09:57] -- pingbo JOIN #gzlug
[10:11:13] -- samson JOIN #gzlug
[10:33:03] -- huntxu JOIN #gzlug
[10:45:15] -- jactry JOIN #gzlug
[11:39:30] -- pingbo JOIN #gzlug
[12:20:50] -- pingbo JOIN #gzlug
[12:23:05] -- farseerfc JOIN #gzlug
[13:10:02] -- pingbo JOIN #gzlug
[13:17:38] -- pingbo JOIN #gzlug
[13:18:20] -- citypw JOIN #gzlug
[13:27:54] -- samson JOIN #gzlug
[13:31:36] -- pingbo JOIN #gzlug
[13:56:20] -- pingbo JOIN #gzlug
[14:01:42] -- pingbo JOIN #gzlug
[15:08:05] -- pingbo JOIN #gzlug
[15:41:26] -- pingbo JOIN #gzlug
[16:05:38] -- pingbo JOIN #gzlug
[16:15:47] -- tg2gzlug JOIN #gzlug
[16:16:53] -- samson JOIN #gzlug
[16:18:05] -- pingbo JOIN #gzlug
[16:21:51] tg2gzlug: [还魂僵尸] 这是机器人自动的？
[16:27:21] tg2gzlug: [谷 月轩] 可能是掉了个线吧。
[16:29:42] tg2gzlug: [farseerfc] 是我更新了阿卡林
[16:30:05] tg2gzlug: [farseerfc] （或者掉線了
[17:22:29] -- jactry JOIN #gzlug
[17:45:44] -- jactry JOIN #gzlug
[19:49:26] -- pingbo JOIN #gzlug
[21:46:09] -- SteamedFish JOIN #gzlug
[22:33:10] -- jactry JOIN #gzlug
