[00:19:11] -- geno1024 QUIT
[00:19:34] -- geno1024 JOIN #gzlug
[01:05:09] -- teleboto QUIT
[01:05:17] -- teleboto JOIN #gzlug
[01:10:19] -- LastAvengers QUIT
[01:15:04] -- kitech QUIT
[01:28:17] -- kitech JOIN #gzlug
[01:32:40] -- kitech QUIT
[02:07:31] -- geno1024 QUIT
[02:09:48] -- geno1024 JOIN #gzlug
[08:57:33] -- kitech JOIN #gzlug
[09:41:48] -- LastAvengers JOIN #gzlug
[12:06:17] -- \la QUIT
[12:06:42] -- \la JOIN #gzlug
[12:25:33] -- teleboto QUIT
[12:25:41] -- teleboto JOIN #gzlug
[12:25:59] teleboto: [aldzunway] 「Re jactry: 听说没有了」搞个视频流
[12:27:57] -- \la QUIT
[12:38:25] -- \la JOIN #gzlug
[13:27:41] -- teleboto QUIT
[13:27:58] -- teleboto JOIN #gzlug
[13:28:02] -- teleboto QUIT
[13:30:32] -- teleboto JOIN #gzlug
[13:49:49] -- teleboto QUIT
[13:49:57] -- teleboto JOIN #gzlug
[16:00:12] -- SteamedFish JOIN #gzlug
[18:05:50] -- \la QUIT
[18:05:53] -- LastAvengers JOIN #gzlug
[21:17:22] -- kitech QUIT
[21:26:16] -- kitech JOIN #gzlug
[21:37:41] -- SteamedFish QUIT
[23:29:03] -- citypw JOIN #gzlug
