[00:59:12] -- leangjia QUIT
[01:15:00] -- citypw QUIT
[01:17:04] -- kitech1 QUIT
[08:00:08] -- farseerfc QUIT
[09:10:49] -- farseerfc JOIN #gzlug
[10:02:21] -- kitech1 JOIN #gzlug
[10:15:00] -- kitech1 QUIT
[10:33:27] -- kitech1 JOIN #gzlug
[11:11:14] -- SteamedFish JOIN #gzlug
[11:23:29] -- FisherDuan JOIN #gzlug
[11:23:41] -- SteamedFish QUIT
[11:42:25] -- teleboto QUIT
[11:42:35] -- teleboto JOIN #gzlug
[11:43:11] -- teleboto QUIT
[11:43:21] -- teleboto JOIN #gzlug
[11:43:43] -- teleboto QUIT
[11:43:52] -- teleboto JOIN #gzlug
[11:44:19] -- teleboto QUIT
[11:44:29] -- teleboto JOIN #gzlug
[12:15:59] -- FisherDuan QUIT
[12:22:45] -- SteamedFish JOIN #gzlug
[12:37:57] -- SteamedFish QUIT
[12:43:26] -- teleboto QUIT
[12:43:36] -- teleboto JOIN #gzlug
[12:43:38] -- teleboto QUIT
[12:43:48] -- teleboto JOIN #gzlug
[12:44:48] -- teleboto QUIT
[12:44:57] -- teleboto JOIN #gzlug
[12:47:18] -- teleboto QUIT
[12:47:27] -- teleboto JOIN #gzlug
[12:47:47] -- teleboto QUIT
[12:47:57] -- teleboto JOIN #gzlug
[12:49:13] -- teleboto QUIT
[12:49:23] -- teleboto JOIN #gzlug
[12:49:39] -- teleboto QUIT
[12:49:48] -- teleboto JOIN #gzlug
[12:51:31] -- teleboto QUIT
[12:51:42] -- teleboto JOIN #gzlug
[12:52:35] -- LastAvengers JOIN #gzlug
[12:53:26] -- teleboto QUIT
[12:53:36] -- teleboto JOIN #gzlug
[12:55:32] -- teleboto QUIT
[12:55:42] -- teleboto JOIN #gzlug
[12:57:04] -- teleboto QUIT
[12:57:13] -- teleboto JOIN #gzlug
[12:57:16] -- teleboto QUIT
[12:57:26] -- teleboto JOIN #gzlug
[12:59:44] -- teleboto QUIT
[12:59:54] -- teleboto JOIN #gzlug
[13:02:30] -- teleboto QUIT
[13:02:39] -- teleboto JOIN #gzlug
[13:18:23] -- jactry JOIN #gzlug
[15:04:48] -- teleboto QUIT
[15:04:58] -- teleboto JOIN #gzlug
[15:10:57] -- teleboto QUIT
[15:11:07] -- teleboto JOIN #gzlug
[15:33:21] -- teleboto QUIT
[15:33:31] -- teleboto JOIN #gzlug
[15:37:02] -- teleboto QUIT
[15:37:12] -- teleboto JOIN #gzlug
[17:03:05] -- teleboto QUIT
[17:03:15] -- teleboto JOIN #gzlug
[17:08:00] -- teleboto QUIT
[17:08:10] -- teleboto JOIN #gzlug
[17:08:41] -- teleboto QUIT
[17:08:50] -- teleboto JOIN #gzlug
[17:09:29] -- teleboto QUIT
[17:09:39] -- teleboto JOIN #gzlug
[17:10:08] -- teleboto QUIT
[17:10:20] -- teleboto JOIN #gzlug
[17:11:47] -- teleboto QUIT
[17:11:56] -- teleboto JOIN #gzlug
[17:12:45] -- teleboto QUIT
[17:12:55] -- teleboto JOIN #gzlug
[17:13:48] -- teleboto QUIT
[17:13:58] -- teleboto JOIN #gzlug
[17:43:02] -- leangjia JOIN #gzlug
[18:02:37] -- LastAvengers QUIT
[18:44:59] -- leangjia PART #gzlug
[21:32:34] -- LastAvengers JOIN #gzlug
[21:52:09] -- LastAvengers QUIT
[22:13:38] gauge: /w/w 11
[22:27:35] -- LastAvengers JOIN #gzlug
