[00:08:47] -- LastAvengers QUIT
[01:59:23] -- labots QUIT
[08:58:38] -- rivershang JOIN #gzlug
[09:30:43] -- LastAvengers JOIN #gzlug
[09:41:17] -- labots JOIN #gzlug
[10:23:11] -- huntxu JOIN #gzlug
[11:25:35] -- rivershang QUIT
[11:26:25] -- rivershang JOIN #gzlug
[16:44:19] -- LastAvengers QUIT
[16:44:30] -- huawei QUIT
[16:44:37] -- LastAvengers JOIN #gzlug
[16:47:21] -- huawei JOIN #gzlug
[17:28:27] -- rivershang PART #gzlug
[18:20:56] -- huntxu QUIT
[18:27:51] -- huntxu JOIN #gzlug
[18:47:03] -- huntxu QUIT
[21:05:32] -- LastAvengers QUIT
[22:42:22] -- LastAvengers JOIN #gzlug
[23:35:53] -- LastAvengers QUIT
[23:37:05] -- LastAvengers JOIN #gzlug
