[01:29:45] -- SteamedFish JOIN #gzlug
[09:24:23] -- huntxu JOIN #gzlug
[09:38:25] -- SteamedFish JOIN #gzlug
[11:16:47] -- hportsnap_els9 JOIN #gzlug
[11:21:48] -- felixonmars JOIN #gzlug
[13:49:03] -- jactry JOIN #gzlug
[15:48:59] -- pingbo JOIN #gzlug
[15:50:33] -- LastAvengers JOIN #gzlug
[16:19:45] -- citypw JOIN #gzlug
[16:20:21] citypw: http://hardenedlinux.org/system-security/2016/04/01/x_Sanitized-GNU-Linux-a-new-way-of-bug-hunter-in-FLOSS-Community.html
[17:37:52] -- LastAvengers JOIN #gzlug
[18:18:39] -- guoxiaoyuan JOIN #gzlug
[18:53:35] -- citypw JOIN #gzlug
[20:28:12] -- Shirasaka-Hazumi JOIN #gzlug
[20:28:54] -- LastAvengers JOIN #gzlug
[20:45:36] -- jactry JOIN #gzlug
[20:53:13] -- LastAvengers JOIN #gzlug
[21:07:05] -- citypw JOIN #gzlug
[21:11:42] -- farseerfc JOIN #gzlug
[21:18:20] -- farseerfc JOIN #gzlug
[21:44:23] -- jac_pr JOIN #gzlug
[22:13:16] -- LastAvengers JOIN #gzlug
[22:18:54] -- citypw JOIN #gzlug
[23:35:58] -- jac_pr PART #gzlug
