[01:03:30] tg2gzlug: [Ralf Z (SBZK)] 求问周日几点活动？
[01:05:51] tg2gzlug: [知了2.2 nopea] 下午两点
[01:40:05] tg2gzlug: [LastAvengers] 我可能不去了…… 看情况……
[08:56:34] tg2gzlug: [zoom quiet] Img: https://img.vim-cn.com/ce/642576da5b3c58ec5d099841eda968d3e176e2.jpg
[08:56:38] tg2gzlug: [zoom quiet] 私人晚饭~
[08:56:48] tg2gzlug: [zoom quiet] Sticker: https://img.vim-cn.com/75/819c2e887703db43501ed291af8e47d8008422.webp
[09:27:56] -- hportsnap_els9 JOIN #gzlug
[10:09:54] tg2gzlug: [Bash Horatio] hportsnap_els9: 强力推荐nylas N1的客户端，轻量好用，其实就是个chrome渲染出来网页
[10:10:22] tg2gzlug: [Bash Horatio] 还魂僵尸: 银行就招商在手机端最良心了
[10:12:53] tg2gzlug: [Bash Horatio] Jactry Zeng: 中行的手续费什么的太高，建行还好
[10:28:41] tg2gzlug: [Ralf Z (SBZK)] 知了2.2 nopea: 多谢（感觉看情况吧orz
[10:33:01] -- jactry JOIN #gzlug
[11:22:00] -- hportsnap_els9 JOIN #gzlug
[13:41:44] -- jactry JOIN #gzlug
[14:06:48] -- LastAvengers_ JOIN #gzlug
[15:24:28] -- hportsnap_els9 JOIN #gzlug
[15:48:06] -- citypw JOIN #gzlug
[16:22:09] -- hportsnap_els9 JOIN #gzlug
[17:18:43] -- citypw JOIN #gzlug
[17:28:46] -- hportsnap_els9 JOIN #gzlug
[18:01:10] -- hportsnap_els9 JOIN #gzlug
[18:30:47] tg2gzlug: [Liang Zunway] Bash Horatio: 感觉不轻量啊
[18:59:13] -- hportsnap_els9 JOIN #gzlug
[20:33:12] tg2gzlug: [Bash Horatio] Liang Zunway: 应该说清爽，看起来就知道怎么用。具体的资源消耗没比较过，但是我不喜欢Thunderbird这样界面臃肿的，似乎会在本地留下cache，之前用了一个多月，完全不知道怎么设置会话模式，没有邮件列表的体验
[20:55:04] tg2gzlug: [Icenowy 太阳和风与我同行] 明天有人帮我拿U盘吗
[21:22:11] -- jactry JOIN #gzlug
[22:46:01] tg2gzlug: [Liang Zunway] Bash Horatio: 一开始内存会爆炸的
[22:46:41] tg2gzlug: [Yom] 怎么帮?
[23:01:49] tg2gzlug: [Bash Horatio] Liang Zunway: ……什么意思
