[00:25:41] -- LastAvengers QUIT
[09:25:12] -- LastAvengers JOIN #gzlug
[09:41:34] -- huntxu JOIN #gzlug
[09:53:27] -- rivershang JOIN #gzlug
[09:54:30] -- rivershang PART #gzlug
[09:54:32] -- rivershang JOIN #gzlug
[10:06:57] -- rivershang QUIT
[10:11:03] -- rivershang JOIN #gzlug
[11:38:17] -- LastAvengers QUIT
[11:46:16] -- LastAvengers JOIN #gzlug
[12:17:09] -- rivershang QUIT
[12:28:30] -- rivershang JOIN #gzlug
[12:43:00] -- rivershang QUIT
[12:51:09] -- rivershang JOIN #gzlug
[14:23:57] -- rivershang QUIT
[14:26:38] -- rivershang JOIN #gzlug
[14:46:12] -- rivershang QUIT
[14:47:28] -- rivershang JOIN #gzlug
[14:59:12] -- rivershang QUIT
[15:28:15] -- rivershang JOIN #gzlug
[15:48:21] -- citypw JOIN #gzlug
[15:52:17] -- rivershang QUIT
[15:54:32] -- rivershang JOIN #gzlug
[16:22:53] -- rivershang QUIT
[16:30:06] -- rivershang JOIN #gzlug
[16:47:28] -- rivershang QUIT
[16:53:33] -- rivershang JOIN #gzlug
[17:31:11] -- rivershang PART #gzlug
[18:20:49] teleboto: 5[amankwah] http://www.solidot.org/story?sid=50337
[18:53:43] -- huntxu QUIT
[19:33:08] -- LastAvengers QUIT
[22:20:36] -- labots QUIT
[22:20:43] -- labots JOIN #gzlug
[23:11:12] -- LastAvengers JOIN #gzlug
[23:22:50] -- LastAvengers QUIT
[23:24:44] -- LastAvengers JOIN #gzlug
