[00:12:31] -- kitech QUIT
[00:13:53] -- LastAvengers QUIT
[01:36:41] teleboto: [æ˜µç§°ï¼Œæ˜¯è¿™æ ·å—] https://dn-fishroom.qbox.me/img/47f0.jpeg (photo)
[01:37:03] teleboto: [æ˜µç§°ï¼Œæ˜¯è¿™æ ·å—] ä½œè€…å¤±è¸ªäº†ï¼Ÿ
[08:36:31] -- rivershang JOIN #gzlug
[08:43:05] rivershang: huawei: æ˜¯çš„ï¼Œä¸åˆ°ä¸ƒç‚¹å°±è¦å‡ºé—¨:)
[09:11:07] -- jactry JOIN #gzlug
[09:22:08] -- rivershang QUIT
[09:34:09] -- huntxu JOIN #gzlug
[09:48:08] -- citypw QUIT
[09:53:06] -- citypw JOIN #gzlug
[10:03:11] -- rivershang JOIN #gzlug
[10:10:15] -- kitech JOIN #gzlug
[11:29:42] -- citypw QUIT
[11:41:54] -- citypw JOIN #gzlug
[11:53:44] -- citypw QUIT
[11:54:08] -- citypw JOIN #gzlug
[12:03:03] -- citypw QUIT
[13:06:11] -- huntxu QUIT
[13:37:30] -- kitech QUIT
[13:38:05] -- kitech JOIN #gzlug
[15:05:19] -- SteamedFish JOIN #gzlug
[15:32:24] -- LastAvengers JOIN #gzlug
[16:14:01] -- LastAvengers QUIT
[16:17:28] -- LastAvengers JOIN #gzlug
[17:32:16] -- rivershang PART #gzlug
[18:52:15] -- citypw JOIN #gzlug
[19:23:29] -- LastAvengers QUIT
[19:46:03] -- jenenliu13 QUIT
[19:46:04] -- jenenliu14 JOIN #gzlug
[20:40:44] -- LastAvengers JOIN #gzlug
[21:06:31] -- kitech QUIT
[21:50:21] -- kitech JOIN #gzlug
[22:18:01] -- kitech QUIT
[22:21:32] -- kitech JOIN #gzlug
[23:37:10] -- LastAvengers QUIT
[23:49:33] -- citypw QUIT
[23:52:03] -- citypw JOIN #gzlug
