[00:29:42] -- LastAvengers QUIT
[00:59:24] -- kitech1 QUIT
[09:39:16] -- huntxu JOIN #gzlug
[10:19:38] -- LastAvengers JOIN #gzlug
[10:49:27] -- kitech1 JOIN #gzlug
[10:54:39] -- citypw JOIN #gzlug
[11:22:17] -- citypw_ JOIN #gzlug
[11:22:24] -- citypw_ QUIT
[11:22:30] -- citypw QUIT
[11:23:54] -- citypw JOIN #gzlug
[11:53:02] -- LastAvengers QUIT
[15:28:02] -- citypw QUIT
[15:42:26] -- citypw JOIN #gzlug
[15:52:39] -- kitech1 QUIT
[16:05:56] -- citypw QUIT
[16:13:36] -- kitech1 JOIN #gzlug
[16:33:36] -- kitech1 QUIT
[16:33:37] -- kitech2 JOIN #gzlug
[16:46:16] -- kitech2 QUIT
[17:27:16] -- kitech1 JOIN #gzlug
[19:00:55] -- LastAvengers JOIN #gzlug
[19:02:20] -- huntxu QUIT
[19:50:36] -- kitech1 QUIT
[20:36:09] -- LastAvengers QUIT
[20:36:26] -- LastAvengers JOIN #gzlug
[20:38:19] -- kitech1 JOIN #gzlug
[22:01:40] LastAvengers: .tell
[22:01:41] labots: LastAvengers: Usage: .tell <nick> <msg>
[23:46:52] -- LastAvengers QUIT
[23:47:14] -- LastAvengers JOIN #gzlug
