[00:14:10] -- kitech QUIT
[00:14:38] -- kitech JOIN #gzlug
[00:56:35] -- kitech QUIT
[01:24:34] -- \la QUIT
[01:24:54] -- \la JOIN #gzlug
[03:23:42] -- \la QUIT
[06:39:24] -- citypw JOIN #gzlug
[08:14:48] -- kitech JOIN #gzlug
[08:52:04] -- kitech QUIT
[09:23:42] -- rivershang JOIN #gzlug
[09:32:37] -- huntxu JOIN #gzlug
[09:34:47] -- SteamedFish JOIN #gzlug
[09:45:59] -- pingbo JOIN #gzlug
[09:50:46] -- kitech JOIN #gzlug
[09:51:02] -- lastavengers JOIN #gzlug
[09:51:58] -- kitech QUIT
[09:53:01] -- kitech JOIN #gzlug
[10:24:24] -- SteamedFish QUIT
[10:48:16] -- SteamedFish JOIN #gzlug
[10:56:32] -- pingbo QUIT
[11:07:57] -- pingbo JOIN #gzlug
[11:09:43] -- SteamedFish QUIT
[11:19:50] -- pingbo QUIT
[11:26:39] -- pingbo JOIN #gzlug
[11:28:27] -- SteamedFish JOIN #gzlug
[11:32:24] -- pingbo QUIT
[11:35:10] -- pingbo JOIN #gzlug
[11:37:04] -- \la QUIT
[11:37:28] -- lastavengers JOIN #gzlug
[11:39:35] -- pingbo QUIT
[11:50:25] -- pingbo JOIN #gzlug
[12:02:04] -- lastavengers QUIT
[12:08:52] -- pingbo QUIT
[12:11:28] -- rivershang QUIT
[12:19:00] -- pingbo JOIN #gzlug
[12:23:51] -- pingbo QUIT
[12:26:09] -- rivershang JOIN #gzlug
[12:30:40] -- lastavengers JOIN #gzlug
[12:32:56] -- SteamedFish QUIT
[12:35:21] -- SteamedFish JOIN #gzlug
[12:38:16] -- lastavengers QUIT
[12:45:41] teleboto: [BashHoratio] 这里也发一下
[12:45:42] teleboto: [BashHoratio] http://www.oschina.net/news/76432/linux-25-years  <fwd BashHoratio>
[12:55:50] -- lastavengers JOIN #gzlug
[13:12:41] -- pingbo JOIN #gzlug
[13:17:17] -- pingbo QUIT
[13:23:34] -- SteamedFish QUIT
[13:27:21] -- SteamedFish JOIN #gzlug
[13:40:06] -- pingbo JOIN #gzlug
[13:44:03] -- pingbo QUIT
[13:49:19] -- SteamedFish QUIT
[13:55:32] -- SteamedFish JOIN #gzlug
[14:24:57] -- SteamedFish QUIT
[14:26:12] -- SteamedFish JOIN #gzlug
[14:33:57] -- pingbo JOIN #gzlug
[14:38:24] -- pingbo QUIT
[14:39:04] -- SteamedFish QUIT
[14:42:04] -- SteamedFish JOIN #gzlug
[14:42:59] -- lastavengers QUIT
[14:58:45] -- SteamedFish QUIT
[15:01:48] -- pingbo JOIN #gzlug
[15:02:35] -- lastavengers JOIN #gzlug
[15:04:52] -- SteamedFish JOIN #gzlug
[15:06:26] -- pingbo QUIT
[15:31:06] -- SteamedFish QUIT
[15:36:47] -- SteamedFish JOIN #gzlug
[16:05:19] -- SteamedFish QUIT
[16:11:44] -- SteamedFish JOIN #gzlug
[16:22:07] -- lastavengers QUIT
[16:49:46] -- pingbo JOIN #gzlug
[16:54:24] -- pingbo QUIT
[16:58:49] -- jactry JOIN #gzlug
[17:02:34] -- jactry_ QUIT
[17:10:04] rivershang: 看了下，25年前的今天Linus是GMT时间晚上八点多发的消息，在我们这儿要明天凌晨才到点儿:P
[17:30:09] -- \la JOIN #gzlug
[17:33:46] -- rivershang PART #gzlug
[18:25:10] -- kitech QUIT
[19:05:02] -- pingbo JOIN #gzlug
[19:09:27] -- pingbo QUIT
[19:29:27] -- huntxu QUIT
[19:55:22] -- citypw QUIT
[19:56:27] -- lastavengers JOIN #gzlug
[19:59:41] -- pingbo JOIN #gzlug
[20:03:51] -- pingbo QUIT
[20:47:16] -- jactry QUIT
[20:52:11] -- kitech JOIN #gzlug
[23:03:14] -- SteamedFish QUIT
[23:46:01] -- kitech QUIT
[23:46:28] -- kitech JOIN #gzlug
[23:49:39] -- teleboto QUIT
[23:49:49] -- teleboto JOIN #gzlug
[23:50:23] -- teleboto QUIT
[23:50:31] -- teleboto JOIN #gzlug
[23:51:42] -- teleboto QUIT
[23:51:50] -- teleboto JOIN #gzlug
[23:51:53] -- teleboto QUIT
[23:52:01] -- teleboto JOIN #gzlug
[23:52:02] -- teleboto QUIT
[23:52:11] -- teleboto JOIN #gzlug
[23:52:22] -- teleboto QUIT
[23:52:30] -- teleboto JOIN #gzlug
[23:53:55] -- teleboto QUIT
[23:54:03] -- teleboto JOIN #gzlug
[23:54:21] -- teleboto QUIT
[23:54:29] -- teleboto JOIN #gzlug
[23:56:43] -- teleboto QUIT
[23:56:52] -- teleboto JOIN #gzlug
[23:59:53] -- \la__ QUIT
