[00:03:17] -- LastAvengers PART #gzlug
[00:27:50] -- jactry JOIN #gzlug
[00:29:52] -- jactry_ JOIN #gzlug
[00:32:51] -- jactry JOIN #gzlug
[00:52:54] -- huawei JOIN #gzlug
[08:32:50] tg2gzlug: [Bash Horatio] 是的
[10:49:20] -- jactry JOIN #gzlug
[10:55:35] -- LastAvengers JOIN #gzlug
[11:25:17] -- LastAvengers JOIN #gzlug
[12:01:33] -- coldcicada PART #gzlug
[12:48:08] tg2gzlug: [还魂僵尸] 仔细看了看支付宝的集福，原来意思是：中国人最缺少敬业？
[12:49:33] tg2gzlug: [还魂僵尸] 😂
[12:52:37] tg2gzlug: [Bash Horatio] 也不见的资本家很懂敬业和社会责任
[13:05:59] tg2gzlug: [知了2.1 kolibri] 待遇，福利，什么的不给力，我才不会敬业。
[13:07:08] tg2gzlug: [知了2.1 kolibri] 日本人应该是最敬业了。
[13:09:01] tg2gzlug: [知了2.1 kolibri] 今天主管开会，还说什么我们员工要怀着一颗感恩的心，感谢老板给我们提供一个平台，一个机会。得了吧，福利那么差，还感恩。
[13:09:09] tg2gzlug: [知了2.1 kolibri] 听着就恶心。
[13:09:31] tg2gzlug: [Bash Horatio] 开启愤青模式，吐槽一下，哈哈
[13:10:42] tg2gzlug: [知了2.1 kolibri] 这是叫我们给老板下跪感恩的节奏。。呵呵呵
[13:11:36] tg2gzlug: [知了2.1 kolibri] 传统行业公司就会这些垃圾招数来压榨员工
[13:13:58] tg2gzlug: [Bill Chen zcchen] 知了2.1 kolibri: +1
[13:14:17] tg2gzlug: [还魂僵尸] 全方位，不光传统行业吧？
[13:14:30] tg2gzlug: [还魂僵尸] 新兴行业靠画鉼？
[13:14:47] tg2gzlug: [知了2.1 kolibri] 传统行业公司手段更低端。
[13:15:01] tg2gzlug: [知了2.1 kolibri] 互联网行业公司手段高端点。
[13:15:48] LastAvengers: 把老板炒了。
[13:15:49] tg2gzlug: [知了2.1 kolibri] 很多传统行业公司，现在都活得不好。想要赚钱，只有压榨员工。
[13:16:29] tg2gzlug: [Bill Chen zcchen] 传统行业靠鼓吹道德压榨。
[13:16:30] tg2gzlug: [Bill Chen zcchen] 互联网企业靠画饼？
[13:16:55] tg2gzlug: [知了2.1 kolibri] 嗯，差不多这样子
[13:25:05] tg2gzlug: [Bash Horatio] 还魂僵尸: 什么意思？
[13:25:18] tg2gzlug: [Bash Horatio] 好黑暗的社会
[13:35:06] tg2gzlug: [还魂僵尸] Bash Horatio: 就是说你跟着我好好干，总很快就能迎娶白富美，走上人生巅峰了
[13:35:59] tg2gzlug: [Bash Horatio] 0.0
[13:36:31] tg2gzlug: [Bash Horatio] 童话故事看多了……
[15:08:27] -- LastAvengers PART #gzlug
[15:17:58] huawei: \help
[15:19:42] tg2gzlug: [知了2.1 kolibri] 应该是 /help 吧
[16:10:40] -- tg2gzlug JOIN #gzlug
[16:36:56] -- jactry JOIN #gzlug
[17:47:38] -- LastAvengers JOIN #gzlug
[18:15:57] tg2gzlug: User "十六夜 咲夜" changed nick to "farseerfc"
[21:41:07] -- LastAvengers JOIN #gzlug
