[00:25:46] -- citypw QUIT
[01:21:45] -- citypw JOIN #gzlug
[07:43:49] -- citypw QUIT
[07:43:52] -- varia QUIT
[07:43:53] -- farseerfc QUIT
[07:43:54] -- jactry QUIT
[07:43:54] -- teleboto QUIT
[07:43:58] -- gauge QUIT
[07:43:58] -- eve_ouyang QUIT
[07:43:58] -- huawei QUIT
[07:43:58] -- felixonmars QUIT
[07:44:01] -- erhandsome QUIT
[07:44:03] -- labots QUIT
[07:44:39] -- citypw JOIN #gzlug
[07:44:39] -- farseerfc JOIN #gzlug
[08:13:09] -- jactry QUIT
[08:20:00] -- jactry JOIN #gzlug
[08:47:01] -- rivershang JOIN #gzlug
[09:20:05] -- huntxu JOIN #gzlug
[09:30:44] -- jactry_ JOIN #gzlug
[09:31:15] -- jactry_ QUIT
[09:31:25] -- jactry QUIT
[09:55:43] -- jactry JOIN #gzlug
[09:57:17] -- jactry QUIT
[09:58:34] -- jactry JOIN #gzlug
[10:04:16] -- jactry QUIT
[10:04:38] -- jactry JOIN #gzlug
[10:26:09] -- LastAvengers JOIN #gzlug
[10:28:06] -- citypw QUIT
[10:52:50] -- kaipeng JOIN #gzlug
[11:00:01] -- kaipeng QUIT
[11:00:21] -- kaipeng JOIN #gzlug
[11:18:10] -- kaipeng QUIT
[11:37:33] -- citypw JOIN #gzlug
[11:51:56] -- citypw QUIT
[12:06:19] -- LastAvengers QUIT
[12:34:46] -- citypw JOIN #gzlug
[12:52:57] -- LastAvengers JOIN #gzlug
[13:20:23] -- citypw QUIT
[13:33:32] -- citypw JOIN #gzlug
[13:35:56] -- LastAvengers QUIT
[13:38:10] -- LastAvengers JOIN #gzlug
[14:43:25] -- LastAvengers QUIT
[14:53:49] -- citypw QUIT
[15:49:11] -- LastAvengers JOIN #gzlug
[16:07:50] -- jactry QUIT
[16:57:15] -- rivershang QUIT
[17:12:32] -- rivershang JOIN #gzlug
[17:32:28] -- rivershang PART #gzlug
[17:49:02] -- huntxu QUIT
[18:02:04] -- citypw JOIN #gzlug
[18:02:37] -- citypw QUIT
[18:04:49] -- citypw JOIN #gzlug
[18:24:01] -- citypw QUIT
[18:26:40] -- citypw JOIN #gzlug
[18:30:09] -- citypw QUIT
[18:30:24] -- citypw JOIN #gzlug
[18:49:45] -- LastAvengers QUIT
[18:54:30] -- citypw QUIT
[20:15:28] -- LastAvengers JOIN #gzlug
[21:56:04] -- citypw JOIN #gzlug
[22:35:31] -- citypw QUIT
[22:48:13] -- citypw JOIN #gzlug
