[00:04:32] -- LastAvengers_ JOIN #gzlug
[00:47:05] -- huawei JOIN #gzlug
[01:32:05] tg2gzlug: [dant ɟuɯ] WP 版似乎不走 VPN（
[01:40:13] Shirasaka-Hazumi: 那就iptables搞掂
[01:43:36] tg2gzlug: [dant ɟuɯ] WP 哪来的 iptables（
[01:43:50] Shirasaka-Hazumi: 路由上面搞
[01:47:24] Shirasaka-Hazumi: tesy
[12:06:04] tg2gzlug: [LastAvengers] Shirasaka-Hazumi: 于是我要随身带个路由……
[12:14:24] tg2gzlug: [Ammonite] TP那个带电池的，能干OpenWRT。貌似不错，如果你不坚持要AC的话
[13:01:47] tg2gzlug: [Bash Horatio] 安卓上都有lantern，翻墙无压力……wp感觉要要消亡
[13:19:35] -- LastAvengers JOIN #gzlug
[20:55:00] -- LastAvengers JOIN #gzlug
[21:03:54] -- LastAvengers JOIN #gzlug
[21:21:26] -- LastAvengers JOIN #gzlug
[21:29:29] -- LastAvengers JOIN #gzlug
[22:35:01] -- LastAvengers JOIN #gzlug
[23:41:28] -- jactry JOIN #gzlug
[23:46:55] jactry: LastAvengers, hi, chanserv 是怎么搭建的？
[23:47:03] jactry: 是 freenode 自己的服务吗
[23:50:55] tg2gzlug: [farseerfc] chanserv 是 freenode 搞的吧
[23:51:20] -- LastAvengers JOIN #gzlug
[23:55:40] tg2gzlug: [LastAvengers] jactry: 是 freenode 的频道管理机器人啊。
[23:55:51] jactry: 嗯 明白了，多谢
[23:55:55] tg2gzlug: [LastAvengers] 家里网络好糟糕…… IRC 已经阵亡了。
