[09:52:58] -- gzluglog JOIN #gzlug
[09:53:28] -- labots QUIT
[10:02:17] -- labots JOIN #gzlug
[10:32:30] -- LastAvengers JOIN #gzlug
[12:41:24] -- kitech JOIN #gzlug
[13:18:10] -- labots QUIT
[13:18:16] -- labots JOIN #gzlug
[13:39:52] -- teleboto QUIT
[13:40:02] -- teleboto JOIN #gzlug
[13:40:28] -- teleboto QUIT
[13:40:38] -- teleboto JOIN #gzlug
[13:43:29] -- teleboto QUIT
[13:43:39] -- teleboto JOIN #gzlug
[13:54:49] -- LastAvengers QUIT
[13:56:41] -- LastAvengers JOIN #gzlug
[13:59:10] -- labots QUIT
[13:59:16] -- labots JOIN #gzlug
[14:17:10] -- labots QUIT
[14:17:16] -- labots JOIN #gzlug
[14:23:03] -- teleboto QUIT
[14:23:13] -- teleboto JOIN #gzlug
[14:23:15] -- teleboto QUIT
[14:23:25] -- teleboto JOIN #gzlug
[14:23:26] -- teleboto QUIT
[14:23:36] -- teleboto JOIN #gzlug
[14:23:43] -- teleboto QUIT
[14:23:52] -- teleboto JOIN #gzlug
[14:23:55] -- teleboto QUIT
[14:24:05] -- teleboto JOIN #gzlug
[14:24:05] -- jactry_ QUIT
[14:24:07] -- teleboto QUIT
[14:24:17] -- teleboto JOIN #gzlug
[14:24:19] -- teleboto QUIT
[14:24:29] -- teleboto JOIN #gzlug
[14:48:36] -- rivershang QUIT
[14:52:49] -- teleboto QUIT
[14:52:58] -- teleboto JOIN #gzlug
[15:03:54] -- rivershang JOIN #gzlug
[15:27:01] -- LastAvengers QUIT
[15:45:55] -- citypw JOIN #gzlug
[16:30:49] -- citypw QUIT
[17:12:01] -- LastAvengers JOIN #gzlug
[17:29:42] -- rivershang PART #gzlug
[18:50:48] -- huntxu QUIT
[20:57:46] -- LastAvengers QUIT
[21:39:31] -- LastAvengers JOIN #gzlug
[22:35:39] -- citypw JOIN #gzlug
[23:09:20] -- citypw QUIT
