[02:08:41] -- felixonmars JOIN #gzlug
[05:44:58] -- teleboto JOIN #gzlug
[08:18:01] -- rivershang JOIN #gzlug
[08:18:14] rivershang: whois rivershang
[08:19:40] rivershang: æ•²é”™äº†âŠ™ï¹âŠ™bæ±—
[09:34:49] -- SteamedFish JOIN #gzlug
[10:00:46] -- huntxu JOIN #gzlug
[10:01:28] -- hunt_O JOIN #gzlug
[10:06:05] -- jactry JOIN #gzlug
[10:37:27] -- jenenliu JOIN #gzlug
[12:26:37] -- citypw JOIN #gzlug
[12:59:34] -- jactry_ JOIN #gzlug
[13:57:13] -- citypw JOIN #gzlug
[13:59:00] -- LastAvengers JOIN #gzlug
[14:30:32] -- citypw JOIN #gzlug
[16:18:29] -- jenenliu` JOIN #gzlug
[17:16:45] -- LastAvengers JOIN #gzlug
[17:17:02] -- LastAvengers JOIN #gzlug
[17:17:18] -- LastAvengers JOIN #gzlug
[17:43:30] -- rivershang PART #gzlug
[18:28:36] -- SteamedFish JOIN #gzlug
[18:55:14] teleboto: [cicada] å¯ä»¥ç¼–è¾‘æ¶ˆæ¯çš„ã€‚
[18:55:26] teleboto: [cicada] å“¦ã€‚ã€‚ä¸æ˜¯åœ¨telegramã€‚ã€‚
[19:01:12] -- jactry JOIN #gzlug
[19:14:36] -- SteamedFish JOIN #gzlug
[19:31:26] -- SteamedFish JOIN #gzlug
[19:50:27] -- Shirasaka-Hazumi JOIN #gzlug
[20:22:21] -- jactry JOIN #gzlug
[20:41:16] -- jactry JOIN #gzlug
[20:52:15] -- jactry JOIN #gzlug
