[01:21:20] -- farseerfc JOIN #gzlug
[03:34:23] -- Shirasaka-Hazumi JOIN #gzlug
[10:25:12] tg2gzlug: [Robin Lee] 我好像也有份
[10:33:40] tg2gzlug: [知了2.2 nopea] 终于不下雨了。
[11:03:50] tg2gzlug: [Bash Horatio] Robin Lee: 优盘都在jactry那儿？
[11:21:43] -- jactry JOIN #gzlug
[11:31:04] -- jactry JOIN #gzlug
[12:10:24] tg2gzlug: [Jactry Zeng] 在我这
[12:18:56] tg2gzlug: [还魂僵尸] Sticker: https://img.vim-cn.com/1e/c8f3412cf5f6cad7b33eb4a964f5dfaac0ed43.webp
[12:18:57] tg2gzlug: [还魂僵尸] 我也有份的
[12:29:37] -- Shirasaka-Hazumi JOIN #gzlug
[12:31:05] -- SteamedFish JOIN #gzlug
[12:49:55] tg2gzlug: [Bash Horatio] 也只能让la帮忙去拿了
[13:41:55] -- citypw JOIN #gzlug
[14:44:13] -- citypw JOIN #gzlug
[15:14:59] -- LastAvengers_ JOIN #gzlug
[17:53:03] -- SteamedFish JOIN #gzlug
[21:12:16] -- hportsnap_els9 JOIN #gzlug
[21:24:08] -- hportsnap_els9 JOIN #gzlug
[21:33:38] hportsnap_els9: gmail邮箱要翻 墙吗？
[21:38:14] tg2gzlug: [知了2.2 nopea] 要的
[21:41:37] hportsnap_els9: 有免费的vpn没?
[21:43:38] tg2gzlug: [知了2.2 nopea] 买个shadowsocks账号，或者买个vps，搭建shadowsocks吧。
[21:47:34] hportsnap_els9: linux网银搞不定
[21:48:00] tg2gzlug: [知了2.2 nopea] 网银搞不定，就换windows。。
[21:48:50] tg2gzlug: [知了2.2 nopea] 或者虚拟机里用windows。。
[21:48:57] hportsnap_els9: 七八年没用过windows.
[21:49:01] tg2gzlug: [还魂僵尸] gmail现在用客户端还是不一定要翻吧？
[21:49:38] tg2gzlug: [知了2.2 nopea] 反正我google全家桶都是挂代理了。。
[21:49:58] tg2gzlug: [还魂僵尸] 网银现在像招行这样的手机可以搞定了。
[21:50:30] tg2gzlug: [知了2.2 nopea] 兴业银行，网银可以用chrome。。
[21:51:01] tg2gzlug: [还魂僵尸] 知了2.2 nopea: 工行有chrome插件，但是还是Windows only好像……
[21:51:16] hportsnap_els9: linux有gmail客户端吗
[21:51:35] tg2gzlug: [知了2.2 nopea] 用thunderbird
[21:51:36] tg2gzlug: [还魂僵尸] ThunderBird
[21:51:51] tg2gzlug: [知了2.2 nopea] win下我用outlook
[21:53:38] hportsnap_els9: 我用的是debian gnome3   evolution客户端行不？
[21:53:54] tg2gzlug: [还魂僵尸] 应该也没问题吧
[21:54:26] tg2gzlug: [知了2.2 nopea] 只要软件能设置代理就好办
[21:54:49] hportsnap_els9: 我一直用163的邮箱。
[21:58:59] tg2gzlug: [还魂僵尸] shadowsocks-libev不是有ss-redir？
[22:00:51] tg2gzlug: [Jactry Zeng] 建行 中行都是无插件的
[22:01:46] tg2gzlug: [还魂僵尸] Linux可用？
[22:03:00] hportsnap_els9: 用支付宝都是去美佳宜充值的。
[22:03:12] tg2gzlug: [Jactry Zeng] 可以
[22:05:00] hportsnap_els9: 两年前我还在番禺，现在在广西。
[22:06:38] tg2gzlug: [Jactry Zeng] Jactry Zeng: 前提是不要申请优盾，建行无插件额度五千和手机客服端一样。
[22:13:27] hportsnap_els9: 我的网络不稳定，蹭别人的wifi.经常掉线。
[22:24:51] -- jactry JOIN #gzlug
