[00:08:12] -- \la QUIT
[01:08:10] -- kitech QUIT
[08:38:13] -- jactry QUIT
[09:00:22] -- rivershang JOIN #gzlug
[09:39:58] teleboto: [Robin Lee] 似乎 vim 出了 8.0
[09:42:28] teleboto: [a_xionl] https://dn-fishroom.qbox.me/img/65c2.jpeg (photo)  <fwd JeffBai>
[09:44:29] -- jactry JOIN #gzlug
[09:46:35] rivershang: 已经出了=-O 我看看
[09:49:47] -- jactry QUIT
[09:54:32] rivershang: 13小时前发布了:)
[09:55:12] -- kitech JOIN #gzlug
[09:55:12] teleboto: [imlonghao] 有啥新特性
[10:01:09] -- \la JOIN #gzlug
[10:27:14] -- jactry JOIN #gzlug
[10:28:04] teleboto: [rivershang] https://dn-fishroom.qbox.me/img/65c4.png (photo)
[10:29:39] -- jactry QUIT
[11:41:58] -- citypw JOIN #gzlug
[13:55:11] -- \la QUIT
[14:03:55] -- \la JOIN #gzlug
[14:08:15] -- teleboto QUIT
[14:08:33] -- teleboto JOIN #gzlug
[16:21:22] -- \la_ JOIN #gzlug
[16:22:14] -- \la QUIT
[17:01:34] -- \la QUIT
[17:32:46] -- rivershang PART #gzlug
[17:43:16] -- \la JOIN #gzlug
[18:50:46] -- citypw QUIT
[19:48:48] -- kitech QUIT
[19:49:22] -- kitech JOIN #gzlug
[19:49:42] -- kitech QUIT
[19:50:45] -- kitech JOIN #gzlug
[19:50:48] -- kitech QUIT
[19:54:42] -- citypw JOIN #gzlug
[20:50:43] -- kitech JOIN #gzlug
[21:00:53] -- \la QUIT
[21:11:26] -- jactry JOIN #gzlug
[21:59:01] -- \la JOIN #gzlug
[22:19:12] -- SteamedFish JOIN #gzlug
[22:58:25] -- SteamedFish QUIT
[23:34:34] -- citypw QUIT
[23:39:24] -- citypw JOIN #gzlug
