[00:39:32] -- LastAvengers QUIT
[00:39:51] -- LastAvengers JOIN #gzlug
[00:41:36] -- felixonmars QUIT
[00:46:01] -- felixonmars JOIN #gzlug
[01:21:25] -- labots PART #gzlug
[01:21:40] -- labots JOIN #gzlug
[01:43:45] -- LastAvengers QUIT
[03:24:57] -- farseerfc QUIT
[03:25:10] -- farseerfc JOIN #gzlug
[03:28:15] -- farseerfc QUIT
[03:28:28] -- farseerfc JOIN #gzlug
[13:02:13] -- zjed JOIN #gzlug
[14:13:17] teleboto: 7[liangsuilong] https://dn-fishroom.qbox.me/img/7869.jpeg (photo)
[14:20:41] -- zjed QUIT
[14:33:58] -- LastAvengers JOIN #gzlug
[18:24:41] -- LastAvengers QUIT
[18:52:41] -- LastAvengers JOIN #gzlug
[18:59:11] -- LastAvengers QUIT
[19:00:09] -- LastAvengers JOIN #gzlug
[20:38:23] -- LastAvengers QUIT
[21:21:48] -- LastAvengers JOIN #gzlug
[21:37:55] -- LastAvengers QUIT
[22:19:07] -- LastAvengers JOIN #gzlug
