[00:04:43] -- kin3z JOIN #gzlug
[00:07:58] -- LastAvengers QUIT
[00:12:52] -- kin3z QUIT
[00:15:57] -- teleboto_ QUIT
[00:16:05] -- teleboto JOIN #gzlug
[08:39:42] -- rivershang JOIN #gzlug
[08:45:22] -- LastAvengers JOIN #gzlug
[09:09:21] -- jenenliu JOIN #gzlug
[09:27:27] -- SteamedFish JOIN #gzlug
[09:49:21] -- huntxu JOIN #gzlug
[09:49:45] -- jenenliu2 JOIN #gzlug
[09:50:06] -- jenenliu QUIT
[10:03:42] -- pingbo JOIN #gzlug
[10:05:36] -- jenenliu JOIN #gzlug
[10:06:05] -- jenenliu2 QUIT
[10:09:19] -- pingbo QUIT
[10:21:34] -- pingbo JOIN #gzlug
[10:31:37] -- pingbo QUIT
[10:53:38] -- rivershang QUIT
[10:57:37] -- rivershang JOIN #gzlug
[11:08:07] -- Shirasaka-Hazumi QUIT
[11:11:13] -- Shirasaka-Hazumi JOIN #gzlug
[11:20:14] -- citypw JOIN #gzlug
[11:50:56] -- jactry QUIT
[12:58:02] -- jactry JOIN #gzlug
[13:34:35] -- jactry_ JOIN #gzlug
[13:37:16] -- jactry QUIT
[13:59:06] -- jenenliu QUIT
[14:01:22] -- jenenliu JOIN #gzlug
[15:51:00] -- citypw QUIT
[17:07:11] -- jenenliu QUIT
[17:08:05] -- jenenliu JOIN #gzlug
[17:53:13] -- rivershang QUIT
[19:03:22] -- huntxu QUIT
[19:03:54] -- LastAvengers PART #gzlug
[20:03:44] -- SteamedFish QUIT
[21:13:15] -- farseerfc QUIT
[21:13:36] -- farseerfc JOIN #gzlug
[21:27:04] -- SteamedFish JOIN #gzlug
[21:33:01] -- SteamedFish QUIT
[22:02:07] -- LastAvengers JOIN #gzlug
