[18:39:39] -- gzluglog JOIN #gzlug
[18:40:52] -- rivershang PART #gzlug
[21:16:20] -- SteamedFish JOIN #gzlug
[21:28:15] -- SteamedFish QUIT
[21:28:27] -- SteamedFish JOIN #gzlug
[21:43:50] -- teleboto QUIT
[21:43:58] -- teleboto JOIN #gzlug
[22:17:39] -- SteamedFish QUIT
[22:17:57] -- SteamedFish JOIN #gzlug
[23:12:33] -- SteamedFish QUIT
[23:16:46] -- farseerfc QUIT
[23:18:12] teleboto: cuicui cui joined chat
[23:18:23] -- farseerfc JOIN #gzlug
[23:44:00] -- SteamedFish JOIN #gzlug
[23:46:44] -- labots_ PART #gzlug
[23:46:53] -- labots JOIN #gzlug
[23:48:59] -- LastAvengers PART #gzlug
[23:49:08] -- LastAvengers JOIN #gzlug
[23:49:26] -- LastAvengers_ QUIT
[23:50:33] -- SteamedFish QUIT
