[00:06:17] -- LastAvengers QUIT
[00:22:16] teleboto: 7[liangsuilong] Project Darling Is Still Trying To Run macOS/OSX Software On Linux - Phoronix
[00:22:17] teleboto: 7[liangsuilong] http://www.phoronix.com/scan.php?page=news_item&px=Darling-2016-Still-Going
[00:29:06] -- LastAvengers JOIN #gzlug
[01:04:03] -- LastAvengers QUIT
[09:33:23] -- rivershang JOIN #gzlug
[10:08:47] -- huntxu JOIN #gzlug
[10:19:00] -- rivershang1 JOIN #gzlug
[10:19:57] -- rivershang QUIT
[10:21:31] -- rivershang1 QUIT
[10:21:58] -- rivershang JOIN #gzlug
[11:07:15] -- LastAvengers JOIN #gzlug
[12:06:08] -- huawei QUIT
[12:07:23] -- huawei JOIN #gzlug
[13:10:00] -- LastAvengers QUIT
[13:37:53] -- LastAvengers JOIN #gzlug
[14:20:39] -- huntxu QUIT
[14:42:46] -- huntxu JOIN #gzlug
[16:30:29] -- labots QUIT
[16:30:36] -- labots JOIN #gzlug
[17:29:43] -- rivershang PART #gzlug
[18:59:16] -- huntxu QUIT
[20:03:27] -- jactry JOIN #gzlug
[20:08:05] -- LastAvengers QUIT
[20:48:00] -- LastAvengers JOIN #gzlug
[20:54:08] -- LastAvengers QUIT
